
Showing logs for build [32mseldonio-seldon-core-pr-1086-in-k94wd-102[0m stage [32mend-to-end[0m and container [32mstep-credential-initializer-6wf8g[0m
{"level":"warn","ts":1573652451.1911695,"logger":"fallback-logger","caller":"logging/config.go:69","msg":"Fetch GitHub commit ID from kodata failed: \"ref: refs/heads/master\" is not a valid GitHub commit ID"}
{"level":"info","ts":1573652451.1916585,"logger":"fallback-logger","caller":"creds-init/main.go:40","msg":"Credentials initialized."}

Showing logs for build [32mseldonio-seldon-core-pr-1086-in-k94wd-102[0m stage [32mend-to-end[0m and container [32mstep-working-dir-initializer-n5w94[0m
{"level":"warn","ts":1573652452.1253123,"logger":"fallback-logger","caller":"logging/config.go:69","msg":"Fetch GitHub commit ID from kodata failed: open /var/run/ko/HEAD: no such file or directory"}
{"level":"info","ts":1573652452.1290896,"logger":"fallback-logger","caller":"bash/main.go:65","msg":"Successfully executed command \"mkdir -p /workspace/source\""}

Showing logs for build [32mseldonio-seldon-core-pr-1086-in-k94wd-102[0m stage [32mend-to-end[0m and container [32mstep-place-tools[0m

Showing logs for build [32mseldonio-seldon-core-pr-1086-in-k94wd-102[0m stage [32mend-to-end[0m and container [32mstep-git-source-seldonio-seldon-core-pr-1086-in-w8zv9[0m
{"level":"warn","ts":1573652461.3911042,"logger":"fallback-logger","caller":"logging/config.go:69","msg":"Fetch GitHub commit ID from kodata failed: \"ref: refs/heads/master\" is not a valid GitHub commit ID"}
{"level":"info","ts":1573652464.516499,"logger":"fallback-logger","caller":"git/git.go:102","msg":"Successfully cloned https://github.com/SeldonIO/seldon-core.git @ master in path /workspace/source"}

Showing logs for build [32mseldonio-seldon-core-pr-1086-in-k94wd-102[0m stage [32mend-to-end[0m and container [32mstep-git-merge[0m
Using SHAs from PULL_REFS=master:1c51f8ed9f8ff5f36c29c70a85520e20a1f53889,1086:7f50210bd8e43d6d94f5bd11021cbd25380fd778
DEBUG: ran git fetch --unshallow origin 7f50210bd8e43d6d94f5bd11021cbd25380fd778: 1c51f8ed9f8ff5f36c29c70a85520e20a1f53889: in 
DEBUG: ran git checkout master in 
DEBUG: ran git reset --hard 1c51f8ed9f8ff5f36c29c70a85520e20a1f53889 in 
DEBUG: ran clean --force -d . in 
DEBUG: ran git merge 7f50210bd8e43d6d94f5bd11021cbd25380fd778 in 
Merged SHA 32ee61c650f39df35ac0e9eda106eb424e8cf327 with commit message 'Merge commit '7f50210bd8e43d6d94f5bd11021cbd25380fd778'' into base branch master
Merged SHA 7f50210bd8e43d6d94f5bd11021cbd25380fd778 with commit message 'Added lower attempts and lower cores' into base branch master
Merged SHA 1abde693819497676d39bc222a6c0abb9422711f with commit message 'Updated prepackaged model' into base branch master
Merged SHA 6f85ebd7fb717f7e5d463aad370de39b4c210d1a with commit message 'Updated pods to pass all tests' into base branch master
Merged SHA b6fe47a9be8df4a558c0dbc239b90b56eda3ee30 with commit message 'Updated pods info' into base branch master
Merged SHA 10a9c8c6bf304fb52890454d36a13917146d6940 with commit message 'Adding explicit run of script on background' into base branch master
Merged SHA f211d0dd81e6ac8762c2f7ca8a68425768cce0f2 with commit message 'Added support for initial requests with data' into base branch master
Merged SHA b44b0382737e4d438be23ed8f8ba445fab656491 with commit message 'Added support for initial requests with data' into base branch master
Merged SHA 125e92544dd8b4d948a3b840a1de0e676afc03a5 with commit message 'Added support for initial requests with data' into base branch master
Merged SHA 1aa5727339156dd3a733f4fbef1693c6e7f750ba with commit message 'Added initial rest request' into base branch master
Merged SHA b7238cb072cb3eb551ffbb9c3de447cd8b3a1674 with commit message 'Updated testing scripts' into base branch master
Merged SHA 8322dfff8020cab956e1c767adcd42702f6ec626 with commit message 'Disabling s2i tests' into base branch master
Merged SHA 1b2cf7c1598a800643027eb3388547e98019b0a9 with commit message 'Disabling CNI' into base branch master
Merged SHA 95f1f68e014ba4c813d3d54b229a3b43a2a5d80f with commit message 'Removing networking' into base branch master
Merged SHA 9b5b9d736486bc2cda82c45043a62b9a9d45195a with commit message 'Added networking config' into base branch master
Merged SHA adf933c22428a3bb3dbd420d3ccfa993dfb78a74 with commit message 'Added networking config' into base branch master
Merged SHA 73c9077cd0e5131911b4b0d10e67355d7eee2e34 with commit message 'Removed logging from request loops' into base branch master
Merged SHA 65b69609b927e15279d9e4e4a58332603e956f37 with commit message 'Moved prints to logs and added extra guards on namespace creation' into base branch master
Merged SHA 3f56f3bafefefc426f27a3e315224ca6787f7e12 with commit message 'Added less cores' into base branch master
Merged SHA 366741c2d308db9917e747c9c227962bf20e1182 with commit message 'Added requests' into base branch master
Merged SHA 66763501a16ef20b31f80a53e16b44bb53e07c4c with commit message 'Removed concurrent tests' into base branch master
Merged SHA a68f8b50f54adc66fa463f3b2a754335fafbd7a1 with commit message 'Added parallel execution of python tests' into base branch master
Merged SHA cf65e7e061b4487ac42d0884c5b5be688437e23d with commit message 'Merge remote-tracking branch 'upstream/master' into 1032_improve_speed_e2e_tests' into base branch master
Merged SHA 1344da41d73f4fbb594267a68f58073e3865cde2 with commit message 'Merge remote-tracking branch 'upstream/master' into 1032_improve_speed_e2e_tests' into base branch master
Merged SHA 06fabef79519ace1930f8facd436e2aeb100fc69 with commit message 'Updated script to run when files are modified and show modified files' into base branch master
Merged SHA 8c725514e678e8e947a18d2a99a13ef7f5c2335b with commit message 'Added multithreading by default' into base branch master
Merged SHA df0b07df97b53da5d678dae678b02c9944843b3c with commit message 'Removed commented code' into base branch master
Merged SHA 611c19a230b1ddf6082afb5f7e23b92a0ed79274 with commit message 'Updated for linter' into base branch master
Merged SHA 4d071cc378eda3b9d9bbd83ff573882606b85ce0 with commit message 'Updated kind script to only run builds for images that have been updated' into base branch master
Merged SHA 9d9c93754dfc08ab9806f899e0dcb2f4dd7ed617 with commit message 'Re-added make dependencies' into base branch master
Merged SHA 285e0588f7a1529ca44321228a86a5b308e3ce39 with commit message 'Added wait before initial request' into base branch master
Merged SHA 16a3dd6c4071e06c8d6fb6821f65b0a1c5cb3bfa with commit message 'Fixed helm charts' into base branch master
Merged SHA a0bca4342b82f2f4dbf35d863f78eb96bc995784 with commit message 'Added limits to ensure enough memory for kube system' into base branch master
Merged SHA cf6d0550c3a1dc4943fc1db93c703e14a77811ed with commit message 'Changed make to have optional number of workers' into base branch master
Merged SHA 2680d01877efdb49963ca0f4035841f8cb14f71f with commit message 'Updated to support retries on apply' into base branch master
Merged SHA 3231b979ec764565a6a40725cd936df58ebd8be5 with commit message 'Updated to support retries on apply' into base branch master
Merged SHA e90be22afe26e719df061e96f9886cb66fc58235 with commit message 'Updated conftest typo' into base branch master
Merged SHA b06b9cd5aec3afed32a34d3acf6cfbc9ddbec541 with commit message 'Cleaned and fixed namespaces' into base branch master
Merged SHA 945847d81bf3c8e59f1f170b59b9faca1b490a6d with commit message 'Added unique namespace per test' into base branch master
Merged SHA 6337728287bf24a5a49f085946fb47e264edb14d with commit message 'Testing parallel tests' into base branch master

Showing logs for build [32mseldonio-seldon-core-pr-1086-in-k94wd-102[0m stage [32mend-to-end[0m and container [32mstep-test-end-to-end[0m
Starting Docker: docker.
kind create cluster --config kind_config.yaml
Creating cluster "kind" ...
 â€¢ Ensuring node image (kindest/node:v1.15.3) ðŸ–¼  ...
 âœ“ Ensuring node image (kindest/node:v1.15.3) ðŸ–¼
 â€¢ Preparing nodes ðŸ“¦ðŸ“¦  ...
 âœ“ Preparing nodes ðŸ“¦ðŸ“¦
 â€¢ Creating kubeadm config ðŸ“œ  ...
 âœ“ Creating kubeadm config ðŸ“œ
 â€¢ Starting control-plane ðŸ•¹ï¸  ...
 âœ“ Starting control-plane ðŸ•¹ï¸
 â€¢ Installing CNI ðŸ”Œ  ...
 âœ“ Installing CNI ðŸ”Œ
 â€¢ Installing StorageClass ðŸ’¾  ...
 âœ“ Installing StorageClass ðŸ’¾
 â€¢ Joining worker nodes ðŸšœ  ...
 âœ“ Joining worker nodes ðŸšœ
Cluster creation complete. You can now use the cluster with:

export KUBECONFIG="$(kind get kubeconfig-path --name="kind")"
kubectl cluster-info
Files changed in python folder:
SKIPPING PYTHON IMAGE BUILD...
Files changed in operator folder:
SKIPPING OPERATOR IMAGE BUILD...
Files changed in engine folder:
SKIPPING ENGINE IMAGE BUILD...
kubectl -n kube-system create sa tiller
serviceaccount/tiller created
kubectl create clusterrolebinding tiller --clusterrole cluster-***** --serviceaccount=kube-system:tiller
clusterrolebinding.rbac.authorization.k8s.io/tiller created
helm init --service-account tiller
Creating /builder/home/.helm 
Creating /builder/home/.helm/repository 
Creating /builder/home/.helm/repository/cache 
Creating /builder/home/.helm/repository/local 
Creating /builder/home/.helm/plugins 
Creating /builder/home/.helm/starters 
Creating /builder/home/.helm/cache/archive 
Creating /builder/home/.helm/repository/repositories.yaml 
Adding stable repo with URL: https://kubernetes-charts.storage.googleapis.com 
Adding local repo with URL: http://127.0.0.1:8879/charts 
$HELM_HOME has been configured at /builder/home/.helm.

Tiller (the Helm server-side component) has been installed into your Kubernetes Cluster.

Please note: by default, Tiller is deployed with an insecure 'allow unauthenticated users' policy.
To prevent this, run `helm init` with the --tiller-tls-verify flag.
For more information on securing your installation see: https://docs.helm.sh/using_helm/#securing-your-helm-installation
kubectl rollout status deploy/tiller-deploy -n kube-system
Waiting for deployment spec update to be observed...
Waiting for deployment "tiller-deploy" rollout to finish: 0 out of 1 new replicas have been updated...
Waiting for deployment "tiller-deploy" rollout to finish: 0 of 1 updated replicas are available...
deployment "tiller-deploy" successfully rolled out
helm install stable/ambassador -f ambassador_values.yaml --name ambassador --set crds.keep=false --namespace seldon --set replicaCount=1
NAME:   ambassador
LAST DEPLOYED: Wed Nov 13 13:44:06 2019
NAMESPACE: seldon
STATUS: DEPLOYED

RESOURCES:
==> v1/Deployment
NAME        READY  UP-TO-DATE  AVAILABLE  AGE
ambassador  0/1    1           0          0s

==> v1/Pod(related)
NAME                         READY  STATUS             RESTARTS  AGE
ambassador-558bb98fff-s2xhs  0/1    ContainerCreating  0         0s

==> v1/Service
NAME              TYPE       CLUSTER-IP     EXTERNAL-IP  PORT(S)       AGE
ambassador        NodePort   10.98.63.209   <none>       80:30080/TCP  0s
ambassador-*****  ClusterIP  10.99.226.199  <none>       8877/TCP      0s

==> v1/ServiceAccount
NAME        SECRETS  AGE
ambassador  1        0s

==> v1beta1/ClusterRole
NAME             AGE
ambassador       0s
ambassador-crds  0s

==> v1beta1/ClusterRoleBinding
NAME             AGE
ambassador       0s
ambassador-crds  0s


NOTES:
Congratulations! You've successfully installed Ambassador.

For help, visit our Slack at https://d6e.co/slack or view the documentation online at https://www.getambassador.io.

To get the IP address of Ambassador, run the following commands:
  export NODE_PORT=$(kubectl get --namespace seldon -o jsonpath="{.spec.ports[0].nodePort}" services ambassador)
  export NODE_IP=$(kubectl get nodes --namespace seldon -o jsonpath="{.items[0].status.addresses[0].address}")
  echo http://$NODE_IP:$NODE_PORT

kubectl rollout status deployment.apps/ambassador --namespace seldon
Waiting for deployment "ambassador" rollout to finish: 0 of 1 updated replicas are available...
deployment "ambassador" successfully rolled out
cd ../../operator && make install-cert-manager
make[1]: Entering directory '/workspace/source/operator'
kubectl create namespace cert-manager || echo "Namespace cert-manager-exists"
namespace/cert-manager created
kubectl label namespace cert-manager certmanager.k8s.io/disable-validation=true || echo "namespace cert-manager-already labelled"
namespace/cert-manager labeled
kubectl apply --validate=false -f https://github.com/jetstack/cert-manager/releases/download/v0.9.1/cert-manager.yaml
customresourcedefinition.apiextensions.k8s.io/certificates.certmanager.k8s.io created
customresourcedefinition.apiextensions.k8s.io/certificaterequests.certmanager.k8s.io created
customresourcedefinition.apiextensions.k8s.io/challenges.certmanager.k8s.io created
customresourcedefinition.apiextensions.k8s.io/clusterissuers.certmanager.k8s.io created
customresourcedefinition.apiextensions.k8s.io/issuers.certmanager.k8s.io created
customresourcedefinition.apiextensions.k8s.io/orders.certmanager.k8s.io created
Warning: kubectl apply should be used on resource created by either kubectl create --save-config or kubectl apply
namespace/cert-manager configured
serviceaccount/cert-manager-cainjector created
serviceaccount/cert-manager-webhook created
serviceaccount/cert-manager created
clusterrole.rbac.authorization.k8s.io/cert-manager-cainjector created
clusterrolebinding.rbac.authorization.k8s.io/cert-manager-cainjector created
clusterrole.rbac.authorization.k8s.io/cert-manager-leaderelection created
clusterrole.rbac.authorization.k8s.io/cert-manager-controller-issuers created
clusterrole.rbac.authorization.k8s.io/cert-manager-controller-clusterissuers created
clusterrole.rbac.authorization.k8s.io/cert-manager-controller-certificates created
clusterrole.rbac.authorization.k8s.io/cert-manager-controller-orders created
clusterrole.rbac.authorization.k8s.io/cert-manager-controller-challenges created
clusterrole.rbac.authorization.k8s.io/cert-manager-controller-ingress-shim created
clusterrolebinding.rbac.authorization.k8s.io/cert-manager-leaderelection created
clusterrolebinding.rbac.authorization.k8s.io/cert-manager-controller-issuers created
clusterrolebinding.rbac.authorization.k8s.io/cert-manager-controller-clusterissuers created
clusterrolebinding.rbac.authorization.k8s.io/cert-manager-controller-certificates created
clusterrolebinding.rbac.authorization.k8s.io/cert-manager-controller-orders created
clusterrolebinding.rbac.authorization.k8s.io/cert-manager-controller-challenges created
clusterrolebinding.rbac.authorization.k8s.io/cert-manager-controller-ingress-shim created
clusterrole.rbac.authorization.k8s.io/cert-manager-view created
clusterrole.rbac.authorization.k8s.io/cert-manager-edit created
clusterrolebinding.rbac.authorization.k8s.io/cert-manager-webhook:auth-delegator created
rolebinding.rbac.authorization.k8s.io/cert-manager-webhook:webhook-authentication-reader created
clusterrole.rbac.authorization.k8s.io/cert-manager-webhook:webhook-requester created
service/cert-manager-webhook created
deployment.apps/cert-manager-cainjector created
deployment.apps/cert-manager-webhook created
deployment.apps/cert-manager created
apiservice.apiregistration.k8s.io/v1beta1.admission.certmanager.k8s.io created
issuer.certmanager.k8s.io/cert-manager-webhook-selfsign created
certificate.certmanager.k8s.io/cert-manager-webhook-ca created
issuer.certmanager.k8s.io/cert-manager-webhook-ca created
certificate.certmanager.k8s.io/cert-manager-webhook-webhook-tls created
validatingwebhookconfiguration.admissionregistration.k8s.io/cert-manager-webhook created
kubectl rollout status deployment.apps/cert-manager -n cert-manager
Waiting for deployment "cert-manager" rollout to finish: 0 of 1 updated replicas are available...
deployment "cert-manager" successfully rolled out
kubectl rollout status deployment.apps/cert-manager-cainjector -n cert-manager
deployment "cert-manager-cainjector" successfully rolled out
kubectl rollout status deployment.apps/cert-manager-webhook -n cert-manager
Waiting for deployment "cert-manager-webhook" rollout to finish: 0 of 1 updated replicas are available...
deployment "cert-manager-webhook" successfully rolled out
make[1]: Leaving directory '/workspace/source/operator'
cd ../../operator && make install deploy
make[1]: Entering directory '/workspace/source/operator'
go get sigs.k8s.io/controller-tools/cmd/controller-gen@v0.2.0
go: finding sigs.k8s.io v0.2.0
go: finding sigs.k8s.io/controller-tools v0.2.0
go: finding sigs.k8s.io/controller-tools/cmd v0.2.0
go: finding sigs.k8s.io/controller-tools/cmd/controller-gen v0.2.0
go: downloading sigs.k8s.io/controller-tools v0.2.0
go: extracting sigs.k8s.io/controller-tools v0.2.0
go: downloading k8s.io/apimachinery v0.0.0-20190404173353-6a84e37a896d
go: downloading sigs.k8s.io/yaml v1.1.0
go: downloading golang.org/x/tools v0.0.0-20190501045030-23463209683d
go: downloading github.com/gobuffalo/flect v0.1.5
go: downloading github.com/spf13/cobra v0.0.3
go: downloading github.com/fatih/color v1.7.0
go: downloading k8s.io/api v0.0.0-20190409021203-6e4e0e4f393b
go: extracting sigs.k8s.io/yaml v1.1.0
go: downloading gopkg.in/yaml.v2 v2.2.2
go: extracting github.com/fatih/color v1.7.0
go: extracting github.com/gobuffalo/flect v0.1.5
go: downloading github.com/mattn/go-colorable v0.1.2
go: extracting github.com/spf13/cobra v0.0.3
go: extracting gopkg.in/yaml.v2 v2.2.2
go: downloading github.com/mattn/go-isatty v0.0.8
go: downloading k8s.io/apiextensions-apiserver v0.0.0-20190409022649-727a075fdec8
go: downloading github.com/inconshreveable/mousetrap v1.0.0
go: extracting github.com/mattn/go-colorable v0.1.2
go: downloading github.com/spf13/pflag v1.0.3
go: extracting github.com/mattn/go-isatty v0.0.8
go: downloading golang.org/x/sys v0.0.0-20190621203818-d432491b9138
go: extracting github.com/inconshreveable/mousetrap v1.0.0
go: extracting github.com/spf13/pflag v1.0.3
go: extracting k8s.io/apimachinery v0.0.0-20190404173353-6a84e37a896d
go: extracting k8s.io/apiextensions-apiserver v0.0.0-20190409022649-727a075fdec8
go: extracting k8s.io/api v0.0.0-20190409021203-6e4e0e4f393b
go: downloading github.com/gogo/protobuf v1.2.1
go: downloading k8s.io/klog v0.3.3
go: downloading gopkg.in/inf.v0 v0.9.1
go: downloading github.com/google/gofuzz v1.0.0
go: extracting gopkg.in/inf.v0 v0.9.1
go: downloading golang.org/x/net v0.0.0-20190620200207-3b0461eec859
go: extracting k8s.io/klog v0.3.3
go: extracting github.com/google/gofuzz v1.0.0
go: extracting golang.org/x/sys v0.0.0-20190621203818-d432491b9138
go: extracting golang.org/x/tools v0.0.0-20190501045030-23463209683d
go: extracting golang.org/x/net v0.0.0-20190620200207-3b0461eec859
go: extracting github.com/gogo/protobuf v1.2.1
go: downloading golang.org/x/text v0.3.2
go: extracting golang.org/x/text v0.3.2
go: finding github.com/spf13/cobra v0.0.3
go: finding golang.org/x/tools v0.0.0-20190501045030-23463209683d
go: finding k8s.io/api v0.0.0-20190409021203-6e4e0e4f393b
go: finding github.com/gobuffalo/flect v0.1.5
go: finding github.com/fatih/color v1.7.0
go: finding k8s.io/apimachinery v0.0.0-20190404173353-6a84e37a896d
go: finding github.com/mattn/go-colorable v0.1.2
go: finding k8s.io/apiextensions-apiserver v0.0.0-20190409022649-727a075fdec8
go: finding sigs.k8s.io/yaml v1.1.0
go: finding github.com/spf13/pflag v1.0.3
go: finding github.com/mattn/go-isatty v0.0.8
go: finding github.com/gogo/protobuf v1.2.1
go: finding github.com/google/gofuzz v1.0.0
go: finding gopkg.in/inf.v0 v0.9.1
go: finding k8s.io/klog v0.3.3
go: finding gopkg.in/yaml.v2 v2.2.2
go: finding golang.org/x/sys v0.0.0-20190621203818-d432491b9138
go: finding golang.org/x/net v0.0.0-20190620200207-3b0461eec859
go: finding golang.org/x/text v0.3.2
/builder/home/go/bin/controller-gen "crd:trivialVersions=true" rbac:roleName=manager-role webhook paths="./..." output:crd:artifacts:config=config/crd/bases
kustomize build config/crd | kubectl apply -f -
customresourcedefinition.apiextensions.k8s.io/seldondeployments.machinelearning.seldon.io created
cd config/manager && kustomize edit set image controller=seldonio/seldon-core-operator:0.5.1-SNAPSHOT
kustomize build config/default | kubectl apply -f -
namespace/seldon-system created
customresourcedefinition.apiextensions.k8s.io/seldondeployments.machinelearning.seldon.io configured
mutatingwebhookconfiguration.admissionregistration.k8s.io/seldon-mutating-webhook-configuration created
serviceaccount/seldon-manager created
role.rbac.authorization.k8s.io/seldon-leader-election-role created
role.rbac.authorization.k8s.io/seldon-manager-cm-role created
clusterrole.rbac.authorization.k8s.io/seldon-manager-role created
clusterrole.rbac.authorization.k8s.io/seldon-manager-sas-role created
clusterrole.rbac.authorization.k8s.io/seldon-proxy-role created
rolebinding.rbac.authorization.k8s.io/seldon-leader-election-rolebinding created
rolebinding.rbac.authorization.k8s.io/seldon-manager-cm-rolebinding created
clusterrolebinding.rbac.authorization.k8s.io/seldon-manager-rolebinding created
clusterrolebinding.rbac.authorization.k8s.io/seldon-manager-sas-rolebinding created
clusterrolebinding.rbac.authorization.k8s.io/seldon-proxy-rolebinding created
configmap/seldon-config created
service/seldon-controller-manager-metrics-service created
service/seldon-webhook-service created
deployment.apps/seldon-controller-manager created
certificate.certmanager.k8s.io/seldon-serving-cert created
issuer.certmanager.k8s.io/seldon-selfsigned-issuer created
validatingwebhookconfiguration.admissionregistration.k8s.io/seldon-validating-webhook-configuration created
make[1]: Leaving directory '/workspace/source/operator'
kubectl create namespace seldon || echo "Namespace seldon already exists"
Error from server (AlreadyExists): namespaces "seldon" already exists
Namespace seldon already exists
kubectl create namespace test1 || echo "Namespace test1 already exists"
namespace/test1 created
kubectl config set-context $(kubectl config current-context) --namespace=seldon
Context "kubernetes-*****@kind" modified.
make: Entering directory '/workspace/source/python'
pip install -e . -r requirements-dev.txt
Obtaining file:///workspace/source/python
Collecting Flask<2.0.0
  Downloading https://files.pythonhosted.org/packages/9b/93/628509b8d5dc749656a9641f4caf13540e2cdec85276964ff8f43bbb1d3b/Flask-1.1.1-py2.py3-none-any.whl (94kB)
Collecting Flask-cors<4.0.0
  Downloading https://files.pythonhosted.org/packages/78/38/e68b11daa5d613e3a91e4bf3da76c94ac9ee0d9cd515af9c1ab80d36f709/Flask_Cors-3.0.8-py2.py3-none-any.whl
Collecting redis<3.0.0
  Downloading https://files.pythonhosted.org/packages/3b/f6/7a76333cf0b9251ecf49efff635015171843d9b977e4ffcf59f9c4428052/redis-2.10.6-py2.py3-none-any.whl (64kB)
Collecting requests<3.0.0
  Downloading https://files.pythonhosted.org/packages/51/bd/23c926cd341ea6b7dd0b2a00aba99ae0f828be89d72b2190f27c11d4b7fb/requests-2.22.0-py2.py3-none-any.whl (57kB)
Collecting numpy<2.0.0
  Downloading https://files.pythonhosted.org/packages/d2/ab/43e678759326f728de861edbef34b8e2ad1b1490505f20e0d1f0716c3bf4/numpy-1.17.4-cp36-cp36m-manylinux1_x86_64.whl (20.0MB)
Collecting flatbuffers<2.0.0
  Downloading https://files.pythonhosted.org/packages/c9/84/adf5837f96c39990bc55afdfddf460b38b4562f50341359afa32e4a98de7/flatbuffers-1.11-py2.py3-none-any.whl
Requirement already satisfied: protobuf<4.0.0 in /usr/local/lib/python3.6/site-packages (from -r requirements.txt (line 7)) (3.10.0)
Requirement already satisfied: grpcio<2.0.0 in /usr/local/lib/python3.6/site-packages (from -r requirements.txt (line 8)) (1.24.3)
Collecting Flask-OpenTracing<1.2.0,>=1.1.0
  Downloading https://files.pythonhosted.org/packages/58/6c/6417701ba5ecc8854670c6db3207bcc3e5fbc96289a7cb18d5516d99a1c6/Flask-OpenTracing-1.1.0.tar.gz
Collecting opentracing<2.3.0,>=2.2.0
  Downloading https://files.pythonhosted.org/packages/94/9f/289424136addf621fb4c75624ef9a3a80e8575da3993a87950c57e93217e/opentracing-2.2.0.tar.gz (47kB)
Collecting jaeger-client<4.2.0,>=4.1.0
  Downloading https://files.pythonhosted.org/packages/f1/da/569a4f1bc3d0c412c7f903053f09ef62fa10949374ca90bc852b22dd3860/jaeger-client-4.1.0.tar.gz (80kB)
Collecting grpcio-opentracing<1.2.0,>=1.1.4
  Downloading https://files.pythonhosted.org/packages/db/82/2fcad380697c3dab25de76ee590bcab3eb9bbfb4add916044d7e83ec2b10/grpcio_opentracing-1.1.4-py3-none-any.whl
Collecting pyaml<20.0.0
  Downloading https://files.pythonhosted.org/packages/33/1a/936074f3492156693fc9e471269fc5747fa3b7d9d7f8a33af054f6b24066/pyaml-19.4.1-py2.py3-none-any.whl
Collecting gunicorn<19.10.0,>=19.9.0
  Downloading https://files.pythonhosted.org/packages/8c/da/b8dd8deb741bff556db53902d4706774c8e1e67265f69528c14c003644e6/gunicorn-19.9.0-py2.py3-none-any.whl (112kB)
Collecting minio<6.0.0,>=4.0.9
  Downloading https://files.pythonhosted.org/packages/14/46/60bff78df1b112cc50f95c5ffb2e14aaf9aa279a5219845b55c56f214383/minio-5.0.5-py2.py3-none-any.whl (62kB)
Collecting azure-storage-blob<3.0.0,>=2.0.1
  Downloading https://files.pythonhosted.org/packages/3e/84/610f379b46d7d3c2d48eadeed6a12b6d46a43100fea70534f5992d0ac996/azure_storage_blob-2.1.0-py2.py3-none-any.whl (88kB)
Requirement already satisfied: setuptools>=41.0.0 in /usr/local/lib/python3.6/site-packages (from -r requirements.txt (line 17)) (41.4.0)
Collecting pandas==0.25.3
  Downloading https://files.pythonhosted.org/packages/52/3f/f6a428599e0d4497e1595030965b5ba455fd8ade6e977e3c819973c4b41d/pandas-0.25.3-cp36-cp36m-manylinux1_x86_64.whl (10.4MB)
Collecting google-cloud-storage>=1.16.0
  Downloading https://files.pythonhosted.org/packages/0f/0c/8771876e8ee5a4f996bd56b2ffe089fb9d32d11fff39ada4d6705a87b577/google_cloud_storage-1.22.0-py2.py3-none-any.whl (71kB)
Collecting mypy<=0.740
  Downloading https://files.pythonhosted.org/packages/12/b5/27145a54abca5595fa789055d906d445eea35c705fb99273b678ef031d0a/mypy-0.740-cp36-cp36m-manylinux1_x86_64.whl (23.2MB)
Collecting pytest<6.0.0
  Downloading https://files.pythonhosted.org/packages/93/16/f6dec5178f5f4141e80dfc4812a9aba88f5f29ca881f174ab1851181d016/pytest-5.2.2-py3-none-any.whl (227kB)
Collecting pytest-cov<3.0.0
  Downloading https://files.pythonhosted.org/packages/b9/54/3673ee8be482f81527678ac894276223b9814bb7262e4f730469bb7bf70e/pytest_cov-2.8.1-py2.py3-none-any.whl
Collecting Pillow==6.2.0
  Downloading https://files.pythonhosted.org/packages/19/66/6113477dc3206ccb1e192cffd626f2840ead02375a6cebe2436ad4c19f61/Pillow-6.2.0-cp36-cp36m-manylinux1_x86_64.whl (2.1MB)
Collecting tox<4.0.0
  Downloading https://files.pythonhosted.org/packages/a7/0c/ed234b83d2c4fcef1cfccf97371183d51dafae62e64334de34d0a6333114/tox-3.14.0-py2.py3-none-any.whl (80kB)
Collecting Jinja2>=2.10.1
  Downloading https://files.pythonhosted.org/packages/65/e0/eb35e762802015cab1ccee04e8a277b03f1d8e53da3ec3106882ec42558b/Jinja2-2.10.3-py2.py3-none-any.whl (125kB)
Collecting click>=5.1
  Downloading https://files.pythonhosted.org/packages/fa/37/45185cb5abbc30d7257104c434fe0b07e5a195a6847506c074527aa599ec/Click-7.0-py2.py3-none-any.whl (81kB)
Collecting itsdangerous>=0.24
  Downloading https://files.pythonhosted.org/packages/76/ae/44b03b253d6fade317f32c24d100b3b35c2239807046a4c953c7b89fa49e/itsdangerous-1.1.0-py2.py3-none-any.whl
Collecting Werkzeug>=0.15
  Downloading https://files.pythonhosted.org/packages/ce/42/3aeda98f96e85fd26180534d36570e4d18108d62ae36f87694b476b83d6f/Werkzeug-0.16.0-py2.py3-none-any.whl (327kB)
Requirement already satisfied: Six in /usr/local/lib/python3.6/site-packages (from Flask-cors<4.0.0->-r requirements.txt (line 2)) (1.12.0)
Collecting idna<2.9,>=2.5
  Downloading https://files.pythonhosted.org/packages/14/2c/cd551d81dbe15200be1cf41cd03869a46fe7226e7450af7a6545bfc474c9/idna-2.8-py2.py3-none-any.whl (58kB)
Collecting chardet<3.1.0,>=3.0.2
  Downloading https://files.pythonhosted.org/packages/bc/a9/01ffebfb562e4274b6487b4bb1ddec7ca55ec7510b22e4c51f14098443b8/chardet-3.0.4-py2.py3-none-any.whl (133kB)
Collecting urllib3!=1.25.0,!=1.25.1,<1.26,>=1.21.1
  Downloading https://files.pythonhosted.org/packages/b4/40/a9837291310ee1ccc242ceb6ebfd9eb21539649f193a7c8c86ba15b98539/urllib3-1.25.7-py2.py3-none-any.whl (125kB)
Collecting certifi>=2017.4.17
  Downloading https://files.pythonhosted.org/packages/18/b0/8146a4f8dd402f60744fa380bc73ca47303cccf8b9190fd16a827281eac2/certifi-2019.9.11-py2.py3-none-any.whl (154kB)
Collecting threadloop<2,>=1
  Downloading https://files.pythonhosted.org/packages/d3/1d/8398c1645b97dc008d3c658e04beda01ede3d90943d40c8d56863cf891bd/threadloop-1.0.2.tar.gz
Collecting thrift
  Downloading https://files.pythonhosted.org/packages/c6/b4/510617906f8e0c5660e7d96fbc5585113f83ad547a3989b80297ac72a74c/thrift-0.11.0.tar.gz (52kB)
Collecting tornado<6,>=4.3
  Downloading https://files.pythonhosted.org/packages/e6/78/6e7b5af12c12bdf38ca9bfe863fcaf53dc10430a312d0324e76c1e5ca426/tornado-5.1.1.tar.gz (516kB)
Requirement already satisfied: PyYAML in /usr/local/lib/python3.6/site-packages (from pyaml<20.0.0->-r requirements.txt (line 13)) (5.1.2)
Collecting pytz
  Downloading https://files.pythonhosted.org/packages/e7/f9/f0b53f88060247251bf481fa6ea62cd0d25bf1b11a87888e53ce5b7c8ad2/pytz-2019.3-py2.py3-none-any.whl (509kB)
Collecting python-dateutil
  Downloading https://files.pythonhosted.org/packages/d4/70/d60450c3dd48ef87586924207ae8907090de0b306af2bce5d134d78615cb/python_dateutil-2.8.1-py2.py3-none-any.whl (227kB)
Collecting azure-common>=1.1.5
  Downloading https://files.pythonhosted.org/packages/00/55/a703923c12cd3172d5c007beda0c1a34342a17a6a72779f8a7c269af0cd6/azure_common-1.1.23-py2.py3-none-any.whl
Collecting azure-storage-common~=2.1
  Downloading https://files.pythonhosted.org/packages/6b/a0/6794b318ce0118d1a4053bdf0149a60807407db9b710354f2b203c2f5975/azure_storage_common-2.1.0-py2.py3-none-any.whl (47kB)
Collecting google-auth>=1.2.0
  Downloading https://files.pythonhosted.org/packages/2f/81/d1e7d9974ba7c886f6d133a8baae18cb8d92b2d09bcc4f46328306825de0/google_auth-1.7.0-py2.py3-none-any.whl (74kB)
Collecting google-resumable-media!=0.4.0,<0.5dev,>=0.3.1
  Downloading https://files.pythonhosted.org/packages/96/d7/b29a41b01b854480891dfc408211ffb0cc7a2a3d5f15a3b6740ec18c845b/google_resumable_media-0.4.1-py2.py3-none-any.whl
Collecting google-cloud-core<2.0dev,>=1.0.3
  Downloading https://files.pythonhosted.org/packages/ee/f0/084f598629db8e6ec3627688723875cdb03637acb6d86999bb105a71df64/google_cloud_core-1.0.3-py2.py3-none-any.whl
Collecting typing-extensions>=3.7.4
  Downloading https://files.pythonhosted.org/packages/03/92/705fe8aca27678e01bbdd7738173b8e7df0088a2202c80352f664630d638/typing_extensions-3.7.4.1-py3-none-any.whl
Collecting mypy-extensions<0.5.0,>=0.4.0
  Downloading https://files.pythonhosted.org/packages/5c/eb/975c7c080f3223a5cdaff09612f3a5221e4ba534f7039db34c35d95fa6a5/mypy_extensions-0.4.3-py2.py3-none-any.whl
Collecting typed-ast<1.5.0,>=1.4.0
  Downloading https://files.pythonhosted.org/packages/31/d3/9d1802c161626d0278bafb1ffb32f76b9d01e123881bbf9d91e8ccf28e18/typed_ast-1.4.0-cp36-cp36m-manylinux1_x86_64.whl (736kB)
Collecting py>=1.5.0
  Downloading https://files.pythonhosted.org/packages/76/bc/394ad449851729244a97857ee14d7cba61ddb268dce3db538ba2f2ba1f0f/py-1.8.0-py2.py3-none-any.whl (83kB)
Collecting wcwidth
  Downloading https://files.pythonhosted.org/packages/7e/9f/526a6947247599b084ee5232e4f9190a38f398d7300d866af3ab571a5bfe/wcwidth-0.1.7-py2.py3-none-any.whl
Collecting atomicwrites>=1.0
  Downloading https://files.pythonhosted.org/packages/52/90/6155aa926f43f2b2a22b01be7241be3bfd1ceaf7d0b3267213e8127d41f4/atomicwrites-1.3.0-py2.py3-none-any.whl
Collecting packaging
  Downloading https://files.pythonhosted.org/packages/cf/94/9672c2d4b126e74c4496c6b3c58a8b51d6419267be9e70660ba23374c875/packaging-19.2-py2.py3-none-any.whl
Collecting more-itertools>=4.0.0
  Downloading https://files.pythonhosted.org/packages/45/dc/3241eef99eb45f1def35cf93af35d1cf9ef4c0991792583b8f33ea41b092/more_itertools-7.2.0-py3-none-any.whl (57kB)
Collecting pluggy<1.0,>=0.12
  Downloading https://files.pythonhosted.org/packages/92/c7/48439f7d5fd6bddb4c04b850bb862b42e3e2b98570040dfaf68aedd8114b/pluggy-0.13.0-py2.py3-none-any.whl
Collecting importlib-metadata>=0.12; python_version < "3.8"
  Downloading https://files.pythonhosted.org/packages/f6/d2/40b3fa882147719744e6aa50ac39cf7a22a913cbcba86a0371176c425a3b/importlib_metadata-0.23-py2.py3-none-any.whl
Collecting attrs>=17.4.0
  Downloading https://files.pythonhosted.org/packages/a2/db/4313ab3be961f7a763066401fb77f7748373b6094076ae2bda2806988af6/attrs-19.3.0-py2.py3-none-any.whl
Collecting coverage>=4.4
  Downloading https://files.pythonhosted.org/packages/51/b1/13609068fff1c8c056f0c4601ad6985cf5c1bbfc529196ab08bd2a57dc39/coverage-4.5.4-cp36-cp36m-manylinux1_x86_64.whl (205kB)
Collecting toml>=0.9.4
  Downloading https://files.pythonhosted.org/packages/a2/12/ced7105d2de62fa7c8fb5fce92cc4ce66b57c95fb875e9318dba7f8c5db0/toml-0.10.0-py2.py3-none-any.whl
Collecting virtualenv>=14.0.0
  Downloading https://files.pythonhosted.org/packages/c5/97/00dd42a0fc41e9016b23f07ec7f657f636cb672fad9cf72b80f8f65c6a46/virtualenv-16.7.7-py2.py3-none-any.whl (3.4MB)
Collecting filelock<4,>=3.0.0
  Downloading https://files.pythonhosted.org/packages/93/83/71a2ee6158bb9f39a90c0dea1637f81d5eef866e188e1971a1b1ab01a35a/filelock-3.0.12-py3-none-any.whl
Collecting MarkupSafe>=0.23
  Downloading https://files.pythonhosted.org/packages/b2/5f/23e0023be6bb885d00ffbefad2942bc51a620328ee910f64abe5a8d18dd1/MarkupSafe-1.1.1-cp36-cp36m-manylinux1_x86_64.whl
Collecting cryptography
  Downloading https://files.pythonhosted.org/packages/ca/9a/7cece52c46546e214e10811b36b2da52ce1ea7fa203203a629b8dfadad53/cryptography-2.8-cp34-abi3-manylinux2010_x86_64.whl (2.3MB)
Collecting rsa<4.1,>=3.1.4
  Downloading https://files.pythonhosted.org/packages/02/e5/38518af393f7c214357079ce67a317307936896e961e35450b70fad2a9cf/rsa-4.0-py2.py3-none-any.whl
Collecting cachetools<3.2,>=2.0.0
  Downloading https://files.pythonhosted.org/packages/2f/a6/30b0a0bef12283e83e58c1d6e7b5aabc7acfc4110df81a4471655d33e704/cachetools-3.1.1-py2.py3-none-any.whl
Collecting pyasn1-modules>=0.2.1
  Downloading https://files.pythonhosted.org/packages/52/50/bb4cefca37da63a0c52218ba2cb1b1c36110d84dcbae8aa48cd67c5e95c2/pyasn1_modules-0.2.7-py2.py3-none-any.whl (131kB)
Collecting google-api-core<2.0.0dev,>=1.14.0
  Downloading https://files.pythonhosted.org/packages/29/3a/c528ef37f48d6ffba16f0f3c0426456ba21e0dd32be9c61a2ade93e07faa/google_api_core-1.14.3-py2.py3-none-any.whl (68kB)
Collecting pyparsing>=2.0.2
  Downloading https://files.pythonhosted.org/packages/c0/0c/fc2e007d9a992d997f04a80125b0f183da7fb554f1de701bbb70a8e7d479/pyparsing-2.4.5-py2.py3-none-any.whl (67kB)
Collecting zipp>=0.5
  Downloading https://files.pythonhosted.org/packages/74/3d/1ee25a26411ba0401b43c6376d2316a71addcc72ef8690b101b4ea56d76a/zipp-0.6.0-py2.py3-none-any.whl
Collecting cffi!=1.11.3,>=1.8
  Downloading https://files.pythonhosted.org/packages/49/72/0d42f94fe94afa8030350c26e9d787219f3f008ec9bf6b86c66532b29236/cffi-1.13.2-cp36-cp36m-manylinux1_x86_64.whl (397kB)
Collecting pyasn1>=0.1.3
  Downloading https://files.pythonhosted.org/packages/a1/71/8f0d444e3a74e5640a3d5d967c1c6b015da9c655f35b2d308a55d907a517/pyasn1-0.4.7-py2.py3-none-any.whl (76kB)
Collecting googleapis-common-protos<2.0dev,>=1.6.0
  Downloading https://files.pythonhosted.org/packages/eb/ee/e59e74ecac678a14d6abefb9054f0bbcb318a6452a30df3776f133886d7d/googleapis-common-protos-1.6.0.tar.gz
Collecting pycparser
  Downloading https://files.pythonhosted.org/packages/68/9e/49196946aee219aead1290e00d1e7fdeab8567783e83e1b9ab5585e6206a/pycparser-2.19.tar.gz (158kB)
Installing collected packages: MarkupSafe, Jinja2, click, itsdangerous, Werkzeug, Flask, Flask-cors, redis, idna, chardet, urllib3, certifi, requests, numpy, flatbuffers, opentracing, Flask-OpenTracing, tornado, threadloop, thrift, jaeger-client, grpcio-opentracing, pyaml, gunicorn, pytz, python-dateutil, minio, azure-common, pycparser, cffi, cryptography, azure-storage-common, azure-storage-blob, pandas, pyasn1, rsa, cachetools, pyasn1-modules, google-auth, google-resumable-media, googleapis-common-protos, google-api-core, google-cloud-core, google-cloud-storage, typing-extensions, mypy-extensions, typed-ast, mypy, py, wcwidth, atomicwrites, pyparsing, packaging, more-itertools, zipp, importlib-metadata, pluggy, attrs, pytest, coverage, pytest-cov, Pillow, toml, virtualenv, filelock, tox, seldon-core
    Running setup.py install for opentracing: started
    Running setup.py install for opentracing: finished with status 'done'
    Running setup.py install for Flask-OpenTracing: started
    Running setup.py install for Flask-OpenTracing: finished with status 'done'
    Running setup.py install for tornado: started
    Running setup.py install for tornado: finished with status 'done'
    Running setup.py install for threadloop: started
    Running setup.py install for threadloop: finished with status 'done'
    Running setup.py install for thrift: started
    Running setup.py install for thrift: finished with status 'done'
    Running setup.py install for jaeger-client: started
    Running setup.py install for jaeger-client: finished with status 'done'
    Running setup.py install for pycparser: started
    Running setup.py install for pycparser: finished with status 'done'
    Running setup.py install for googleapis-common-protos: started
    Running setup.py install for googleapis-common-protos: finished with status 'done'
  Running setup.py develop for seldon-core
Successfully installed Flask-1.1.1 Flask-OpenTracing-1.1.0 Flask-cors-3.0.8 Jinja2-2.10.3 MarkupSafe-1.1.1 Pillow-6.2.0 Werkzeug-0.16.0 atomicwrites-1.3.0 attrs-19.3.0 azure-common-1.1.23 azure-storage-blob-2.1.0 azure-storage-common-2.1.0 cachetools-3.1.1 certifi-2019.9.11 cffi-1.13.2 chardet-3.0.4 click-7.0 coverage-4.5.4 cryptography-2.8 filelock-3.0.12 flatbuffers-1.11 google-api-core-1.14.3 google-auth-1.7.0 google-cloud-core-1.0.3 google-cloud-storage-1.22.0 google-resumable-media-0.4.1 googleapis-common-protos-1.6.0 grpcio-opentracing-1.1.4 gunicorn-19.9.0 idna-2.8 importlib-metadata-0.23 itsdangerous-1.1.0 jaeger-client-4.1.0 minio-5.0.5 more-itertools-7.2.0 mypy-0.740 mypy-extensions-0.4.3 numpy-1.17.4 opentracing-2.2.0 packaging-19.2 pandas-0.25.3 pluggy-0.13.0 py-1.8.0 pyaml-19.4.1 pyasn1-0.4.7 pyasn1-modules-0.2.7 pycparser-2.19 pyparsing-2.4.5 pytest-5.2.2 pytest-cov-2.8.1 python-dateutil-2.8.1 pytz-2019.3 redis-2.10.6 requests-2.22.0 rsa-4.0 seldon-core threadloop-1.0.2 thrift-0.11.0 toml-0.10.0 tornado-5.1.1 tox-3.14.0 typed-ast-1.4.0 typing-extensions-3.7.4.1 urllib3-1.25.7 virtualenv-16.7.7 wcwidth-0.1.7 zipp-0.6.0
make: Leaving directory '/workspace/source/python'
cp ../../proto/prediction.proto ./proto
cd ../../proto/tensorflow && make create_protos
make[1]: Entering directory '/workspace/source/proto/tensorflow'
./create-protos.sh
Downloading proto files for master
make[1]: Leaving directory '/workspace/source/proto/tensorflow'
cp -vr ../../proto/tensorflow/tensorflow .
'../../proto/tensorflow/tensorflow' -> './tensorflow'
'../../proto/tensorflow/tensorflow/core' -> './tensorflow/core'
'../../proto/tensorflow/tensorflow/core/framework' -> './tensorflow/core/framework'
'../../proto/tensorflow/tensorflow/core/framework/types.proto' -> './tensorflow/core/framework/types.proto'
'../../proto/tensorflow/tensorflow/core/framework/resource_handle.proto' -> './tensorflow/core/framework/resource_handle.proto'
'../../proto/tensorflow/tensorflow/core/framework/tensor_shape.proto' -> './tensorflow/core/framework/tensor_shape.proto'
'../../proto/tensorflow/tensorflow/core/framework/tensor.proto' -> './tensorflow/core/framework/tensor.proto'
python -m grpc.tools.protoc -I. --python_out=. --grpc_python_out=. ./proto/prediction.proto
cd ../../notebooks && make build_protos
make[1]: Entering directory '/workspace/source/notebooks'
cd ../proto/tensorflow && make create_protos
make[2]: Entering directory '/workspace/source/proto/tensorflow'
make[2]: Nothing to be done for 'create_protos'.
make[2]: Leaving directory '/workspace/source/proto/tensorflow'
cp -vr ../proto/tensorflow/tensorflow .
'../proto/tensorflow/tensorflow' -> './tensorflow'
'../proto/tensorflow/tensorflow/core' -> './tensorflow/core'
'../proto/tensorflow/tensorflow/core/framework' -> './tensorflow/core/framework'
'../proto/tensorflow/tensorflow/core/framework/types.proto' -> './tensorflow/core/framework/types.proto'
'../proto/tensorflow/tensorflow/core/framework/resource_handle.proto' -> './tensorflow/core/framework/resource_handle.proto'
'../proto/tensorflow/tensorflow/core/framework/tensor_shape.proto' -> './tensorflow/core/framework/tensor_shape.proto'
'../proto/tensorflow/tensorflow/core/framework/tensor.proto' -> './tensorflow/core/framework/tensor.proto'
cp ../proto/prediction.proto ./proto
python -m grpc.tools.protoc -I. --python_out=. --grpc_python_out=. ./proto/prediction.proto
make[1]: Leaving directory '/workspace/source/notebooks'
cd ../../proto/k8s && make create_protos
make[1]: Entering directory '/workspace/source/proto/k8s'
./create-k8s-protos.sh
Downloading proto files for master
Munging proto file packages
sed -i.bak 's|import "k8s.io/apiextensions-apiserver/|//import "k8s.io/apiextensions-apiserver/|' k8s.io/api/core/v1/generated.proto
rm k8s.io/api/core/v1/generated.proto.bak
make[1]: Leaving directory '/workspace/source/proto/k8s'
pip install -r dev_requirements.txt
Obtaining file:///workspace/source/python (from -r dev_requirements.txt (line 4))
Requirement already satisfied: pytest in /usr/local/lib/python3.6/site-packages (from -r dev_requirements.txt (line 1)) (5.2.2)
Collecting retrying
  Downloading https://files.pythonhosted.org/packages/44/ef/beae4b4ef80902f22e3af073397f079c96969c69b2c7d52a57ea9ae61c9d/retrying-1.3.3.tar.gz
Requirement already satisfied: Flask<2.0.0 in /usr/local/lib/python3.6/site-packages (from seldon-core==0.5.0.3->-r dev_requirements.txt (line 4)) (1.1.1)
Requirement already satisfied: Flask-cors<4.0.0 in /usr/local/lib/python3.6/site-packages (from seldon-core==0.5.0.3->-r dev_requirements.txt (line 4)) (3.0.8)
Requirement already satisfied: redis<3.0.0 in /usr/local/lib/python3.6/site-packages (from seldon-core==0.5.0.3->-r dev_requirements.txt (line 4)) (2.10.6)
Requirement already satisfied: requests<3.0.0 in /usr/local/lib/python3.6/site-packages (from seldon-core==0.5.0.3->-r dev_requirements.txt (line 4)) (2.22.0)
Requirement already satisfied: numpy<2.0.0 in /usr/local/lib/python3.6/site-packages (from seldon-core==0.5.0.3->-r dev_requirements.txt (line 4)) (1.17.4)
Requirement already satisfied: flatbuffers<2.0.0 in /usr/local/lib/python3.6/site-packages (from seldon-core==0.5.0.3->-r dev_requirements.txt (line 4)) (1.11)
Requirement already satisfied: protobuf<4.0.0 in /usr/local/lib/python3.6/site-packages (from seldon-core==0.5.0.3->-r dev_requirements.txt (line 4)) (3.10.0)
Requirement already satisfied: grpcio<2.0.0 in /usr/local/lib/python3.6/site-packages (from seldon-core==0.5.0.3->-r dev_requirements.txt (line 4)) (1.24.3)
Requirement already satisfied: Flask-OpenTracing<1.2.0,>=1.1.0 in /usr/local/lib/python3.6/site-packages (from seldon-core==0.5.0.3->-r dev_requirements.txt (line 4)) (1.1.0)
Requirement already satisfied: opentracing<2.3.0,>=2.2.0 in /usr/local/lib/python3.6/site-packages (from seldon-core==0.5.0.3->-r dev_requirements.txt (line 4)) (2.2.0)
Requirement already satisfied: jaeger-client<4.2.0,>=4.1.0 in /usr/local/lib/python3.6/site-packages (from seldon-core==0.5.0.3->-r dev_requirements.txt (line 4)) (4.1.0)
Requirement already satisfied: grpcio-opentracing<1.2.0,>=1.1.4 in /usr/local/lib/python3.6/site-packages (from seldon-core==0.5.0.3->-r dev_requirements.txt (line 4)) (1.1.4)
Requirement already satisfied: pyaml<20.0.0 in /usr/local/lib/python3.6/site-packages (from seldon-core==0.5.0.3->-r dev_requirements.txt (line 4)) (19.4.1)
Requirement already satisfied: gunicorn<19.10.0,>=19.9.0 in /usr/local/lib/python3.6/site-packages (from seldon-core==0.5.0.3->-r dev_requirements.txt (line 4)) (19.9.0)
Requirement already satisfied: minio<6.0.0,>=4.0.9 in /usr/local/lib/python3.6/site-packages (from seldon-core==0.5.0.3->-r dev_requirements.txt (line 4)) (5.0.5)
Requirement already satisfied: azure-storage-blob<3.0.0,>=2.0.1 in /usr/local/lib/python3.6/site-packages (from seldon-core==0.5.0.3->-r dev_requirements.txt (line 4)) (2.1.0)
Requirement already satisfied: setuptools>=41.0.0 in /usr/local/lib/python3.6/site-packages (from seldon-core==0.5.0.3->-r dev_requirements.txt (line 4)) (41.4.0)
Requirement already satisfied: more-itertools>=4.0.0 in /usr/local/lib/python3.6/site-packages (from pytest->-r dev_requirements.txt (line 1)) (7.2.0)
Requirement already satisfied: packaging in /usr/local/lib/python3.6/site-packages (from pytest->-r dev_requirements.txt (line 1)) (19.2)
Requirement already satisfied: py>=1.5.0 in /usr/local/lib/python3.6/site-packages (from pytest->-r dev_requirements.txt (line 1)) (1.8.0)
Requirement already satisfied: wcwidth in /usr/local/lib/python3.6/site-packages (from pytest->-r dev_requirements.txt (line 1)) (0.1.7)
Requirement already satisfied: attrs>=17.4.0 in /usr/local/lib/python3.6/site-packages (from pytest->-r dev_requirements.txt (line 1)) (19.3.0)
Requirement already satisfied: pluggy<1.0,>=0.12 in /usr/local/lib/python3.6/site-packages (from pytest->-r dev_requirements.txt (line 1)) (0.13.0)
Requirement already satisfied: atomicwrites>=1.0 in /usr/local/lib/python3.6/site-packages (from pytest->-r dev_requirements.txt (line 1)) (1.3.0)
Requirement already satisfied: importlib-metadata>=0.12; python_version < "3.8" in /usr/local/lib/python3.6/site-packages (from pytest->-r dev_requirements.txt (line 1)) (0.23)
Requirement already satisfied: six>=1.7.0 in /usr/local/lib/python3.6/site-packages (from retrying->-r dev_requirements.txt (line 2)) (1.12.0)
Requirement already satisfied: Werkzeug>=0.15 in /usr/local/lib/python3.6/site-packages (from Flask<2.0.0->seldon-core==0.5.0.3->-r dev_requirements.txt (line 4)) (0.16.0)
Requirement already satisfied: click>=5.1 in /usr/local/lib/python3.6/site-packages (from Flask<2.0.0->seldon-core==0.5.0.3->-r dev_requirements.txt (line 4)) (7.0)
Requirement already satisfied: Jinja2>=2.10.1 in /usr/local/lib/python3.6/site-packages (from Flask<2.0.0->seldon-core==0.5.0.3->-r dev_requirements.txt (line 4)) (2.10.3)
Requirement already satisfied: itsdangerous>=0.24 in /usr/local/lib/python3.6/site-packages (from Flask<2.0.0->seldon-core==0.5.0.3->-r dev_requirements.txt (line 4)) (1.1.0)
Requirement already satisfied: certifi>=2017.4.17 in /usr/local/lib/python3.6/site-packages (from requests<3.0.0->seldon-core==0.5.0.3->-r dev_requirements.txt (line 4)) (2019.9.11)
Requirement already satisfied: urllib3!=1.25.0,!=1.25.1,<1.26,>=1.21.1 in /usr/local/lib/python3.6/site-packages (from requests<3.0.0->seldon-core==0.5.0.3->-r dev_requirements.txt (line 4)) (1.25.7)
Requirement already satisfied: chardet<3.1.0,>=3.0.2 in /usr/local/lib/python3.6/site-packages (from requests<3.0.0->seldon-core==0.5.0.3->-r dev_requirements.txt (line 4)) (3.0.4)
Requirement already satisfied: idna<2.9,>=2.5 in /usr/local/lib/python3.6/site-packages (from requests<3.0.0->seldon-core==0.5.0.3->-r dev_requirements.txt (line 4)) (2.8)
Requirement already satisfied: threadloop<2,>=1 in /usr/local/lib/python3.6/site-packages (from jaeger-client<4.2.0,>=4.1.0->seldon-core==0.5.0.3->-r dev_requirements.txt (line 4)) (1.0.2)
Requirement already satisfied: thrift in /usr/local/lib/python3.6/site-packages (from jaeger-client<4.2.0,>=4.1.0->seldon-core==0.5.0.3->-r dev_requirements.txt (line 4)) (0.11.0)
Requirement already satisfied: tornado<6,>=4.3 in /usr/local/lib/python3.6/site-packages (from jaeger-client<4.2.0,>=4.1.0->seldon-core==0.5.0.3->-r dev_requirements.txt (line 4)) (5.1.1)
Requirement already satisfied: PyYAML in /usr/local/lib/python3.6/site-packages (from pyaml<20.0.0->seldon-core==0.5.0.3->-r dev_requirements.txt (line 4)) (5.1.2)
Requirement already satisfied: pytz in /usr/local/lib/python3.6/site-packages (from minio<6.0.0,>=4.0.9->seldon-core==0.5.0.3->-r dev_requirements.txt (line 4)) (2019.3)
Requirement already satisfied: python-dateutil in /usr/local/lib/python3.6/site-packages (from minio<6.0.0,>=4.0.9->seldon-core==0.5.0.3->-r dev_requirements.txt (line 4)) (2.8.1)
Requirement already satisfied: azure-storage-common~=2.1 in /usr/local/lib/python3.6/site-packages (from azure-storage-blob<3.0.0,>=2.0.1->seldon-core==0.5.0.3->-r dev_requirements.txt (line 4)) (2.1.0)
Requirement already satisfied: azure-common>=1.1.5 in /usr/local/lib/python3.6/site-packages (from azure-storage-blob<3.0.0,>=2.0.1->seldon-core==0.5.0.3->-r dev_requirements.txt (line 4)) (1.1.23)
Requirement already satisfied: pyparsing>=2.0.2 in /usr/local/lib/python3.6/site-packages (from packaging->pytest->-r dev_requirements.txt (line 1)) (2.4.5)
Requirement already satisfied: zipp>=0.5 in /usr/local/lib/python3.6/site-packages (from importlib-metadata>=0.12; python_version < "3.8"->pytest->-r dev_requirements.txt (line 1)) (0.6.0)
Requirement already satisfied: MarkupSafe>=0.23 in /usr/local/lib/python3.6/site-packages (from Jinja2>=2.10.1->Flask<2.0.0->seldon-core==0.5.0.3->-r dev_requirements.txt (line 4)) (1.1.1)
Requirement already satisfied: cryptography in /usr/local/lib/python3.6/site-packages (from azure-storage-common~=2.1->azure-storage-blob<3.0.0,>=2.0.1->seldon-core==0.5.0.3->-r dev_requirements.txt (line 4)) (2.8)
Requirement already satisfied: cffi!=1.11.3,>=1.8 in /usr/local/lib/python3.6/site-packages (from cryptography->azure-storage-common~=2.1->azure-storage-blob<3.0.0,>=2.0.1->seldon-core==0.5.0.3->-r dev_requirements.txt (line 4)) (1.13.2)
Requirement already satisfied: pycparser in /usr/local/lib/python3.6/site-packages (from cffi!=1.11.3,>=1.8->cryptography->azure-storage-common~=2.1->azure-storage-blob<3.0.0,>=2.0.1->seldon-core==0.5.0.3->-r dev_requirements.txt (line 4)) (2.19)
Installing collected packages: retrying, seldon-core
    Running setup.py install for retrying: started
    Running setup.py install for retrying: finished with status 'done'
  Found existing installation: seldon-core 0.5.0.3
    Uninstalling seldon-core-0.5.0.3:
      Successfully uninstalled seldon-core-0.5.0.3
  Running setup.py develop for seldon-core
Successfully installed retrying-1.3.3 seldon-core
pip install pytest-xdist
Collecting pytest-xdist
  Downloading https://files.pythonhosted.org/packages/f7/80/2af1fc039f779f61c7207dc9f79a1479874e7795f869fddaf135efde1cd4/pytest_xdist-1.30.0-py2.py3-none-any.whl
Requirement already satisfied: six in /usr/local/lib/python3.6/site-packages (from pytest-xdist) (1.12.0)
Collecting execnet>=1.1
  Downloading https://files.pythonhosted.org/packages/d3/2e/c63af07fa471e0a02d05793c7a56a9f7d274a8489442a5dc4fb3b2b3c705/execnet-1.7.1-py2.py3-none-any.whl
Collecting pytest-forked
  Downloading https://files.pythonhosted.org/packages/03/1e/81235e1fcfed57a4e679d34794d60c01a1e9a29ef5b9844d797716111d80/pytest_forked-1.1.3-py2.py3-none-any.whl
Requirement already satisfied: pytest>=4.4.0 in /usr/local/lib/python3.6/site-packages (from pytest-xdist) (5.2.2)
Collecting apipkg>=1.4
  Downloading https://files.pythonhosted.org/packages/67/08/4815a09603fc800209431bec5b8bd2acf2f95abdfb558a44a42507fb94da/apipkg-1.5-py2.py3-none-any.whl
Requirement already satisfied: atomicwrites>=1.0 in /usr/local/lib/python3.6/site-packages (from pytest>=4.4.0->pytest-xdist) (1.3.0)
Requirement already satisfied: packaging in /usr/local/lib/python3.6/site-packages (from pytest>=4.4.0->pytest-xdist) (19.2)
Requirement already satisfied: py>=1.5.0 in /usr/local/lib/python3.6/site-packages (from pytest>=4.4.0->pytest-xdist) (1.8.0)
Requirement already satisfied: pluggy<1.0,>=0.12 in /usr/local/lib/python3.6/site-packages (from pytest>=4.4.0->pytest-xdist) (0.13.0)
Requirement already satisfied: importlib-metadata>=0.12; python_version < "3.8" in /usr/local/lib/python3.6/site-packages (from pytest>=4.4.0->pytest-xdist) (0.23)
Requirement already satisfied: more-itertools>=4.0.0 in /usr/local/lib/python3.6/site-packages (from pytest>=4.4.0->pytest-xdist) (7.2.0)
Requirement already satisfied: attrs>=17.4.0 in /usr/local/lib/python3.6/site-packages (from pytest>=4.4.0->pytest-xdist) (19.3.0)
Requirement already satisfied: wcwidth in /usr/local/lib/python3.6/site-packages (from pytest>=4.4.0->pytest-xdist) (0.1.7)
Requirement already satisfied: pyparsing>=2.0.2 in /usr/local/lib/python3.6/site-packages (from packaging->pytest>=4.4.0->pytest-xdist) (2.4.5)
Requirement already satisfied: zipp>=0.5 in /usr/local/lib/python3.6/site-packages (from importlib-metadata>=0.12; python_version < "3.8"->pytest>=4.4.0->pytest-xdist) (0.6.0)
Installing collected packages: apipkg, execnet, pytest-forked, pytest-xdist
Successfully installed apipkg-1.5 execnet-1.7.1 pytest-forked-1.1.3 pytest-xdist-1.30.0
pytest --verbose -s -W ignore -n "4" 2>&1
============================= test session starts ==============================
platform linux -- Python 3.6.0, pytest-5.2.2, py-1.8.0, pluggy-0.13.0 -- /usr/local/bin/python3.6
cachedir: .pytest_cache
rootdir: /
plugins: cov-2.8.1, forked-1.1.3, xdist-1.30.0
gw0 I / gw1 I / gw2 I / gw3 I
[gw0] linux Python 3.6.0 cwd: /workspace/source/testing/scripts
[gw1] linux Python 3.6.0 cwd: /workspace/source/testing/scripts
[gw2] linux Python 3.6.0 cwd: /workspace/source/testing/scripts
[gw3] linux Python 3.6.0 cwd: /workspace/source/testing/scripts
[gw0] Python 3.6.0 (default, Oct 23 2019, 00:09:49)  -- [GCC 6.3.0 20170516]
[gw1] Python 3.6.0 (default, Oct 23 2019, 00:09:49)  -- [GCC 6.3.0 20170516]
[gw2] Python 3.6.0 (default, Oct 23 2019, 00:09:49)  -- [GCC 6.3.0 20170516]
[gw3] Python 3.6.0 (default, Oct 23 2019, 00:09:49)  -- [GCC 6.3.0 20170516]
gw0 [31] / gw1 [31] / gw2 [31] / gw3 [31]

scheduling tests via LoadScheduling

test_helm_charts_clusterwide.py::TestClusterWide::test_abtest_model 
test_bad_graphs.py::TestBadGraphs::test_duplicate_predictor_name 
test_helm_charts_clusterwide.py::TestClusterWide::test_single_model 
test_bad_graphs.py::TestBadGraphs::test_model_name_mismatch Error from server (SeldonDeployment.machinelearing.seldon.io "dupname" is invalid: [spec.predictors[1]: Invalid value: "mymodel": Duplicate predictor name, spec: Invalid value: "dupname": Traffic must sum to 100 for multiple predictors]): error when creating "../resources/bad_duplicate_predictor_name.json": admission webhook "vseldondeployment.kb.io" denied the request: SeldonDeployment.machinelearing.seldon.io "dupname" is invalid: [spec.predictors[1]: Invalid value: "mymodel": Duplicate predictor name, spec: Invalid value: "dupname": Traffic must sum to 100 for multiple predictors]

[gw0] PASSED test_bad_graphs.py::TestBadGraphs::test_duplicate_predictor_name 
test_helm_charts_clusterwide.py::TestClusterWide::test_mab_model Error from server (SeldonDeployment.machinelearing.seldon.io "namemismatch" is invalid: spec.predictors[0].graph: Invalid value: "complex-model_bad_name": Can't find container for Predictive Unit): error when creating "../resources/bad_name_mismatch.json": admission webhook "vseldondeployment.kb.io" denied the request: SeldonDeployment.machinelearing.seldon.io "namemismatch" is invalid: spec.predictors[0].graph: Invalid value: "complex-model_bad_name": Can't find container for Predictive Unit

[gw1] PASSED test_bad_graphs.py::TestBadGraphs::test_model_name_mismatch 
test_prepackaged_servers.py::TestPrepack::test_sklearn Error from server (NotFound): deployments.extensions "iris-default-4903e3c" not found
--- Logging error ---
Traceback (most recent call last):
  File "/usr/local/lib/python3.6/logging/__init__.py", line 987, in emit
    msg = self.format(record)
  File "/usr/local/lib/python3.6/logging/__init__.py", line 833, in format
    return fmt.format(record)
  File "/usr/local/lib/python3.6/site-packages/_pytest/logging.py", line 65, in format
    return super().format(record)
  File "/usr/local/lib/python3.6/logging/__init__.py", line 570, in format
    record.message = record.getMessage()
  File "/usr/local/lib/python3.6/logging/__init__.py", line 333, in getMessage
    msg = msg % self.args
TypeError: not all arguments converted during string formatting
Call stack:
  File "<string>", line 1, in <module>
  File "<string>", line 8, in <module>
  File "/usr/local/lib/python3.6/site-packages/execnet/gateway_base.py", line 1554, in serve
    SlaveGateway(io=io, id=id, _startcount=2).serve()
  File "/usr/local/lib/python3.6/site-packages/execnet/gateway_base.py", line 1060, in serve
    self._execpool.integrate_as_primary_thread()
  File "/usr/local/lib/python3.6/site-packages/execnet/gateway_base.py", line 267, in integrate_as_primary_thread
    self._perform_spawn(reply)
  File "/usr/local/lib/python3.6/site-packages/execnet/gateway_base.py", line 285, in _perform_spawn
    reply.run()
  File "/usr/local/lib/python3.6/site-packages/execnet/gateway_base.py", line 220, in run
    self._result = func(*args, **kwargs)
  File "/usr/local/lib/python3.6/site-packages/execnet/gateway_base.py", line 1084, in executetask
    do_exec(co, loc)  # noqa
  File "/usr/local/lib/python3.6/site-packages/xdist/remote.py", line 258, in <module>
    config.hook.pytest_cmdline_main(config=config)
  File "/usr/local/lib/python3.6/site-packages/pluggy/hooks.py", line 286, in __call__
    return self._hookexec(self, self.get_hookimpls(), kwargs)
  File "/usr/local/lib/python3.6/site-packages/pluggy/manager.py", line 92, in _hookexec
    return self._inner_hookexec(hook, methods, kwargs)
  File "/usr/local/lib/python3.6/site-packages/pluggy/manager.py", line 86, in <lambda>
    firstresult=hook.spec.opts.get("firstresult") if hook.spec else False,
  File "/usr/local/lib/python3.6/site-packages/pluggy/callers.py", line 187, in _multicall
    res = hook_impl.function(*args)
  File "/usr/local/lib/python3.6/site-packages/_pytest/main.py", line 230, in pytest_cmdline_main
    return wrap_session(config, _main)
  File "/usr/local/lib/python3.6/site-packages/_pytest/main.py", line 193, in wrap_session
    session.exitstatus = doit(config, session) or 0
  File "/usr/local/lib/python3.6/site-packages/_pytest/main.py", line 237, in _main
    config.hook.pytest_runtestloop(session=session)
  File "/usr/local/lib/python3.6/site-packages/pluggy/hooks.py", line 286, in __call__
    return self._hookexec(self, self.get_hookimpls(), kwargs)
  File "/usr/local/lib/python3.6/site-packages/pluggy/manager.py", line 92, in _hookexec
    return self._inner_hookexec(hook, methods, kwargs)
  File "/usr/local/lib/python3.6/site-packages/pluggy/manager.py", line 86, in <lambda>
    firstresult=hook.spec.opts.get("firstresult") if hook.spec else False,
  File "/usr/local/lib/python3.6/site-packages/pluggy/callers.py", line 187, in _multicall
    res = hook_impl.function(*args)
  File "/usr/local/lib/python3.6/site-packages/xdist/remote.py", line 70, in pytest_runtestloop
    self.run_one_test(torun)
  File "/usr/local/lib/python3.6/site-packages/xdist/remote.py", line 87, in run_one_test
    self.config.hook.pytest_runtest_protocol(item=item, nextitem=nextitem)
  File "/usr/local/lib/python3.6/site-packages/pluggy/hooks.py", line 286, in __call__
    return self._hookexec(self, self.get_hookimpls(), kwargs)
  File "/usr/local/lib/python3.6/site-packages/pluggy/manager.py", line 92, in _hookexec
    return self._inner_hookexec(hook, methods, kwargs)
  File "/usr/local/lib/python3.6/site-packages/pluggy/manager.py", line 86, in <lambda>
    firstresult=hook.spec.opts.get("firstresult") if hook.spec else False,
  File "/usr/local/lib/python3.6/site-packages/pluggy/callers.py", line 187, in _multicall
    res = hook_impl.function(*args)
  File "/usr/local/lib/python3.6/site-packages/_pytest/runner.py", line 80, in pytest_runtest_protocol
    runtestprotocol(item, nextitem=nextitem)
  File "/usr/local/lib/python3.6/site-packages/_pytest/runner.py", line 95, in runtestprotocol
    reports.append(call_and_report(item, "call", log))
  File "/usr/local/lib/python3.6/site-packages/_pytest/runner.py", line 176, in call_and_report
    call = call_runtest_hook(item, when, **kwds)
  File "/usr/local/lib/python3.6/site-packages/_pytest/runner.py", line 201, in call_runtest_hook
    lambda: ihook(item=item, **kwds), when=when, reraise=reraise
  File "/usr/local/lib/python3.6/site-packages/_pytest/runner.py", line 229, in from_call
    result = func()
  File "/usr/local/lib/python3.6/site-packages/_pytest/runner.py", line 201, in <lambda>
    lambda: ihook(item=item, **kwds), when=when, reraise=reraise
  File "/usr/local/lib/python3.6/site-packages/pluggy/hooks.py", line 286, in __call__
    return self._hookexec(self, self.get_hookimpls(), kwargs)
  File "/usr/local/lib/python3.6/site-packages/pluggy/manager.py", line 92, in _hookexec
    return self._inner_hookexec(hook, methods, kwargs)
  File "/usr/local/lib/python3.6/site-packages/pluggy/manager.py", line 86, in <lambda>
    firstresult=hook.spec.opts.get("firstresult") if hook.spec else False,
  File "/usr/local/lib/python3.6/site-packages/pluggy/callers.py", line 187, in _multicall
    res = hook_impl.function(*args)
  File "/usr/local/lib/python3.6/site-packages/_pytest/runner.py", line 125, in pytest_runtest_call
    item.runtest()
  File "/usr/local/lib/python3.6/site-packages/_pytest/python.py", line 1423, in runtest
    self.ihook.pytest_pyfunc_call(pyfuncitem=self)
  File "/usr/local/lib/python3.6/site-packages/pluggy/hooks.py", line 286, in __call__
    return self._hookexec(self, self.get_hookimpls(), kwargs)
  File "/usr/local/lib/python3.6/site-packages/pluggy/manager.py", line 92, in _hookexec
    return self._inner_hookexec(hook, methods, kwargs)
  File "/usr/local/lib/python3.6/site-packages/pluggy/manager.py", line 86, in <lambda>
    firstresult=hook.spec.opts.get("firstresult") if hook.spec else False,
  File "/usr/local/lib/python3.6/site-packages/pluggy/callers.py", line 187, in _multicall
    res = hook_impl.function(*args)
  File "/usr/local/lib/python3.6/site-packages/_pytest/python.py", line 170, in pytest_pyfunc_call
    result = testfunction(**testargs)
  File "/workspace/source/testing/scripts/test_helm_charts_clusterwide.py", line 49, in test_abtest_model
    initial_rest_request("myabtest", namespace)
  File "/workspace/source/testing/scripts/seldon_e2e_utils.py", line 131, in initial_rest_request
    dtype=dtype,
  File "/workspace/source/testing/scripts/seldon_e2e_utils.py", line 106, in rest_request
    logging.warning("Bad status:", r.status_code)
  File "/usr/local/lib/python3.6/logging/__init__.py", line 1855, in warning
    root.warning(msg, *args, **kwargs)
  File "/usr/local/lib/python3.6/logging/__init__.py", line 1313, in warning
    self._log(WARNING, msg, args, **kwargs)
  File "/usr/local/lib/python3.6/logging/__init__.py", line 1437, in _log
    self.handle(record)
  File "/usr/local/lib/python3.6/logging/__init__.py", line 1447, in handle
    self.callHandlers(record)
  File "/usr/local/lib/python3.6/logging/__init__.py", line 1509, in callHandlers
    hdlr.handle(record)
  File "/usr/local/lib/python3.6/logging/__init__.py", line 858, in handle
    self.emit(record)
  File "/usr/local/lib/python3.6/site-packages/_pytest/logging.py", line 227, in emit
    logging.StreamHandler.emit(self, record)
Message: 'Bad status:'
Arguments: (404,)
--- Logging error ---
Traceback (most recent call last):
  File "/usr/local/lib/python3.6/logging/__init__.py", line 987, in emit
    msg = self.format(record)
  File "/usr/local/lib/python3.6/logging/__init__.py", line 833, in format
    return fmt.format(record)
  File "/usr/local/lib/python3.6/site-packages/_pytest/logging.py", line 65, in format
    return super().format(record)
  File "/usr/local/lib/python3.6/logging/__init__.py", line 570, in format
    record.message = record.getMessage()
  File "/usr/local/lib/python3.6/logging/__init__.py", line 333, in getMessage
    msg = msg % self.args
TypeError: not all arguments converted during string formatting
Call stack:
  File "<string>", line 1, in <module>
  File "<string>", line 8, in <module>
  File "/usr/local/lib/python3.6/site-packages/execnet/gateway_base.py", line 1554, in serve
    SlaveGateway(io=io, id=id, _startcount=2).serve()
  File "/usr/local/lib/python3.6/site-packages/execnet/gateway_base.py", line 1060, in serve
    self._execpool.integrate_as_primary_thread()
  File "/usr/local/lib/python3.6/site-packages/execnet/gateway_base.py", line 267, in integrate_as_primary_thread
    self._perform_spawn(reply)
  File "/usr/local/lib/python3.6/site-packages/execnet/gateway_base.py", line 285, in _perform_spawn
    reply.run()
  File "/usr/local/lib/python3.6/site-packages/execnet/gateway_base.py", line 220, in run
    self._result = func(*args, **kwargs)
  File "/usr/local/lib/python3.6/site-packages/execnet/gateway_base.py", line 1084, in executetask
    do_exec(co, loc)  # noqa
  File "/usr/local/lib/python3.6/site-packages/xdist/remote.py", line 258, in <module>
    config.hook.pytest_cmdline_main(config=config)
  File "/usr/local/lib/python3.6/site-packages/pluggy/hooks.py", line 286, in __call__
    return self._hookexec(self, self.get_hookimpls(), kwargs)
  File "/usr/local/lib/python3.6/site-packages/pluggy/manager.py", line 92, in _hookexec
    return self._inner_hookexec(hook, methods, kwargs)
  File "/usr/local/lib/python3.6/site-packages/pluggy/manager.py", line 86, in <lambda>
    firstresult=hook.spec.opts.get("firstresult") if hook.spec else False,
  File "/usr/local/lib/python3.6/site-packages/pluggy/callers.py", line 187, in _multicall
    res = hook_impl.function(*args)
  File "/usr/local/lib/python3.6/site-packages/_pytest/main.py", line 230, in pytest_cmdline_main
    return wrap_session(config, _main)
  File "/usr/local/lib/python3.6/site-packages/_pytest/main.py", line 193, in wrap_session
    session.exitstatus = doit(config, session) or 0
  File "/usr/local/lib/python3.6/site-packages/_pytest/main.py", line 237, in _main
    config.hook.pytest_runtestloop(session=session)
  File "/usr/local/lib/python3.6/site-packages/pluggy/hooks.py", line 286, in __call__
    return self._hookexec(self, self.get_hookimpls(), kwargs)
  File "/usr/local/lib/python3.6/site-packages/pluggy/manager.py", line 92, in _hookexec
    return self._inner_hookexec(hook, methods, kwargs)
  File "/usr/local/lib/python3.6/site-packages/pluggy/manager.py", line 86, in <lambda>
    firstresult=hook.spec.opts.get("firstresult") if hook.spec else False,
  File "/usr/local/lib/python3.6/site-packages/pluggy/callers.py", line 187, in _multicall
    res = hook_impl.function(*args)
  File "/usr/local/lib/python3.6/site-packages/xdist/remote.py", line 70, in pytest_runtestloop
    self.run_one_test(torun)
  File "/usr/local/lib/python3.6/site-packages/xdist/remote.py", line 87, in run_one_test
    self.config.hook.pytest_runtest_protocol(item=item, nextitem=nextitem)
  File "/usr/local/lib/python3.6/site-packages/pluggy/hooks.py", line 286, in __call__
    return self._hookexec(self, self.get_hookimpls(), kwargs)
  File "/usr/local/lib/python3.6/site-packages/pluggy/manager.py", line 92, in _hookexec
    return self._inner_hookexec(hook, methods, kwargs)
  File "/usr/local/lib/python3.6/site-packages/pluggy/manager.py", line 86, in <lambda>
    firstresult=hook.spec.opts.get("firstresult") if hook.spec else False,
  File "/usr/local/lib/python3.6/site-packages/pluggy/callers.py", line 187, in _multicall
    res = hook_impl.function(*args)
  File "/usr/local/lib/python3.6/site-packages/_pytest/runner.py", line 80, in pytest_runtest_protocol
    runtestprotocol(item, nextitem=nextitem)
  File "/usr/local/lib/python3.6/site-packages/_pytest/runner.py", line 95, in runtestprotocol
    reports.append(call_and_report(item, "call", log))
  File "/usr/local/lib/python3.6/site-packages/_pytest/runner.py", line 176, in call_and_report
    call = call_runtest_hook(item, when, **kwds)
  File "/usr/local/lib/python3.6/site-packages/_pytest/runner.py", line 201, in call_runtest_hook
    lambda: ihook(item=item, **kwds), when=when, reraise=reraise
  File "/usr/local/lib/python3.6/site-packages/_pytest/runner.py", line 229, in from_call
    result = func()
  File "/usr/local/lib/python3.6/site-packages/_pytest/runner.py", line 201, in <lambda>
    lambda: ihook(item=item, **kwds), when=when, reraise=reraise
  File "/usr/local/lib/python3.6/site-packages/pluggy/hooks.py", line 286, in __call__
    return self._hookexec(self, self.get_hookimpls(), kwargs)
  File "/usr/local/lib/python3.6/site-packages/pluggy/manager.py", line 92, in _hookexec
    return self._inner_hookexec(hook, methods, kwargs)
  File "/usr/local/lib/python3.6/site-packages/pluggy/manager.py", line 86, in <lambda>
    firstresult=hook.spec.opts.get("firstresult") if hook.spec else False,
  File "/usr/local/lib/python3.6/site-packages/pluggy/callers.py", line 187, in _multicall
    res = hook_impl.function(*args)
  File "/usr/local/lib/python3.6/site-packages/_pytest/runner.py", line 125, in pytest_runtest_call
    item.runtest()
  File "/usr/local/lib/python3.6/site-packages/_pytest/python.py", line 1423, in runtest
    self.ihook.pytest_pyfunc_call(pyfuncitem=self)
  File "/usr/local/lib/python3.6/site-packages/pluggy/hooks.py", line 286, in __call__
    return self._hookexec(self, self.get_hookimpls(), kwargs)
  File "/usr/local/lib/python3.6/site-packages/pluggy/manager.py", line 92, in _hookexec
    return self._inner_hookexec(hook, methods, kwargs)
  File "/usr/local/lib/python3.6/site-packages/pluggy/manager.py", line 86, in <lambda>
    firstresult=hook.spec.opts.get("firstresult") if hook.spec else False,
  File "/usr/local/lib/python3.6/site-packages/pluggy/callers.py", line 187, in _multicall
    res = hook_impl.function(*args)
  File "/usr/local/lib/python3.6/site-packages/_pytest/python.py", line 170, in pytest_pyfunc_call
    result = testfunction(**testargs)
  File "/workspace/source/testing/scripts/test_helm_charts_clusterwide.py", line 74, in test_mab_model
    initial_rest_request("mymab", namespace)
  File "/workspace/source/testing/scripts/seldon_e2e_utils.py", line 131, in initial_rest_request
    dtype=dtype,
  File "/workspace/source/testing/scripts/seldon_e2e_utils.py", line 106, in rest_request
    logging.warning("Bad status:", r.status_code)
  File "/usr/local/lib/python3.6/logging/__init__.py", line 1855, in warning
    root.warning(msg, *args, **kwargs)
  File "/usr/local/lib/python3.6/logging/__init__.py", line 1313, in warning
    self._log(WARNING, msg, args, **kwargs)
  File "/usr/local/lib/python3.6/logging/__init__.py", line 1437, in _log
    self.handle(record)
  File "/usr/local/lib/python3.6/logging/__init__.py", line 1447, in handle
    self.callHandlers(record)
  File "/usr/local/lib/python3.6/logging/__init__.py", line 1509, in callHandlers
    hdlr.handle(record)
  File "/usr/local/lib/python3.6/logging/__init__.py", line 858, in handle
    self.emit(record)
  File "/usr/local/lib/python3.6/site-packages/_pytest/logging.py", line 227, in emit
    logging.StreamHandler.emit(self, record)
Message: 'Bad status:'
Arguments: (404,)
--- Logging error ---
Traceback (most recent call last):
  File "/usr/local/lib/python3.6/logging/__init__.py", line 987, in emit
    msg = self.format(record)
  File "/usr/local/lib/python3.6/logging/__init__.py", line 833, in format
    return fmt.format(record)
  File "/usr/local/lib/python3.6/site-packages/_pytest/logging.py", line 65, in format
    return super().format(record)
  File "/usr/local/lib/python3.6/logging/__init__.py", line 570, in format
    record.message = record.getMessage()
  File "/usr/local/lib/python3.6/logging/__init__.py", line 333, in getMessage
    msg = msg % self.args
TypeError: not all arguments converted during string formatting
Call stack:
  File "<string>", line 1, in <module>
  File "<string>", line 8, in <module>
  File "/usr/local/lib/python3.6/site-packages/execnet/gateway_base.py", line 1554, in serve
    SlaveGateway(io=io, id=id, _startcount=2).serve()
  File "/usr/local/lib/python3.6/site-packages/execnet/gateway_base.py", line 1060, in serve
    self._execpool.integrate_as_primary_thread()
  File "/usr/local/lib/python3.6/site-packages/execnet/gateway_base.py", line 267, in integrate_as_primary_thread
    self._perform_spawn(reply)
  File "/usr/local/lib/python3.6/site-packages/execnet/gateway_base.py", line 285, in _perform_spawn
    reply.run()
  File "/usr/local/lib/python3.6/site-packages/execnet/gateway_base.py", line 220, in run
    self._result = func(*args, **kwargs)
  File "/usr/local/lib/python3.6/site-packages/execnet/gateway_base.py", line 1084, in executetask
    do_exec(co, loc)  # noqa
  File "/usr/local/lib/python3.6/site-packages/xdist/remote.py", line 258, in <module>
    config.hook.pytest_cmdline_main(config=config)
  File "/usr/local/lib/python3.6/site-packages/pluggy/hooks.py", line 286, in __call__
    return self._hookexec(self, self.get_hookimpls(), kwargs)
  File "/usr/local/lib/python3.6/site-packages/pluggy/manager.py", line 92, in _hookexec
    return self._inner_hookexec(hook, methods, kwargs)
  File "/usr/local/lib/python3.6/site-packages/pluggy/manager.py", line 86, in <lambda>
    firstresult=hook.spec.opts.get("firstresult") if hook.spec else False,
  File "/usr/local/lib/python3.6/site-packages/pluggy/callers.py", line 187, in _multicall
    res = hook_impl.function(*args)
  File "/usr/local/lib/python3.6/site-packages/_pytest/main.py", line 230, in pytest_cmdline_main
    return wrap_session(config, _main)
  File "/usr/local/lib/python3.6/site-packages/_pytest/main.py", line 193, in wrap_session
    session.exitstatus = doit(config, session) or 0
  File "/usr/local/lib/python3.6/site-packages/_pytest/main.py", line 237, in _main
    config.hook.pytest_runtestloop(session=session)
  File "/usr/local/lib/python3.6/site-packages/pluggy/hooks.py", line 286, in __call__
    return self._hookexec(self, self.get_hookimpls(), kwargs)
  File "/usr/local/lib/python3.6/site-packages/pluggy/manager.py", line 92, in _hookexec
    return self._inner_hookexec(hook, methods, kwargs)
  File "/usr/local/lib/python3.6/site-packages/pluggy/manager.py", line 86, in <lambda>
    firstresult=hook.spec.opts.get("firstresult") if hook.spec else False,
  File "/usr/local/lib/python3.6/site-packages/pluggy/callers.py", line 187, in _multicall
    res = hook_impl.function(*args)
  File "/usr/local/lib/python3.6/site-packages/xdist/remote.py", line 70, in pytest_runtestloop
    self.run_one_test(torun)
  File "/usr/local/lib/python3.6/site-packages/xdist/remote.py", line 87, in run_one_test
    self.config.hook.pytest_runtest_protocol(item=item, nextitem=nextitem)
  File "/usr/local/lib/python3.6/site-packages/pluggy/hooks.py", line 286, in __call__
    return self._hookexec(self, self.get_hookimpls(), kwargs)
  File "/usr/local/lib/python3.6/site-packages/pluggy/manager.py", line 92, in _hookexec
    return self._inner_hookexec(hook, methods, kwargs)
  File "/usr/local/lib/python3.6/site-packages/pluggy/manager.py", line 86, in <lambda>
    firstresult=hook.spec.opts.get("firstresult") if hook.spec else False,
  File "/usr/local/lib/python3.6/site-packages/pluggy/callers.py", line 187, in _multicall
    res = hook_impl.function(*args)
  File "/usr/local/lib/python3.6/site-packages/_pytest/runner.py", line 80, in pytest_runtest_protocol
    runtestprotocol(item, nextitem=nextitem)
  File "/usr/local/lib/python3.6/site-packages/_pytest/runner.py", line 95, in runtestprotocol
    reports.append(call_and_report(item, "call", log))
  File "/usr/local/lib/python3.6/site-packages/_pytest/runner.py", line 176, in call_and_report
    call = call_runtest_hook(item, when, **kwds)
  File "/usr/local/lib/python3.6/site-packages/_pytest/runner.py", line 201, in call_runtest_hook
    lambda: ihook(item=item, **kwds), when=when, reraise=reraise
  File "/usr/local/lib/python3.6/site-packages/_pytest/runner.py", line 229, in from_call
    result = func()
  File "/usr/local/lib/python3.6/site-packages/_pytest/runner.py", line 201, in <lambda>
    lambda: ihook(item=item, **kwds), when=when, reraise=reraise
  File "/usr/local/lib/python3.6/site-packages/pluggy/hooks.py", line 286, in __call__
    return self._hookexec(self, self.get_hookimpls(), kwargs)
  File "/usr/local/lib/python3.6/site-packages/pluggy/manager.py", line 92, in _hookexec
    return self._inner_hookexec(hook, methods, kwargs)
  File "/usr/local/lib/python3.6/site-packages/pluggy/manager.py", line 86, in <lambda>
    firstresult=hook.spec.opts.get("firstresult") if hook.spec else False,
  File "/usr/local/lib/python3.6/site-packages/pluggy/callers.py", line 187, in _multicall
    res = hook_impl.function(*args)
  File "/usr/local/lib/python3.6/site-packages/_pytest/runner.py", line 125, in pytest_runtest_call
    item.runtest()
  File "/usr/local/lib/python3.6/site-packages/_pytest/python.py", line 1423, in runtest
    self.ihook.pytest_pyfunc_call(pyfuncitem=self)
  File "/usr/local/lib/python3.6/site-packages/pluggy/hooks.py", line 286, in __call__
    return self._hookexec(self, self.get_hookimpls(), kwargs)
  File "/usr/local/lib/python3.6/site-packages/pluggy/manager.py", line 92, in _hookexec
    return self._inner_hookexec(hook, methods, kwargs)
  File "/usr/local/lib/python3.6/site-packages/pluggy/manager.py", line 86, in <lambda>
    firstresult=hook.spec.opts.get("firstresult") if hook.spec else False,
  File "/usr/local/lib/python3.6/site-packages/pluggy/callers.py", line 187, in _multicall
    res = hook_impl.function(*args)
  File "/usr/local/lib/python3.6/site-packages/_pytest/python.py", line 170, in pytest_pyfunc_call
    result = testfunction(**testargs)
  File "/workspace/source/testing/scripts/test_helm_charts_clusterwide.py", line 26, in test_single_model
    initial_rest_request("mymodel", namespace)
  File "/workspace/source/testing/scripts/seldon_e2e_utils.py", line 131, in initial_rest_request
    dtype=dtype,
  File "/workspace/source/testing/scripts/seldon_e2e_utils.py", line 106, in rest_request
    logging.warning("Bad status:", r.status_code)
  File "/usr/local/lib/python3.6/logging/__init__.py", line 1855, in warning
    root.warning(msg, *args, **kwargs)
  File "/usr/local/lib/python3.6/logging/__init__.py", line 1313, in warning
    self._log(WARNING, msg, args, **kwargs)
  File "/usr/local/lib/python3.6/logging/__init__.py", line 1437, in _log
    self.handle(record)
  File "/usr/local/lib/python3.6/logging/__init__.py", line 1447, in handle
    self.callHandlers(record)
  File "/usr/local/lib/python3.6/logging/__init__.py", line 1509, in callHandlers
    hdlr.handle(record)
  File "/usr/local/lib/python3.6/logging/__init__.py", line 858, in handle
    self.emit(record)
  File "/usr/local/lib/python3.6/site-packages/_pytest/logging.py", line 227, in emit
    logging.StreamHandler.emit(self, record)
Message: 'Bad status:'
Arguments: (404,)
--- Logging error ---
Traceback (most recent call last):
  File "/usr/local/lib/python3.6/logging/__init__.py", line 987, in emit
    msg = self.format(record)
  File "/usr/local/lib/python3.6/logging/__init__.py", line 833, in format
    return fmt.format(record)
  File "/usr/local/lib/python3.6/site-packages/_pytest/logging.py", line 65, in format
    return super().format(record)
  File "/usr/local/lib/python3.6/logging/__init__.py", line 570, in format
    record.message = record.getMessage()
  File "/usr/local/lib/python3.6/logging/__init__.py", line 333, in getMessage
    msg = msg % self.args
TypeError: not all arguments converted during string formatting
Call stack:
  File "<string>", line 1, in <module>
  File "<string>", line 8, in <module>
  File "/usr/local/lib/python3.6/site-packages/execnet/gateway_base.py", line 1554, in serve
    SlaveGateway(io=io, id=id, _startcount=2).serve()
  File "/usr/local/lib/python3.6/site-packages/execnet/gateway_base.py", line 1060, in serve
    self._execpool.integrate_as_primary_thread()
  File "/usr/local/lib/python3.6/site-packages/execnet/gateway_base.py", line 267, in integrate_as_primary_thread
    self._perform_spawn(reply)
  File "/usr/local/lib/python3.6/site-packages/execnet/gateway_base.py", line 285, in _perform_spawn
    reply.run()
  File "/usr/local/lib/python3.6/site-packages/execnet/gateway_base.py", line 220, in run
    self._result = func(*args, **kwargs)
  File "/usr/local/lib/python3.6/site-packages/execnet/gateway_base.py", line 1084, in executetask
    do_exec(co, loc)  # noqa
  File "/usr/local/lib/python3.6/site-packages/xdist/remote.py", line 258, in <module>
    config.hook.pytest_cmdline_main(config=config)
  File "/usr/local/lib/python3.6/site-packages/pluggy/hooks.py", line 286, in __call__
    return self._hookexec(self, self.get_hookimpls(), kwargs)
  File "/usr/local/lib/python3.6/site-packages/pluggy/manager.py", line 92, in _hookexec
    return self._inner_hookexec(hook, methods, kwargs)
  File "/usr/local/lib/python3.6/site-packages/pluggy/manager.py", line 86, in <lambda>
    firstresult=hook.spec.opts.get("firstresult") if hook.spec else False,
  File "/usr/local/lib/python3.6/site-packages/pluggy/callers.py", line 187, in _multicall
    res = hook_impl.function(*args)
  File "/usr/local/lib/python3.6/site-packages/_pytest/main.py", line 230, in pytest_cmdline_main
    return wrap_session(config, _main)
  File "/usr/local/lib/python3.6/site-packages/_pytest/main.py", line 193, in wrap_session
    session.exitstatus = doit(config, session) or 0
  File "/usr/local/lib/python3.6/site-packages/_pytest/main.py", line 237, in _main
    config.hook.pytest_runtestloop(session=session)
  File "/usr/local/lib/python3.6/site-packages/pluggy/hooks.py", line 286, in __call__
    return self._hookexec(self, self.get_hookimpls(), kwargs)
  File "/usr/local/lib/python3.6/site-packages/pluggy/manager.py", line 92, in _hookexec
    return self._inner_hookexec(hook, methods, kwargs)
  File "/usr/local/lib/python3.6/site-packages/pluggy/manager.py", line 86, in <lambda>
    firstresult=hook.spec.opts.get("firstresult") if hook.spec else False,
  File "/usr/local/lib/python3.6/site-packages/pluggy/callers.py", line 187, in _multicall
    res = hook_impl.function(*args)
  File "/usr/local/lib/python3.6/site-packages/xdist/remote.py", line 70, in pytest_runtestloop
    self.run_one_test(torun)
  File "/usr/local/lib/python3.6/site-packages/xdist/remote.py", line 87, in run_one_test
    self.config.hook.pytest_runtest_protocol(item=item, nextitem=nextitem)
  File "/usr/local/lib/python3.6/site-packages/pluggy/hooks.py", line 286, in __call__
    return self._hookexec(self, self.get_hookimpls(), kwargs)
  File "/usr/local/lib/python3.6/site-packages/pluggy/manager.py", line 92, in _hookexec
    return self._inner_hookexec(hook, methods, kwargs)
  File "/usr/local/lib/python3.6/site-packages/pluggy/manager.py", line 86, in <lambda>
    firstresult=hook.spec.opts.get("firstresult") if hook.spec else False,
  File "/usr/local/lib/python3.6/site-packages/pluggy/callers.py", line 187, in _multicall
    res = hook_impl.function(*args)
  File "/usr/local/lib/python3.6/site-packages/_pytest/runner.py", line 80, in pytest_runtest_protocol
    runtestprotocol(item, nextitem=nextitem)
  File "/usr/local/lib/python3.6/site-packages/_pytest/runner.py", line 95, in runtestprotocol
    reports.append(call_and_report(item, "call", log))
  File "/usr/local/lib/python3.6/site-packages/_pytest/runner.py", line 176, in call_and_report
    call = call_runtest_hook(item, when, **kwds)
  File "/usr/local/lib/python3.6/site-packages/_pytest/runner.py", line 201, in call_runtest_hook
    lambda: ihook(item=item, **kwds), when=when, reraise=reraise
  File "/usr/local/lib/python3.6/site-packages/_pytest/runner.py", line 229, in from_call
    result = func()
  File "/usr/local/lib/python3.6/site-packages/_pytest/runner.py", line 201, in <lambda>
    lambda: ihook(item=item, **kwds), when=when, reraise=reraise
  File "/usr/local/lib/python3.6/site-packages/pluggy/hooks.py", line 286, in __call__
    return self._hookexec(self, self.get_hookimpls(), kwargs)
  File "/usr/local/lib/python3.6/site-packages/pluggy/manager.py", line 92, in _hookexec
    return self._inner_hookexec(hook, methods, kwargs)
  File "/usr/local/lib/python3.6/site-packages/pluggy/manager.py", line 86, in <lambda>
    firstresult=hook.spec.opts.get("firstresult") if hook.spec else False,
  File "/usr/local/lib/python3.6/site-packages/pluggy/callers.py", line 187, in _multicall
    res = hook_impl.function(*args)
  File "/usr/local/lib/python3.6/site-packages/_pytest/runner.py", line 125, in pytest_runtest_call
    item.runtest()
  File "/usr/local/lib/python3.6/site-packages/_pytest/python.py", line 1423, in runtest
    self.ihook.pytest_pyfunc_call(pyfuncitem=self)
  File "/usr/local/lib/python3.6/site-packages/pluggy/hooks.py", line 286, in __call__
    return self._hookexec(self, self.get_hookimpls(), kwargs)
  File "/usr/local/lib/python3.6/site-packages/pluggy/manager.py", line 92, in _hookexec
    return self._inner_hookexec(hook, methods, kwargs)
  File "/usr/local/lib/python3.6/site-packages/pluggy/manager.py", line 86, in <lambda>
    firstresult=hook.spec.opts.get("firstresult") if hook.spec else False,
  File "/usr/local/lib/python3.6/site-packages/pluggy/callers.py", line 187, in _multicall
    res = hook_impl.function(*args)
  File "/usr/local/lib/python3.6/site-packages/_pytest/python.py", line 170, in pytest_pyfunc_call
    result = testfunction(**testargs)
  File "/workspace/source/testing/scripts/test_helm_charts_clusterwide.py", line 74, in test_mab_model
    initial_rest_request("mymab", namespace)
  File "/workspace/source/testing/scripts/seldon_e2e_utils.py", line 143, in initial_rest_request
    dtype=dtype,
  File "/workspace/source/testing/scripts/seldon_e2e_utils.py", line 106, in rest_request
    logging.warning("Bad status:", r.status_code)
  File "/usr/local/lib/python3.6/logging/__init__.py", line 1855, in warning
    root.warning(msg, *args, **kwargs)
  File "/usr/local/lib/python3.6/logging/__init__.py", line 1313, in warning
    self._log(WARNING, msg, args, **kwargs)
  File "/usr/local/lib/python3.6/logging/__init__.py", line 1437, in _log
    self.handle(record)
  File "/usr/local/lib/python3.6/logging/__init__.py", line 1447, in handle
    self.callHandlers(record)
  File "/usr/local/lib/python3.6/logging/__init__.py", line 1509, in callHandlers
    hdlr.handle(record)
  File "/usr/local/lib/python3.6/logging/__init__.py", line 858, in handle
    self.emit(record)
  File "/usr/local/lib/python3.6/site-packages/_pytest/logging.py", line 227, in emit
    logging.StreamHandler.emit(self, record)
Message: 'Bad status:'
Arguments: (404,)
--- Logging error ---
Traceback (most recent call last):
  File "/usr/local/lib/python3.6/logging/__init__.py", line 987, in emit
    msg = self.format(record)
  File "/usr/local/lib/python3.6/logging/__init__.py", line 833, in format
    return fmt.format(record)
  File "/usr/local/lib/python3.6/site-packages/_pytest/logging.py", line 65, in format
    return super().format(record)
  File "/usr/local/lib/python3.6/logging/__init__.py", line 570, in format
    record.message = record.getMessage()
  File "/usr/local/lib/python3.6/logging/__init__.py", line 333, in getMessage
    msg = msg % self.args
TypeError: not all arguments converted during string formatting
Call stack:
  File "<string>", line 1, in <module>
  File "<string>", line 8, in <module>
  File "/usr/local/lib/python3.6/site-packages/execnet/gateway_base.py", line 1554, in serve
    SlaveGateway(io=io, id=id, _startcount=2).serve()
  File "/usr/local/lib/python3.6/site-packages/execnet/gateway_base.py", line 1060, in serve
    self._execpool.integrate_as_primary_thread()
  File "/usr/local/lib/python3.6/site-packages/execnet/gateway_base.py", line 267, in integrate_as_primary_thread
    self._perform_spawn(reply)
  File "/usr/local/lib/python3.6/site-packages/execnet/gateway_base.py", line 285, in _perform_spawn
    reply.run()
  File "/usr/local/lib/python3.6/site-packages/execnet/gateway_base.py", line 220, in run
    self._result = func(*args, **kwargs)
  File "/usr/local/lib/python3.6/site-packages/execnet/gateway_base.py", line 1084, in executetask
    do_exec(co, loc)  # noqa
  File "/usr/local/lib/python3.6/site-packages/xdist/remote.py", line 258, in <module>
    config.hook.pytest_cmdline_main(config=config)
  File "/usr/local/lib/python3.6/site-packages/pluggy/hooks.py", line 286, in __call__
    return self._hookexec(self, self.get_hookimpls(), kwargs)
  File "/usr/local/lib/python3.6/site-packages/pluggy/manager.py", line 92, in _hookexec
    return self._inner_hookexec(hook, methods, kwargs)
  File "/usr/local/lib/python3.6/site-packages/pluggy/manager.py", line 86, in <lambda>
    firstresult=hook.spec.opts.get("firstresult") if hook.spec else False,
  File "/usr/local/lib/python3.6/site-packages/pluggy/callers.py", line 187, in _multicall
    res = hook_impl.function(*args)
  File "/usr/local/lib/python3.6/site-packages/_pytest/main.py", line 230, in pytest_cmdline_main
    return wrap_session(config, _main)
  File "/usr/local/lib/python3.6/site-packages/_pytest/main.py", line 193, in wrap_session
    session.exitstatus = doit(config, session) or 0
  File "/usr/local/lib/python3.6/site-packages/_pytest/main.py", line 237, in _main
    config.hook.pytest_runtestloop(session=session)
  File "/usr/local/lib/python3.6/site-packages/pluggy/hooks.py", line 286, in __call__
    return self._hookexec(self, self.get_hookimpls(), kwargs)
  File "/usr/local/lib/python3.6/site-packages/pluggy/manager.py", line 92, in _hookexec
    return self._inner_hookexec(hook, methods, kwargs)
  File "/usr/local/lib/python3.6/site-packages/pluggy/manager.py", line 86, in <lambda>
    firstresult=hook.spec.opts.get("firstresult") if hook.spec else False,
  File "/usr/local/lib/python3.6/site-packages/pluggy/callers.py", line 187, in _multicall
    res = hook_impl.function(*args)
  File "/usr/local/lib/python3.6/site-packages/xdist/remote.py", line 70, in pytest_runtestloop
    self.run_one_test(torun)
  File "/usr/local/lib/python3.6/site-packages/xdist/remote.py", line 87, in run_one_test
    self.config.hook.pytest_runtest_protocol(item=item, nextitem=nextitem)
  File "/usr/local/lib/python3.6/site-packages/pluggy/hooks.py", line 286, in __call__
    return self._hookexec(self, self.get_hookimpls(), kwargs)
  File "/usr/local/lib/python3.6/site-packages/pluggy/manager.py", line 92, in _hookexec
    return self._inner_hookexec(hook, methods, kwargs)
  File "/usr/local/lib/python3.6/site-packages/pluggy/manager.py", line 86, in <lambda>
    firstresult=hook.spec.opts.get("firstresult") if hook.spec else False,
  File "/usr/local/lib/python3.6/site-packages/pluggy/callers.py", line 187, in _multicall
    res = hook_impl.function(*args)
  File "/usr/local/lib/python3.6/site-packages/_pytest/runner.py", line 80, in pytest_runtest_protocol
    runtestprotocol(item, nextitem=nextitem)
  File "/usr/local/lib/python3.6/site-packages/_pytest/runner.py", line 95, in runtestprotocol
    reports.append(call_and_report(item, "call", log))
  File "/usr/local/lib/python3.6/site-packages/_pytest/runner.py", line 176, in call_and_report
    call = call_runtest_hook(item, when, **kwds)
  File "/usr/local/lib/python3.6/site-packages/_pytest/runner.py", line 201, in call_runtest_hook
    lambda: ihook(item=item, **kwds), when=when, reraise=reraise
  File "/usr/local/lib/python3.6/site-packages/_pytest/runner.py", line 229, in from_call
    result = func()
  File "/usr/local/lib/python3.6/site-packages/_pytest/runner.py", line 201, in <lambda>
    lambda: ihook(item=item, **kwds), when=when, reraise=reraise
  File "/usr/local/lib/python3.6/site-packages/pluggy/hooks.py", line 286, in __call__
    return self._hookexec(self, self.get_hookimpls(), kwargs)
  File "/usr/local/lib/python3.6/site-packages/pluggy/manager.py", line 92, in _hookexec
    return self._inner_hookexec(hook, methods, kwargs)
  File "/usr/local/lib/python3.6/site-packages/pluggy/manager.py", line 86, in <lambda>
    firstresult=hook.spec.opts.get("firstresult") if hook.spec else False,
  File "/usr/local/lib/python3.6/site-packages/pluggy/callers.py", line 187, in _multicall
    res = hook_impl.function(*args)
  File "/usr/local/lib/python3.6/site-packages/_pytest/runner.py", line 125, in pytest_runtest_call
    item.runtest()
  File "/usr/local/lib/python3.6/site-packages/_pytest/python.py", line 1423, in runtest
    self.ihook.pytest_pyfunc_call(pyfuncitem=self)
  File "/usr/local/lib/python3.6/site-packages/pluggy/hooks.py", line 286, in __call__
    return self._hookexec(self, self.get_hookimpls(), kwargs)
  File "/usr/local/lib/python3.6/site-packages/pluggy/manager.py", line 92, in _hookexec
    return self._inner_hookexec(hook, methods, kwargs)
  File "/usr/local/lib/python3.6/site-packages/pluggy/manager.py", line 86, in <lambda>
    firstresult=hook.spec.opts.get("firstresult") if hook.spec else False,
  File "/usr/local/lib/python3.6/site-packages/pluggy/callers.py", line 187, in _multicall
    res = hook_impl.function(*args)
  File "/usr/local/lib/python3.6/site-packages/_pytest/python.py", line 170, in pytest_pyfunc_call
    result = testfunction(**testargs)
  File "/workspace/source/testing/scripts/test_helm_charts_clusterwide.py", line 26, in test_single_model
    initial_rest_request("mymodel", namespace)
  File "/workspace/source/testing/scripts/seldon_e2e_utils.py", line 143, in initial_rest_request
    dtype=dtype,
  File "/workspace/source/testing/scripts/seldon_e2e_utils.py", line 106, in rest_request
    logging.warning("Bad status:", r.status_code)
  File "/usr/local/lib/python3.6/logging/__init__.py", line 1855, in warning
    root.warning(msg, *args, **kwargs)
  File "/usr/local/lib/python3.6/logging/__init__.py", line 1313, in warning
    self._log(WARNING, msg, args, **kwargs)
  File "/usr/local/lib/python3.6/logging/__init__.py", line 1437, in _log
    self.handle(record)
  File "/usr/local/lib/python3.6/logging/__init__.py", line 1447, in handle
    self.callHandlers(record)
  File "/usr/local/lib/python3.6/logging/__init__.py", line 1509, in callHandlers
    hdlr.handle(record)
  File "/usr/local/lib/python3.6/logging/__init__.py", line 858, in handle
    self.emit(record)
  File "/usr/local/lib/python3.6/site-packages/_pytest/logging.py", line 227, in emit
    logging.StreamHandler.emit(self, record)
Message: 'Bad status:'
Arguments: (404,)

[gw3] PASSED test_helm_charts_clusterwide.py::TestClusterWide::test_abtest_model 
test_prepackaged_servers.py::TestPrepack::test_xgboost 
[gw2] PASSED test_helm_charts_clusterwide.py::TestClusterWide::test_single_model 
test_prepackaged_servers.py::TestPrepack::test_tfserving Error from server (NotFound): deployments.extensions "mnist-default-725903e" not found

[gw0] PASSED test_helm_charts_clusterwide.py::TestClusterWide::test_mab_model 
test_rolling_updates.py::TestRollingHttp::test_rolling_update1 
[gw1] PASSED test_prepackaged_servers.py::TestPrepack::test_sklearn 
test_rolling_updates.py::TestRollingHttp::test_rolling_update2 
[gw3] PASSED test_prepackaged_servers.py::TestPrepack::test_xgboost 
test_rolling_updates.py::TestRollingHttp::test_rolling_update3 --- Logging error ---
Traceback (most recent call last):
  File "/usr/local/lib/python3.6/logging/__init__.py", line 987, in emit
    msg = self.format(record)
  File "/usr/local/lib/python3.6/logging/__init__.py", line 833, in format
    return fmt.format(record)
  File "/usr/local/lib/python3.6/site-packages/_pytest/logging.py", line 65, in format
    return super().format(record)
  File "/usr/local/lib/python3.6/logging/__init__.py", line 570, in format
    record.message = record.getMessage()
  File "/usr/local/lib/python3.6/logging/__init__.py", line 333, in getMessage
    msg = msg % self.args
TypeError: not all arguments converted during string formatting
Call stack:
  File "<string>", line 1, in <module>
  File "<string>", line 8, in <module>
  File "/usr/local/lib/python3.6/site-packages/execnet/gateway_base.py", line 1554, in serve
    SlaveGateway(io=io, id=id, _startcount=2).serve()
  File "/usr/local/lib/python3.6/site-packages/execnet/gateway_base.py", line 1060, in serve
    self._execpool.integrate_as_primary_thread()
  File "/usr/local/lib/python3.6/site-packages/execnet/gateway_base.py", line 267, in integrate_as_primary_thread
    self._perform_spawn(reply)
  File "/usr/local/lib/python3.6/site-packages/execnet/gateway_base.py", line 285, in _perform_spawn
    reply.run()
  File "/usr/local/lib/python3.6/site-packages/execnet/gateway_base.py", line 220, in run
    self._result = func(*args, **kwargs)
  File "/usr/local/lib/python3.6/site-packages/execnet/gateway_base.py", line 1084, in executetask
    do_exec(co, loc)  # noqa
  File "/usr/local/lib/python3.6/site-packages/xdist/remote.py", line 258, in <module>
    config.hook.pytest_cmdline_main(config=config)
  File "/usr/local/lib/python3.6/site-packages/pluggy/hooks.py", line 286, in __call__
    return self._hookexec(self, self.get_hookimpls(), kwargs)
  File "/usr/local/lib/python3.6/site-packages/pluggy/manager.py", line 92, in _hookexec
    return self._inner_hookexec(hook, methods, kwargs)
  File "/usr/local/lib/python3.6/site-packages/pluggy/manager.py", line 86, in <lambda>
    firstresult=hook.spec.opts.get("firstresult") if hook.spec else False,
  File "/usr/local/lib/python3.6/site-packages/pluggy/callers.py", line 187, in _multicall
    res = hook_impl.function(*args)
  File "/usr/local/lib/python3.6/site-packages/_pytest/main.py", line 230, in pytest_cmdline_main
    return wrap_session(config, _main)
  File "/usr/local/lib/python3.6/site-packages/_pytest/main.py", line 193, in wrap_session
    session.exitstatus = doit(config, session) or 0
  File "/usr/local/lib/python3.6/site-packages/_pytest/main.py", line 237, in _main
    config.hook.pytest_runtestloop(session=session)
  File "/usr/local/lib/python3.6/site-packages/pluggy/hooks.py", line 286, in __call__
    return self._hookexec(self, self.get_hookimpls(), kwargs)
  File "/usr/local/lib/python3.6/site-packages/pluggy/manager.py", line 92, in _hookexec
    return self._inner_hookexec(hook, methods, kwargs)
  File "/usr/local/lib/python3.6/site-packages/pluggy/manager.py", line 86, in <lambda>
    firstresult=hook.spec.opts.get("firstresult") if hook.spec else False,
  File "/usr/local/lib/python3.6/site-packages/pluggy/callers.py", line 187, in _multicall
    res = hook_impl.function(*args)
  File "/usr/local/lib/python3.6/site-packages/xdist/remote.py", line 70, in pytest_runtestloop
    self.run_one_test(torun)
  File "/usr/local/lib/python3.6/site-packages/xdist/remote.py", line 87, in run_one_test
    self.config.hook.pytest_runtest_protocol(item=item, nextitem=nextitem)
  File "/usr/local/lib/python3.6/site-packages/pluggy/hooks.py", line 286, in __call__
    return self._hookexec(self, self.get_hookimpls(), kwargs)
  File "/usr/local/lib/python3.6/site-packages/pluggy/manager.py", line 92, in _hookexec
    return self._inner_hookexec(hook, methods, kwargs)
  File "/usr/local/lib/python3.6/site-packages/pluggy/manager.py", line 86, in <lambda>
    firstresult=hook.spec.opts.get("firstresult") if hook.spec else False,
  File "/usr/local/lib/python3.6/site-packages/pluggy/callers.py", line 187, in _multicall
    res = hook_impl.function(*args)
  File "/usr/local/lib/python3.6/site-packages/_pytest/runner.py", line 80, in pytest_runtest_protocol
    runtestprotocol(item, nextitem=nextitem)
  File "/usr/local/lib/python3.6/site-packages/_pytest/runner.py", line 95, in runtestprotocol
    reports.append(call_and_report(item, "call", log))
  File "/usr/local/lib/python3.6/site-packages/_pytest/runner.py", line 176, in call_and_report
    call = call_runtest_hook(item, when, **kwds)
  File "/usr/local/lib/python3.6/site-packages/_pytest/runner.py", line 201, in call_runtest_hook
    lambda: ihook(item=item, **kwds), when=when, reraise=reraise
  File "/usr/local/lib/python3.6/site-packages/_pytest/runner.py", line 229, in from_call
    result = func()
  File "/usr/local/lib/python3.6/site-packages/_pytest/runner.py", line 201, in <lambda>
    lambda: ihook(item=item, **kwds), when=when, reraise=reraise
  File "/usr/local/lib/python3.6/site-packages/pluggy/hooks.py", line 286, in __call__
    return self._hookexec(self, self.get_hookimpls(), kwargs)
  File "/usr/local/lib/python3.6/site-packages/pluggy/manager.py", line 92, in _hookexec
    return self._inner_hookexec(hook, methods, kwargs)
  File "/usr/local/lib/python3.6/site-packages/pluggy/manager.py", line 86, in <lambda>
    firstresult=hook.spec.opts.get("firstresult") if hook.spec else False,
  File "/usr/local/lib/python3.6/site-packages/pluggy/callers.py", line 187, in _multicall
    res = hook_impl.function(*args)
  File "/usr/local/lib/python3.6/site-packages/_pytest/runner.py", line 125, in pytest_runtest_call
    item.runtest()
  File "/usr/local/lib/python3.6/site-packages/_pytest/python.py", line 1423, in runtest
    self.ihook.pytest_pyfunc_call(pyfuncitem=self)
  File "/usr/local/lib/python3.6/site-packages/pluggy/hooks.py", line 286, in __call__
    return self._hookexec(self, self.get_hookimpls(), kwargs)
  File "/usr/local/lib/python3.6/site-packages/pluggy/manager.py", line 92, in _hookexec
    return self._inner_hookexec(hook, methods, kwargs)
  File "/usr/local/lib/python3.6/site-packages/pluggy/manager.py", line 86, in <lambda>
    firstresult=hook.spec.opts.get("firstresult") if hook.spec else False,
  File "/usr/local/lib/python3.6/site-packages/pluggy/callers.py", line 187, in _multicall
    res = hook_impl.function(*args)
  File "/usr/local/lib/python3.6/site-packages/_pytest/python.py", line 170, in pytest_pyfunc_call
    result = testfunction(**testargs)
  File "/workspace/source/testing/scripts/test_rolling_updates.py", line 101, in test_rolling_update3
    r = initial_rest_request("mymodel", namespace)
  File "/workspace/source/testing/scripts/seldon_e2e_utils.py", line 131, in initial_rest_request
    dtype=dtype,
  File "/workspace/source/testing/scripts/seldon_e2e_utils.py", line 106, in rest_request
    logging.warning("Bad status:", r.status_code)
  File "/usr/local/lib/python3.6/logging/__init__.py", line 1855, in warning
    root.warning(msg, *args, **kwargs)
  File "/usr/local/lib/python3.6/logging/__init__.py", line 1313, in warning
    self._log(WARNING, msg, args, **kwargs)
  File "/usr/local/lib/python3.6/logging/__init__.py", line 1437, in _log
    self.handle(record)
  File "/usr/local/lib/python3.6/logging/__init__.py", line 1447, in handle
    self.callHandlers(record)
  File "/usr/local/lib/python3.6/logging/__init__.py", line 1509, in callHandlers
    hdlr.handle(record)
  File "/usr/local/lib/python3.6/logging/__init__.py", line 858, in handle
    self.emit(record)
  File "/usr/local/lib/python3.6/site-packages/_pytest/logging.py", line 227, in emit
    logging.StreamHandler.emit(self, record)
Message: 'Bad status:'
Arguments: (404,)
--- Logging error ---
Traceback (most recent call last):
  File "/usr/local/lib/python3.6/logging/__init__.py", line 987, in emit
    msg = self.format(record)
  File "/usr/local/lib/python3.6/logging/__init__.py", line 833, in format
    return fmt.format(record)
  File "/usr/local/lib/python3.6/site-packages/_pytest/logging.py", line 65, in format
    return super().format(record)
  File "/usr/local/lib/python3.6/logging/__init__.py", line 570, in format
    record.message = record.getMessage()
  File "/usr/local/lib/python3.6/logging/__init__.py", line 333, in getMessage
    msg = msg % self.args
TypeError: not all arguments converted during string formatting
Call stack:
  File "<string>", line 1, in <module>
  File "<string>", line 8, in <module>
  File "/usr/local/lib/python3.6/site-packages/execnet/gateway_base.py", line 1554, in serve
    SlaveGateway(io=io, id=id, _startcount=2).serve()
  File "/usr/local/lib/python3.6/site-packages/execnet/gateway_base.py", line 1060, in serve
    self._execpool.integrate_as_primary_thread()
  File "/usr/local/lib/python3.6/site-packages/execnet/gateway_base.py", line 267, in integrate_as_primary_thread
    self._perform_spawn(reply)
  File "/usr/local/lib/python3.6/site-packages/execnet/gateway_base.py", line 285, in _perform_spawn
    reply.run()
  File "/usr/local/lib/python3.6/site-packages/execnet/gateway_base.py", line 220, in run
    self._result = func(*args, **kwargs)
  File "/usr/local/lib/python3.6/site-packages/execnet/gateway_base.py", line 1084, in executetask
    do_exec(co, loc)  # noqa
  File "/usr/local/lib/python3.6/site-packages/xdist/remote.py", line 258, in <module>
    config.hook.pytest_cmdline_main(config=config)
  File "/usr/local/lib/python3.6/site-packages/pluggy/hooks.py", line 286, in __call__
    return self._hookexec(self, self.get_hookimpls(), kwargs)
  File "/usr/local/lib/python3.6/site-packages/pluggy/manager.py", line 92, in _hookexec
    return self._inner_hookexec(hook, methods, kwargs)
  File "/usr/local/lib/python3.6/site-packages/pluggy/manager.py", line 86, in <lambda>
    firstresult=hook.spec.opts.get("firstresult") if hook.spec else False,
  File "/usr/local/lib/python3.6/site-packages/pluggy/callers.py", line 187, in _multicall
    res = hook_impl.function(*args)
  File "/usr/local/lib/python3.6/site-packages/_pytest/main.py", line 230, in pytest_cmdline_main
    return wrap_session(config, _main)
  File "/usr/local/lib/python3.6/site-packages/_pytest/main.py", line 193, in wrap_session
    session.exitstatus = doit(config, session) or 0
  File "/usr/local/lib/python3.6/site-packages/_pytest/main.py", line 237, in _main
    config.hook.pytest_runtestloop(session=session)
  File "/usr/local/lib/python3.6/site-packages/pluggy/hooks.py", line 286, in __call__
    return self._hookexec(self, self.get_hookimpls(), kwargs)
  File "/usr/local/lib/python3.6/site-packages/pluggy/manager.py", line 92, in _hookexec
    return self._inner_hookexec(hook, methods, kwargs)
  File "/usr/local/lib/python3.6/site-packages/pluggy/manager.py", line 86, in <lambda>
    firstresult=hook.spec.opts.get("firstresult") if hook.spec else False,
  File "/usr/local/lib/python3.6/site-packages/pluggy/callers.py", line 187, in _multicall
    res = hook_impl.function(*args)
  File "/usr/local/lib/python3.6/site-packages/xdist/remote.py", line 70, in pytest_runtestloop
    self.run_one_test(torun)
  File "/usr/local/lib/python3.6/site-packages/xdist/remote.py", line 87, in run_one_test
    self.config.hook.pytest_runtest_protocol(item=item, nextitem=nextitem)
  File "/usr/local/lib/python3.6/site-packages/pluggy/hooks.py", line 286, in __call__
    return self._hookexec(self, self.get_hookimpls(), kwargs)
  File "/usr/local/lib/python3.6/site-packages/pluggy/manager.py", line 92, in _hookexec
    return self._inner_hookexec(hook, methods, kwargs)
  File "/usr/local/lib/python3.6/site-packages/pluggy/manager.py", line 86, in <lambda>
    firstresult=hook.spec.opts.get("firstresult") if hook.spec else False,
  File "/usr/local/lib/python3.6/site-packages/pluggy/callers.py", line 187, in _multicall
    res = hook_impl.function(*args)
  File "/usr/local/lib/python3.6/site-packages/_pytest/runner.py", line 80, in pytest_runtest_protocol
    runtestprotocol(item, nextitem=nextitem)
  File "/usr/local/lib/python3.6/site-packages/_pytest/runner.py", line 95, in runtestprotocol
    reports.append(call_and_report(item, "call", log))
  File "/usr/local/lib/python3.6/site-packages/_pytest/runner.py", line 176, in call_and_report
    call = call_runtest_hook(item, when, **kwds)
  File "/usr/local/lib/python3.6/site-packages/_pytest/runner.py", line 201, in call_runtest_hook
    lambda: ihook(item=item, **kwds), when=when, reraise=reraise
  File "/usr/local/lib/python3.6/site-packages/_pytest/runner.py", line 229, in from_call
    result = func()
  File "/usr/local/lib/python3.6/site-packages/_pytest/runner.py", line 201, in <lambda>
    lambda: ihook(item=item, **kwds), when=when, reraise=reraise
  File "/usr/local/lib/python3.6/site-packages/pluggy/hooks.py", line 286, in __call__
    return self._hookexec(self, self.get_hookimpls(), kwargs)
  File "/usr/local/lib/python3.6/site-packages/pluggy/manager.py", line 92, in _hookexec
    return self._inner_hookexec(hook, methods, kwargs)
  File "/usr/local/lib/python3.6/site-packages/pluggy/manager.py", line 86, in <lambda>
    firstresult=hook.spec.opts.get("firstresult") if hook.spec else False,
  File "/usr/local/lib/python3.6/site-packages/pluggy/callers.py", line 187, in _multicall
    res = hook_impl.function(*args)
  File "/usr/local/lib/python3.6/site-packages/_pytest/runner.py", line 125, in pytest_runtest_call
    item.runtest()
  File "/usr/local/lib/python3.6/site-packages/_pytest/python.py", line 1423, in runtest
    self.ihook.pytest_pyfunc_call(pyfuncitem=self)
  File "/usr/local/lib/python3.6/site-packages/pluggy/hooks.py", line 286, in __call__
    return self._hookexec(self, self.get_hookimpls(), kwargs)
  File "/usr/local/lib/python3.6/site-packages/pluggy/manager.py", line 92, in _hookexec
    return self._inner_hookexec(hook, methods, kwargs)
  File "/usr/local/lib/python3.6/site-packages/pluggy/manager.py", line 86, in <lambda>
    firstresult=hook.spec.opts.get("firstresult") if hook.spec else False,
  File "/usr/local/lib/python3.6/site-packages/pluggy/callers.py", line 187, in _multicall
    res = hook_impl.function(*args)
  File "/usr/local/lib/python3.6/site-packages/_pytest/python.py", line 170, in pytest_pyfunc_call
    result = testfunction(**testargs)
  File "/workspace/source/testing/scripts/test_rolling_updates.py", line 61, in test_rolling_update2
    r = initial_rest_request("mymodel", namespace)
  File "/workspace/source/testing/scripts/seldon_e2e_utils.py", line 131, in initial_rest_request
    dtype=dtype,
  File "/workspace/source/testing/scripts/seldon_e2e_utils.py", line 106, in rest_request
    logging.warning("Bad status:", r.status_code)
  File "/usr/local/lib/python3.6/logging/__init__.py", line 1855, in warning
    root.warning(msg, *args, **kwargs)
  File "/usr/local/lib/python3.6/logging/__init__.py", line 1313, in warning
    self._log(WARNING, msg, args, **kwargs)
  File "/usr/local/lib/python3.6/logging/__init__.py", line 1437, in _log
    self.handle(record)
  File "/usr/local/lib/python3.6/logging/__init__.py", line 1447, in handle
    self.callHandlers(record)
  File "/usr/local/lib/python3.6/logging/__init__.py", line 1509, in callHandlers
    hdlr.handle(record)
  File "/usr/local/lib/python3.6/logging/__init__.py", line 858, in handle
    self.emit(record)
  File "/usr/local/lib/python3.6/site-packages/_pytest/logging.py", line 227, in emit
    logging.StreamHandler.emit(self, record)
Message: 'Bad status:'
Arguments: (404,)
--- Logging error ---
Traceback (most recent call last):
  File "/usr/local/lib/python3.6/logging/__init__.py", line 987, in emit
    msg = self.format(record)
  File "/usr/local/lib/python3.6/logging/__init__.py", line 833, in format
    return fmt.format(record)
  File "/usr/local/lib/python3.6/site-packages/_pytest/logging.py", line 65, in format
    return super().format(record)
  File "/usr/local/lib/python3.6/logging/__init__.py", line 570, in format
    record.message = record.getMessage()
  File "/usr/local/lib/python3.6/logging/__init__.py", line 333, in getMessage
    msg = msg % self.args
TypeError: not all arguments converted during string formatting
Call stack:
  File "<string>", line 1, in <module>
  File "<string>", line 8, in <module>
  File "/usr/local/lib/python3.6/site-packages/execnet/gateway_base.py", line 1554, in serve
    SlaveGateway(io=io, id=id, _startcount=2).serve()
  File "/usr/local/lib/python3.6/site-packages/execnet/gateway_base.py", line 1060, in serve
    self._execpool.integrate_as_primary_thread()
  File "/usr/local/lib/python3.6/site-packages/execnet/gateway_base.py", line 267, in integrate_as_primary_thread
    self._perform_spawn(reply)
  File "/usr/local/lib/python3.6/site-packages/execnet/gateway_base.py", line 285, in _perform_spawn
    reply.run()
  File "/usr/local/lib/python3.6/site-packages/execnet/gateway_base.py", line 220, in run
    self._result = func(*args, **kwargs)
  File "/usr/local/lib/python3.6/site-packages/execnet/gateway_base.py", line 1084, in executetask
    do_exec(co, loc)  # noqa
  File "/usr/local/lib/python3.6/site-packages/xdist/remote.py", line 258, in <module>
    config.hook.pytest_cmdline_main(config=config)
  File "/usr/local/lib/python3.6/site-packages/pluggy/hooks.py", line 286, in __call__
    return self._hookexec(self, self.get_hookimpls(), kwargs)
  File "/usr/local/lib/python3.6/site-packages/pluggy/manager.py", line 92, in _hookexec
    return self._inner_hookexec(hook, methods, kwargs)
  File "/usr/local/lib/python3.6/site-packages/pluggy/manager.py", line 86, in <lambda>
    firstresult=hook.spec.opts.get("firstresult") if hook.spec else False,
  File "/usr/local/lib/python3.6/site-packages/pluggy/callers.py", line 187, in _multicall
    res = hook_impl.function(*args)
  File "/usr/local/lib/python3.6/site-packages/_pytest/main.py", line 230, in pytest_cmdline_main
    return wrap_session(config, _main)
  File "/usr/local/lib/python3.6/site-packages/_pytest/main.py", line 193, in wrap_session
    session.exitstatus = doit(config, session) or 0
  File "/usr/local/lib/python3.6/site-packages/_pytest/main.py", line 237, in _main
    config.hook.pytest_runtestloop(session=session)
  File "/usr/local/lib/python3.6/site-packages/pluggy/hooks.py", line 286, in __call__
    return self._hookexec(self, self.get_hookimpls(), kwargs)
  File "/usr/local/lib/python3.6/site-packages/pluggy/manager.py", line 92, in _hookexec
    return self._inner_hookexec(hook, methods, kwargs)
  File "/usr/local/lib/python3.6/site-packages/pluggy/manager.py", line 86, in <lambda>
    firstresult=hook.spec.opts.get("firstresult") if hook.spec else False,
  File "/usr/local/lib/python3.6/site-packages/pluggy/callers.py", line 187, in _multicall
    res = hook_impl.function(*args)
  File "/usr/local/lib/python3.6/site-packages/xdist/remote.py", line 70, in pytest_runtestloop
    self.run_one_test(torun)
  File "/usr/local/lib/python3.6/site-packages/xdist/remote.py", line 87, in run_one_test
    self.config.hook.pytest_runtest_protocol(item=item, nextitem=nextitem)
  File "/usr/local/lib/python3.6/site-packages/pluggy/hooks.py", line 286, in __call__
    return self._hookexec(self, self.get_hookimpls(), kwargs)
  File "/usr/local/lib/python3.6/site-packages/pluggy/manager.py", line 92, in _hookexec
    return self._inner_hookexec(hook, methods, kwargs)
  File "/usr/local/lib/python3.6/site-packages/pluggy/manager.py", line 86, in <lambda>
    firstresult=hook.spec.opts.get("firstresult") if hook.spec else False,
  File "/usr/local/lib/python3.6/site-packages/pluggy/callers.py", line 187, in _multicall
    res = hook_impl.function(*args)
  File "/usr/local/lib/python3.6/site-packages/_pytest/runner.py", line 80, in pytest_runtest_protocol
    runtestprotocol(item, nextitem=nextitem)
  File "/usr/local/lib/python3.6/site-packages/_pytest/runner.py", line 95, in runtestprotocol
    reports.append(call_and_report(item, "call", log))
  File "/usr/local/lib/python3.6/site-packages/_pytest/runner.py", line 176, in call_and_report
    call = call_runtest_hook(item, when, **kwds)
  File "/usr/local/lib/python3.6/site-packages/_pytest/runner.py", line 201, in call_runtest_hook
    lambda: ihook(item=item, **kwds), when=when, reraise=reraise
  File "/usr/local/lib/python3.6/site-packages/_pytest/runner.py", line 229, in from_call
    result = func()
  File "/usr/local/lib/python3.6/site-packages/_pytest/runner.py", line 201, in <lambda>
    lambda: ihook(item=item, **kwds), when=when, reraise=reraise
  File "/usr/local/lib/python3.6/site-packages/pluggy/hooks.py", line 286, in __call__
    return self._hookexec(self, self.get_hookimpls(), kwargs)
  File "/usr/local/lib/python3.6/site-packages/pluggy/manager.py", line 92, in _hookexec
    return self._inner_hookexec(hook, methods, kwargs)
  File "/usr/local/lib/python3.6/site-packages/pluggy/manager.py", line 86, in <lambda>
    firstresult=hook.spec.opts.get("firstresult") if hook.spec else False,
  File "/usr/local/lib/python3.6/site-packages/pluggy/callers.py", line 187, in _multicall
    res = hook_impl.function(*args)
  File "/usr/local/lib/python3.6/site-packages/_pytest/runner.py", line 125, in pytest_runtest_call
    item.runtest()
  File "/usr/local/lib/python3.6/site-packages/_pytest/python.py", line 1423, in runtest
    self.ihook.pytest_pyfunc_call(pyfuncitem=self)
  File "/usr/local/lib/python3.6/site-packages/pluggy/hooks.py", line 286, in __call__
    return self._hookexec(self, self.get_hookimpls(), kwargs)
  File "/usr/local/lib/python3.6/site-packages/pluggy/manager.py", line 92, in _hookexec
    return self._inner_hookexec(hook, methods, kwargs)
  File "/usr/local/lib/python3.6/site-packages/pluggy/manager.py", line 86, in <lambda>
    firstresult=hook.spec.opts.get("firstresult") if hook.spec else False,
  File "/usr/local/lib/python3.6/site-packages/pluggy/callers.py", line 187, in _multicall
    res = hook_impl.function(*args)
  File "/usr/local/lib/python3.6/site-packages/_pytest/python.py", line 170, in pytest_pyfunc_call
    result = testfunction(**testargs)
  File "/workspace/source/testing/scripts/test_rolling_updates.py", line 22, in test_rolling_update1
    r = initial_rest_request("mymodel", namespace)
  File "/workspace/source/testing/scripts/seldon_e2e_utils.py", line 131, in initial_rest_request
    dtype=dtype,
  File "/workspace/source/testing/scripts/seldon_e2e_utils.py", line 106, in rest_request
    logging.warning("Bad status:", r.status_code)
  File "/usr/local/lib/python3.6/logging/__init__.py", line 1855, in warning
    root.warning(msg, *args, **kwargs)
  File "/usr/local/lib/python3.6/logging/__init__.py", line 1313, in warning
    self._log(WARNING, msg, args, **kwargs)
  File "/usr/local/lib/python3.6/logging/__init__.py", line 1437, in _log
    self.handle(record)
  File "/usr/local/lib/python3.6/logging/__init__.py", line 1447, in handle
    self.callHandlers(record)
  File "/usr/local/lib/python3.6/logging/__init__.py", line 1509, in callHandlers
    hdlr.handle(record)
  File "/usr/local/lib/python3.6/logging/__init__.py", line 858, in handle
    self.emit(record)
  File "/usr/local/lib/python3.6/site-packages/_pytest/logging.py", line 227, in emit
    logging.StreamHandler.emit(self, record)
Message: 'Bad status:'
Arguments: (404,)
--- Logging error ---
Traceback (most recent call last):
  File "/usr/local/lib/python3.6/logging/__init__.py", line 987, in emit
    msg = self.format(record)
  File "/usr/local/lib/python3.6/logging/__init__.py", line 833, in format
    return fmt.format(record)
  File "/usr/local/lib/python3.6/site-packages/_pytest/logging.py", line 65, in format
    return super().format(record)
  File "/usr/local/lib/python3.6/logging/__init__.py", line 570, in format
    record.message = record.getMessage()
  File "/usr/local/lib/python3.6/logging/__init__.py", line 333, in getMessage
    msg = msg % self.args
TypeError: not all arguments converted during string formatting
Call stack:
  File "<string>", line 1, in <module>
  File "<string>", line 8, in <module>
  File "/usr/local/lib/python3.6/site-packages/execnet/gateway_base.py", line 1554, in serve
    SlaveGateway(io=io, id=id, _startcount=2).serve()
  File "/usr/local/lib/python3.6/site-packages/execnet/gateway_base.py", line 1060, in serve
    self._execpool.integrate_as_primary_thread()
  File "/usr/local/lib/python3.6/site-packages/execnet/gateway_base.py", line 267, in integrate_as_primary_thread
    self._perform_spawn(reply)
  File "/usr/local/lib/python3.6/site-packages/execnet/gateway_base.py", line 285, in _perform_spawn
    reply.run()
  File "/usr/local/lib/python3.6/site-packages/execnet/gateway_base.py", line 220, in run
    self._result = func(*args, **kwargs)
  File "/usr/local/lib/python3.6/site-packages/execnet/gateway_base.py", line 1084, in executetask
    do_exec(co, loc)  # noqa
  File "/usr/local/lib/python3.6/site-packages/xdist/remote.py", line 258, in <module>
    config.hook.pytest_cmdline_main(config=config)
  File "/usr/local/lib/python3.6/site-packages/pluggy/hooks.py", line 286, in __call__
    return self._hookexec(self, self.get_hookimpls(), kwargs)
  File "/usr/local/lib/python3.6/site-packages/pluggy/manager.py", line 92, in _hookexec
    return self._inner_hookexec(hook, methods, kwargs)
  File "/usr/local/lib/python3.6/site-packages/pluggy/manager.py", line 86, in <lambda>
    firstresult=hook.spec.opts.get("firstresult") if hook.spec else False,
  File "/usr/local/lib/python3.6/site-packages/pluggy/callers.py", line 187, in _multicall
    res = hook_impl.function(*args)
  File "/usr/local/lib/python3.6/site-packages/_pytest/main.py", line 230, in pytest_cmdline_main
    return wrap_session(config, _main)
  File "/usr/local/lib/python3.6/site-packages/_pytest/main.py", line 193, in wrap_session
    session.exitstatus = doit(config, session) or 0
  File "/usr/local/lib/python3.6/site-packages/_pytest/main.py", line 237, in _main
    config.hook.pytest_runtestloop(session=session)
  File "/usr/local/lib/python3.6/site-packages/pluggy/hooks.py", line 286, in __call__
    return self._hookexec(self, self.get_hookimpls(), kwargs)
  File "/usr/local/lib/python3.6/site-packages/pluggy/manager.py", line 92, in _hookexec
    return self._inner_hookexec(hook, methods, kwargs)
  File "/usr/local/lib/python3.6/site-packages/pluggy/manager.py", line 86, in <lambda>
    firstresult=hook.spec.opts.get("firstresult") if hook.spec else False,
  File "/usr/local/lib/python3.6/site-packages/pluggy/callers.py", line 187, in _multicall
    res = hook_impl.function(*args)
  File "/usr/local/lib/python3.6/site-packages/xdist/remote.py", line 70, in pytest_runtestloop
    self.run_one_test(torun)
  File "/usr/local/lib/python3.6/site-packages/xdist/remote.py", line 87, in run_one_test
    self.config.hook.pytest_runtest_protocol(item=item, nextitem=nextitem)
  File "/usr/local/lib/python3.6/site-packages/pluggy/hooks.py", line 286, in __call__
    return self._hookexec(self, self.get_hookimpls(), kwargs)
  File "/usr/local/lib/python3.6/site-packages/pluggy/manager.py", line 92, in _hookexec
    return self._inner_hookexec(hook, methods, kwargs)
  File "/usr/local/lib/python3.6/site-packages/pluggy/manager.py", line 86, in <lambda>
    firstresult=hook.spec.opts.get("firstresult") if hook.spec else False,
  File "/usr/local/lib/python3.6/site-packages/pluggy/callers.py", line 187, in _multicall
    res = hook_impl.function(*args)
  File "/usr/local/lib/python3.6/site-packages/_pytest/runner.py", line 80, in pytest_runtest_protocol
    runtestprotocol(item, nextitem=nextitem)
  File "/usr/local/lib/python3.6/site-packages/_pytest/runner.py", line 95, in runtestprotocol
    reports.append(call_and_report(item, "call", log))
  File "/usr/local/lib/python3.6/site-packages/_pytest/runner.py", line 176, in call_and_report
    call = call_runtest_hook(item, when, **kwds)
  File "/usr/local/lib/python3.6/site-packages/_pytest/runner.py", line 201, in call_runtest_hook
    lambda: ihook(item=item, **kwds), when=when, reraise=reraise
  File "/usr/local/lib/python3.6/site-packages/_pytest/runner.py", line 229, in from_call
    result = func()
  File "/usr/local/lib/python3.6/site-packages/_pytest/runner.py", line 201, in <lambda>
    lambda: ihook(item=item, **kwds), when=when, reraise=reraise
  File "/usr/local/lib/python3.6/site-packages/pluggy/hooks.py", line 286, in __call__
    return self._hookexec(self, self.get_hookimpls(), kwargs)
  File "/usr/local/lib/python3.6/site-packages/pluggy/manager.py", line 92, in _hookexec
    return self._inner_hookexec(hook, methods, kwargs)
  File "/usr/local/lib/python3.6/site-packages/pluggy/manager.py", line 86, in <lambda>
    firstresult=hook.spec.opts.get("firstresult") if hook.spec else False,
  File "/usr/local/lib/python3.6/site-packages/pluggy/callers.py", line 187, in _multicall
    res = hook_impl.function(*args)
  File "/usr/local/lib/python3.6/site-packages/_pytest/runner.py", line 125, in pytest_runtest_call
    item.runtest()
  File "/usr/local/lib/python3.6/site-packages/_pytest/python.py", line 1423, in runtest
    self.ihook.pytest_pyfunc_call(pyfuncitem=self)
  File "/usr/local/lib/python3.6/site-packages/pluggy/hooks.py", line 286, in __call__
    return self._hookexec(self, self.get_hookimpls(), kwargs)
  File "/usr/local/lib/python3.6/site-packages/pluggy/manager.py", line 92, in _hookexec
    return self._inner_hookexec(hook, methods, kwargs)
  File "/usr/local/lib/python3.6/site-packages/pluggy/manager.py", line 86, in <lambda>
    firstresult=hook.spec.opts.get("firstresult") if hook.spec else False,
  File "/usr/local/lib/python3.6/site-packages/pluggy/callers.py", line 187, in _multicall
    res = hook_impl.function(*args)
  File "/usr/local/lib/python3.6/site-packages/_pytest/python.py", line 170, in pytest_pyfunc_call
    result = testfunction(**testargs)
  File "/workspace/source/testing/scripts/test_rolling_updates.py", line 22, in test_rolling_update1
    r = initial_rest_request("mymodel", namespace)
  File "/workspace/source/testing/scripts/seldon_e2e_utils.py", line 143, in initial_rest_request
    dtype=dtype,
  File "/workspace/source/testing/scripts/seldon_e2e_utils.py", line 106, in rest_request
    logging.warning("Bad status:", r.status_code)
  File "/usr/local/lib/python3.6/logging/__init__.py", line 1855, in warning
    root.warning(msg, *args, **kwargs)
  File "/usr/local/lib/python3.6/logging/__init__.py", line 1313, in warning
    self._log(WARNING, msg, args, **kwargs)
  File "/usr/local/lib/python3.6/logging/__init__.py", line 1437, in _log
    self.handle(record)
  File "/usr/local/lib/python3.6/logging/__init__.py", line 1447, in handle
    self.callHandlers(record)
  File "/usr/local/lib/python3.6/logging/__init__.py", line 1509, in callHandlers
    hdlr.handle(record)
  File "/usr/local/lib/python3.6/logging/__init__.py", line 858, in handle
    self.emit(record)
  File "/usr/local/lib/python3.6/site-packages/_pytest/logging.py", line 227, in emit
    logging.StreamHandler.emit(self, record)
Message: 'Bad status:'
Arguments: (404,)
--- Logging error ---
Traceback (most recent call last):
  File "/usr/local/lib/python3.6/logging/__init__.py", line 987, in emit
    msg = self.format(record)
  File "/usr/local/lib/python3.6/logging/__init__.py", line 833, in format
    return fmt.format(record)
  File "/usr/local/lib/python3.6/site-packages/_pytest/logging.py", line 65, in format
    return super().format(record)
  File "/usr/local/lib/python3.6/logging/__init__.py", line 570, in format
    record.message = record.getMessage()
  File "/usr/local/lib/python3.6/logging/__init__.py", line 333, in getMessage
    msg = msg % self.args
TypeError: not all arguments converted during string formatting
Call stack:
  File "<string>", line 1, in <module>
  File "<string>", line 8, in <module>
  File "/usr/local/lib/python3.6/site-packages/execnet/gateway_base.py", line 1554, in serve
    SlaveGateway(io=io, id=id, _startcount=2).serve()
  File "/usr/local/lib/python3.6/site-packages/execnet/gateway_base.py", line 1060, in serve
    self._execpool.integrate_as_primary_thread()
  File "/usr/local/lib/python3.6/site-packages/execnet/gateway_base.py", line 267, in integrate_as_primary_thread
    self._perform_spawn(reply)
  File "/usr/local/lib/python3.6/site-packages/execnet/gateway_base.py", line 285, in _perform_spawn
    reply.run()
  File "/usr/local/lib/python3.6/site-packages/execnet/gateway_base.py", line 220, in run
    self._result = func(*args, **kwargs)
  File "/usr/local/lib/python3.6/site-packages/execnet/gateway_base.py", line 1084, in executetask
    do_exec(co, loc)  # noqa
  File "/usr/local/lib/python3.6/site-packages/xdist/remote.py", line 258, in <module>
    config.hook.pytest_cmdline_main(config=config)
  File "/usr/local/lib/python3.6/site-packages/pluggy/hooks.py", line 286, in __call__
    return self._hookexec(self, self.get_hookimpls(), kwargs)
  File "/usr/local/lib/python3.6/site-packages/pluggy/manager.py", line 92, in _hookexec
    return self._inner_hookexec(hook, methods, kwargs)
  File "/usr/local/lib/python3.6/site-packages/pluggy/manager.py", line 86, in <lambda>
    firstresult=hook.spec.opts.get("firstresult") if hook.spec else False,
  File "/usr/local/lib/python3.6/site-packages/pluggy/callers.py", line 187, in _multicall
    res = hook_impl.function(*args)
  File "/usr/local/lib/python3.6/site-packages/_pytest/main.py", line 230, in pytest_cmdline_main
    return wrap_session(config, _main)
  File "/usr/local/lib/python3.6/site-packages/_pytest/main.py", line 193, in wrap_session
    session.exitstatus = doit(config, session) or 0
  File "/usr/local/lib/python3.6/site-packages/_pytest/main.py", line 237, in _main
    config.hook.pytest_runtestloop(session=session)
  File "/usr/local/lib/python3.6/site-packages/pluggy/hooks.py", line 286, in __call__
    return self._hookexec(self, self.get_hookimpls(), kwargs)
  File "/usr/local/lib/python3.6/site-packages/pluggy/manager.py", line 92, in _hookexec
    return self._inner_hookexec(hook, methods, kwargs)
  File "/usr/local/lib/python3.6/site-packages/pluggy/manager.py", line 86, in <lambda>
    firstresult=hook.spec.opts.get("firstresult") if hook.spec else False,
  File "/usr/local/lib/python3.6/site-packages/pluggy/callers.py", line 187, in _multicall
    res = hook_impl.function(*args)
  File "/usr/local/lib/python3.6/site-packages/xdist/remote.py", line 70, in pytest_runtestloop
    self.run_one_test(torun)
  File "/usr/local/lib/python3.6/site-packages/xdist/remote.py", line 87, in run_one_test
    self.config.hook.pytest_runtest_protocol(item=item, nextitem=nextitem)
  File "/usr/local/lib/python3.6/site-packages/pluggy/hooks.py", line 286, in __call__
    return self._hookexec(self, self.get_hookimpls(), kwargs)
  File "/usr/local/lib/python3.6/site-packages/pluggy/manager.py", line 92, in _hookexec
    return self._inner_hookexec(hook, methods, kwargs)
  File "/usr/local/lib/python3.6/site-packages/pluggy/manager.py", line 86, in <lambda>
    firstresult=hook.spec.opts.get("firstresult") if hook.spec else False,
  File "/usr/local/lib/python3.6/site-packages/pluggy/callers.py", line 187, in _multicall
    res = hook_impl.function(*args)
  File "/usr/local/lib/python3.6/site-packages/_pytest/runner.py", line 80, in pytest_runtest_protocol
    runtestprotocol(item, nextitem=nextitem)
  File "/usr/local/lib/python3.6/site-packages/_pytest/runner.py", line 95, in runtestprotocol
    reports.append(call_and_report(item, "call", log))
  File "/usr/local/lib/python3.6/site-packages/_pytest/runner.py", line 176, in call_and_report
    call = call_runtest_hook(item, when, **kwds)
  File "/usr/local/lib/python3.6/site-packages/_pytest/runner.py", line 201, in call_runtest_hook
    lambda: ihook(item=item, **kwds), when=when, reraise=reraise
  File "/usr/local/lib/python3.6/site-packages/_pytest/runner.py", line 229, in from_call
    result = func()
  File "/usr/local/lib/python3.6/site-packages/_pytest/runner.py", line 201, in <lambda>
    lambda: ihook(item=item, **kwds), when=when, reraise=reraise
  File "/usr/local/lib/python3.6/site-packages/pluggy/hooks.py", line 286, in __call__
    return self._hookexec(self, self.get_hookimpls(), kwargs)
  File "/usr/local/lib/python3.6/site-packages/pluggy/manager.py", line 92, in _hookexec
    return self._inner_hookexec(hook, methods, kwargs)
  File "/usr/local/lib/python3.6/site-packages/pluggy/manager.py", line 86, in <lambda>
    firstresult=hook.spec.opts.get("firstresult") if hook.spec else False,
  File "/usr/local/lib/python3.6/site-packages/pluggy/callers.py", line 187, in _multicall
    res = hook_impl.function(*args)
  File "/usr/local/lib/python3.6/site-packages/_pytest/runner.py", line 125, in pytest_runtest_call
    item.runtest()
  File "/usr/local/lib/python3.6/site-packages/_pytest/python.py", line 1423, in runtest
    self.ihook.pytest_pyfunc_call(pyfuncitem=self)
  File "/usr/local/lib/python3.6/site-packages/pluggy/hooks.py", line 286, in __call__
    return self._hookexec(self, self.get_hookimpls(), kwargs)
  File "/usr/local/lib/python3.6/site-packages/pluggy/manager.py", line 92, in _hookexec
    return self._inner_hookexec(hook, methods, kwargs)
  File "/usr/local/lib/python3.6/site-packages/pluggy/manager.py", line 86, in <lambda>
    firstresult=hook.spec.opts.get("firstresult") if hook.spec else False,
  File "/usr/local/lib/python3.6/site-packages/pluggy/callers.py", line 187, in _multicall
    res = hook_impl.function(*args)
  File "/usr/local/lib/python3.6/site-packages/_pytest/python.py", line 170, in pytest_pyfunc_call
    result = testfunction(**testargs)
  File "/workspace/source/testing/scripts/test_rolling_updates.py", line 61, in test_rolling_update2
    r = initial_rest_request("mymodel", namespace)
  File "/workspace/source/testing/scripts/seldon_e2e_utils.py", line 143, in initial_rest_request
    dtype=dtype,
  File "/workspace/source/testing/scripts/seldon_e2e_utils.py", line 106, in rest_request
    logging.warning("Bad status:", r.status_code)
  File "/usr/local/lib/python3.6/logging/__init__.py", line 1855, in warning
    root.warning(msg, *args, **kwargs)
  File "/usr/local/lib/python3.6/logging/__init__.py", line 1313, in warning
    self._log(WARNING, msg, args, **kwargs)
  File "/usr/local/lib/python3.6/logging/__init__.py", line 1437, in _log
    self.handle(record)
  File "/usr/local/lib/python3.6/logging/__init__.py", line 1447, in handle
    self.callHandlers(record)
  File "/usr/local/lib/python3.6/logging/__init__.py", line 1509, in callHandlers
    hdlr.handle(record)
  File "/usr/local/lib/python3.6/logging/__init__.py", line 858, in handle
    self.emit(record)
  File "/usr/local/lib/python3.6/site-packages/_pytest/logging.py", line 227, in emit
    logging.StreamHandler.emit(self, record)
Message: 'Bad status:'
Arguments: (504,)
Error from server (NotFound): error when deleting "../resources/graph3.json": seldondeployments.machinelearning.seldon.io "mymodel" not found

[gw2] PASSED test_prepackaged_servers.py::TestPrepack::test_tfserving 
test_rolling_updates.py::TestRollingHttp::test_rolling_update4 Error from server (NotFound): error when deleting "../resources/graph2.json": seldondeployments.machinelearning.seldon.io "mymodel" not found
Error from server (NotFound): error when deleting "../resources/graph4.json": seldondeployments.machinelearning.seldon.io "mymodel" not found
--- Logging error ---
Traceback (most recent call last):
  File "/usr/local/lib/python3.6/logging/__init__.py", line 987, in emit
    msg = self.format(record)
  File "/usr/local/lib/python3.6/logging/__init__.py", line 833, in format
    return fmt.format(record)
  File "/usr/local/lib/python3.6/site-packages/_pytest/logging.py", line 65, in format
    return super().format(record)
  File "/usr/local/lib/python3.6/logging/__init__.py", line 570, in format
    record.message = record.getMessage()
  File "/usr/local/lib/python3.6/logging/__init__.py", line 333, in getMessage
    msg = msg % self.args
TypeError: not all arguments converted during string formatting
Call stack:
  File "<string>", line 1, in <module>
  File "<string>", line 8, in <module>
  File "/usr/local/lib/python3.6/site-packages/execnet/gateway_base.py", line 1554, in serve
    SlaveGateway(io=io, id=id, _startcount=2).serve()
  File "/usr/local/lib/python3.6/site-packages/execnet/gateway_base.py", line 1060, in serve
    self._execpool.integrate_as_primary_thread()
  File "/usr/local/lib/python3.6/site-packages/execnet/gateway_base.py", line 267, in integrate_as_primary_thread
    self._perform_spawn(reply)
  File "/usr/local/lib/python3.6/site-packages/execnet/gateway_base.py", line 285, in _perform_spawn
    reply.run()
  File "/usr/local/lib/python3.6/site-packages/execnet/gateway_base.py", line 220, in run
    self._result = func(*args, **kwargs)
  File "/usr/local/lib/python3.6/site-packages/execnet/gateway_base.py", line 1084, in executetask
    do_exec(co, loc)  # noqa
  File "/usr/local/lib/python3.6/site-packages/xdist/remote.py", line 258, in <module>
    config.hook.pytest_cmdline_main(config=config)
  File "/usr/local/lib/python3.6/site-packages/pluggy/hooks.py", line 286, in __call__
    return self._hookexec(self, self.get_hookimpls(), kwargs)
  File "/usr/local/lib/python3.6/site-packages/pluggy/manager.py", line 92, in _hookexec
    return self._inner_hookexec(hook, methods, kwargs)
  File "/usr/local/lib/python3.6/site-packages/pluggy/manager.py", line 86, in <lambda>
    firstresult=hook.spec.opts.get("firstresult") if hook.spec else False,
  File "/usr/local/lib/python3.6/site-packages/pluggy/callers.py", line 187, in _multicall
    res = hook_impl.function(*args)
  File "/usr/local/lib/python3.6/site-packages/_pytest/main.py", line 230, in pytest_cmdline_main
    return wrap_session(config, _main)
  File "/usr/local/lib/python3.6/site-packages/_pytest/main.py", line 193, in wrap_session
    session.exitstatus = doit(config, session) or 0
  File "/usr/local/lib/python3.6/site-packages/_pytest/main.py", line 237, in _main
    config.hook.pytest_runtestloop(session=session)
  File "/usr/local/lib/python3.6/site-packages/pluggy/hooks.py", line 286, in __call__
    return self._hookexec(self, self.get_hookimpls(), kwargs)
  File "/usr/local/lib/python3.6/site-packages/pluggy/manager.py", line 92, in _hookexec
    return self._inner_hookexec(hook, methods, kwargs)
  File "/usr/local/lib/python3.6/site-packages/pluggy/manager.py", line 86, in <lambda>
    firstresult=hook.spec.opts.get("firstresult") if hook.spec else False,
  File "/usr/local/lib/python3.6/site-packages/pluggy/callers.py", line 187, in _multicall
    res = hook_impl.function(*args)
  File "/usr/local/lib/python3.6/site-packages/xdist/remote.py", line 70, in pytest_runtestloop
    self.run_one_test(torun)
  File "/usr/local/lib/python3.6/site-packages/xdist/remote.py", line 87, in run_one_test
    self.config.hook.pytest_runtest_protocol(item=item, nextitem=nextitem)
  File "/usr/local/lib/python3.6/site-packages/pluggy/hooks.py", line 286, in __call__
    return self._hookexec(self, self.get_hookimpls(), kwargs)
  File "/usr/local/lib/python3.6/site-packages/pluggy/manager.py", line 92, in _hookexec
    return self._inner_hookexec(hook, methods, kwargs)
  File "/usr/local/lib/python3.6/site-packages/pluggy/manager.py", line 86, in <lambda>
    firstresult=hook.spec.opts.get("firstresult") if hook.spec else False,
  File "/usr/local/lib/python3.6/site-packages/pluggy/callers.py", line 187, in _multicall
    res = hook_impl.function(*args)
  File "/usr/local/lib/python3.6/site-packages/_pytest/runner.py", line 80, in pytest_runtest_protocol
    runtestprotocol(item, nextitem=nextitem)
  File "/usr/local/lib/python3.6/site-packages/_pytest/runner.py", line 95, in runtestprotocol
    reports.append(call_and_report(item, "call", log))
  File "/usr/local/lib/python3.6/site-packages/_pytest/runner.py", line 176, in call_and_report
    call = call_runtest_hook(item, when, **kwds)
  File "/usr/local/lib/python3.6/site-packages/_pytest/runner.py", line 201, in call_runtest_hook
    lambda: ihook(item=item, **kwds), when=when, reraise=reraise
  File "/usr/local/lib/python3.6/site-packages/_pytest/runner.py", line 229, in from_call
    result = func()
  File "/usr/local/lib/python3.6/site-packages/_pytest/runner.py", line 201, in <lambda>
    lambda: ihook(item=item, **kwds), when=when, reraise=reraise
  File "/usr/local/lib/python3.6/site-packages/pluggy/hooks.py", line 286, in __call__
    return self._hookexec(self, self.get_hookimpls(), kwargs)
  File "/usr/local/lib/python3.6/site-packages/pluggy/manager.py", line 92, in _hookexec
    return self._inner_hookexec(hook, methods, kwargs)
  File "/usr/local/lib/python3.6/site-packages/pluggy/manager.py", line 86, in <lambda>
    firstresult=hook.spec.opts.get("firstresult") if hook.spec else False,
  File "/usr/local/lib/python3.6/site-packages/pluggy/callers.py", line 187, in _multicall
    res = hook_impl.function(*args)
  File "/usr/local/lib/python3.6/site-packages/_pytest/runner.py", line 125, in pytest_runtest_call
    item.runtest()
  File "/usr/local/lib/python3.6/site-packages/_pytest/python.py", line 1423, in runtest
    self.ihook.pytest_pyfunc_call(pyfuncitem=self)
  File "/usr/local/lib/python3.6/site-packages/pluggy/hooks.py", line 286, in __call__
    return self._hookexec(self, self.get_hookimpls(), kwargs)
  File "/usr/local/lib/python3.6/site-packages/pluggy/manager.py", line 92, in _hookexec
    return self._inner_hookexec(hook, methods, kwargs)
  File "/usr/local/lib/python3.6/site-packages/pluggy/manager.py", line 86, in <lambda>
    firstresult=hook.spec.opts.get("firstresult") if hook.spec else False,
  File "/usr/local/lib/python3.6/site-packages/pluggy/callers.py", line 187, in _multicall
    res = hook_impl.function(*args)
  File "/usr/local/lib/python3.6/site-packages/_pytest/python.py", line 170, in pytest_pyfunc_call
    result = testfunction(**testargs)
  File "/workspace/source/testing/scripts/test_rolling_updates.py", line 135, in test_rolling_update4
    r = initial_rest_request("mymodel", namespace)
  File "/workspace/source/testing/scripts/seldon_e2e_utils.py", line 131, in initial_rest_request
    dtype=dtype,
  File "/workspace/source/testing/scripts/seldon_e2e_utils.py", line 106, in rest_request
    logging.warning("Bad status:", r.status_code)
  File "/usr/local/lib/python3.6/logging/__init__.py", line 1855, in warning
    root.warning(msg, *args, **kwargs)
  File "/usr/local/lib/python3.6/logging/__init__.py", line 1313, in warning
    self._log(WARNING, msg, args, **kwargs)
  File "/usr/local/lib/python3.6/logging/__init__.py", line 1437, in _log
    self.handle(record)
  File "/usr/local/lib/python3.6/logging/__init__.py", line 1447, in handle
    self.callHandlers(record)
  File "/usr/local/lib/python3.6/logging/__init__.py", line 1509, in callHandlers
    hdlr.handle(record)
  File "/usr/local/lib/python3.6/logging/__init__.py", line 858, in handle
    self.emit(record)
  File "/usr/local/lib/python3.6/site-packages/_pytest/logging.py", line 227, in emit
    logging.StreamHandler.emit(self, record)
Message: 'Bad status:'
Arguments: (404,)

[gw1] PASSED test_rolling_updates.py::TestRollingHttp::test_rolling_update2 
test_rolling_updates.py::TestRollingHttp::test_rolling_update6 
[gw0] PASSED test_rolling_updates.py::TestRollingHttp::test_rolling_update1 
test_rolling_updates.py::TestRollingHttp::test_rolling_update5 
[gw3] PASSED test_rolling_updates.py::TestRollingHttp::test_rolling_update3 
test_rolling_updates.py::TestRollingHttp::test_rolling_update7 --- Logging error ---
Traceback (most recent call last):
  File "/usr/local/lib/python3.6/logging/__init__.py", line 987, in emit
    msg = self.format(record)
  File "/usr/local/lib/python3.6/logging/__init__.py", line 833, in format
    return fmt.format(record)
  File "/usr/local/lib/python3.6/site-packages/_pytest/logging.py", line 65, in format
    return super().format(record)
  File "/usr/local/lib/python3.6/logging/__init__.py", line 570, in format
    record.message = record.getMessage()
  File "/usr/local/lib/python3.6/logging/__init__.py", line 333, in getMessage
    msg = msg % self.args
TypeError: not all arguments converted during string formatting
Call stack:
  File "<string>", line 1, in <module>
  File "<string>", line 8, in <module>
  File "/usr/local/lib/python3.6/site-packages/execnet/gateway_base.py", line 1554, in serve
    SlaveGateway(io=io, id=id, _startcount=2).serve()
  File "/usr/local/lib/python3.6/site-packages/execnet/gateway_base.py", line 1060, in serve
    self._execpool.integrate_as_primary_thread()
  File "/usr/local/lib/python3.6/site-packages/execnet/gateway_base.py", line 267, in integrate_as_primary_thread
    self._perform_spawn(reply)
  File "/usr/local/lib/python3.6/site-packages/execnet/gateway_base.py", line 285, in _perform_spawn
    reply.run()
  File "/usr/local/lib/python3.6/site-packages/execnet/gateway_base.py", line 220, in run
    self._result = func(*args, **kwargs)
  File "/usr/local/lib/python3.6/site-packages/execnet/gateway_base.py", line 1084, in executetask
    do_exec(co, loc)  # noqa
  File "/usr/local/lib/python3.6/site-packages/xdist/remote.py", line 258, in <module>
    config.hook.pytest_cmdline_main(config=config)
  File "/usr/local/lib/python3.6/site-packages/pluggy/hooks.py", line 286, in __call__
    return self._hookexec(self, self.get_hookimpls(), kwargs)
  File "/usr/local/lib/python3.6/site-packages/pluggy/manager.py", line 92, in _hookexec
    return self._inner_hookexec(hook, methods, kwargs)
  File "/usr/local/lib/python3.6/site-packages/pluggy/manager.py", line 86, in <lambda>
    firstresult=hook.spec.opts.get("firstresult") if hook.spec else False,
  File "/usr/local/lib/python3.6/site-packages/pluggy/callers.py", line 187, in _multicall
    res = hook_impl.function(*args)
  File "/usr/local/lib/python3.6/site-packages/_pytest/main.py", line 230, in pytest_cmdline_main
    return wrap_session(config, _main)
  File "/usr/local/lib/python3.6/site-packages/_pytest/main.py", line 193, in wrap_session
    session.exitstatus = doit(config, session) or 0
  File "/usr/local/lib/python3.6/site-packages/_pytest/main.py", line 237, in _main
    config.hook.pytest_runtestloop(session=session)
  File "/usr/local/lib/python3.6/site-packages/pluggy/hooks.py", line 286, in __call__
    return self._hookexec(self, self.get_hookimpls(), kwargs)
  File "/usr/local/lib/python3.6/site-packages/pluggy/manager.py", line 92, in _hookexec
    return self._inner_hookexec(hook, methods, kwargs)
  File "/usr/local/lib/python3.6/site-packages/pluggy/manager.py", line 86, in <lambda>
    firstresult=hook.spec.opts.get("firstresult") if hook.spec else False,
  File "/usr/local/lib/python3.6/site-packages/pluggy/callers.py", line 187, in _multicall
    res = hook_impl.function(*args)
  File "/usr/local/lib/python3.6/site-packages/xdist/remote.py", line 70, in pytest_runtestloop
    self.run_one_test(torun)
  File "/usr/local/lib/python3.6/site-packages/xdist/remote.py", line 87, in run_one_test
    self.config.hook.pytest_runtest_protocol(item=item, nextitem=nextitem)
  File "/usr/local/lib/python3.6/site-packages/pluggy/hooks.py", line 286, in __call__
    return self._hookexec(self, self.get_hookimpls(), kwargs)
  File "/usr/local/lib/python3.6/site-packages/pluggy/manager.py", line 92, in _hookexec
    return self._inner_hookexec(hook, methods, kwargs)
  File "/usr/local/lib/python3.6/site-packages/pluggy/manager.py", line 86, in <lambda>
    firstresult=hook.spec.opts.get("firstresult") if hook.spec else False,
  File "/usr/local/lib/python3.6/site-packages/pluggy/callers.py", line 187, in _multicall
    res = hook_impl.function(*args)
  File "/usr/local/lib/python3.6/site-packages/_pytest/runner.py", line 80, in pytest_runtest_protocol
    runtestprotocol(item, nextitem=nextitem)
  File "/usr/local/lib/python3.6/site-packages/_pytest/runner.py", line 95, in runtestprotocol
    reports.append(call_and_report(item, "call", log))
  File "/usr/local/lib/python3.6/site-packages/_pytest/runner.py", line 176, in call_and_report
    call = call_runtest_hook(item, when, **kwds)
  File "/usr/local/lib/python3.6/site-packages/_pytest/runner.py", line 201, in call_runtest_hook
    lambda: ihook(item=item, **kwds), when=when, reraise=reraise
  File "/usr/local/lib/python3.6/site-packages/_pytest/runner.py", line 229, in from_call
    result = func()
  File "/usr/local/lib/python3.6/site-packages/_pytest/runner.py", line 201, in <lambda>
    lambda: ihook(item=item, **kwds), when=when, reraise=reraise
  File "/usr/local/lib/python3.6/site-packages/pluggy/hooks.py", line 286, in __call__
    return self._hookexec(self, self.get_hookimpls(), kwargs)
  File "/usr/local/lib/python3.6/site-packages/pluggy/manager.py", line 92, in _hookexec
    return self._inner_hookexec(hook, methods, kwargs)
  File "/usr/local/lib/python3.6/site-packages/pluggy/manager.py", line 86, in <lambda>
    firstresult=hook.spec.opts.get("firstresult") if hook.spec else False,
  File "/usr/local/lib/python3.6/site-packages/pluggy/callers.py", line 187, in _multicall
    res = hook_impl.function(*args)
  File "/usr/local/lib/python3.6/site-packages/_pytest/runner.py", line 125, in pytest_runtest_call
    item.runtest()
  File "/usr/local/lib/python3.6/site-packages/_pytest/python.py", line 1423, in runtest
    self.ihook.pytest_pyfunc_call(pyfuncitem=self)
  File "/usr/local/lib/python3.6/site-packages/pluggy/hooks.py", line 286, in __call__
    return self._hookexec(self, self.get_hookimpls(), kwargs)
  File "/usr/local/lib/python3.6/site-packages/pluggy/manager.py", line 92, in _hookexec
    return self._inner_hookexec(hook, methods, kwargs)
  File "/usr/local/lib/python3.6/site-packages/pluggy/manager.py", line 86, in <lambda>
    firstresult=hook.spec.opts.get("firstresult") if hook.spec else False,
  File "/usr/local/lib/python3.6/site-packages/pluggy/callers.py", line 187, in _multicall
    res = hook_impl.function(*args)
  File "/usr/local/lib/python3.6/site-packages/_pytest/python.py", line 170, in pytest_pyfunc_call
    result = testfunction(**testargs)
  File "/workspace/source/testing/scripts/test_rolling_updates.py", line 214, in test_rolling_update6
    r = initial_rest_request("mymodel", namespace)
  File "/workspace/source/testing/scripts/seldon_e2e_utils.py", line 131, in initial_rest_request
    dtype=dtype,
  File "/workspace/source/testing/scripts/seldon_e2e_utils.py", line 106, in rest_request
    logging.warning("Bad status:", r.status_code)
  File "/usr/local/lib/python3.6/logging/__init__.py", line 1855, in warning
    root.warning(msg, *args, **kwargs)
  File "/usr/local/lib/python3.6/logging/__init__.py", line 1313, in warning
    self._log(WARNING, msg, args, **kwargs)
  File "/usr/local/lib/python3.6/logging/__init__.py", line 1437, in _log
    self.handle(record)
  File "/usr/local/lib/python3.6/logging/__init__.py", line 1447, in handle
    self.callHandlers(record)
  File "/usr/local/lib/python3.6/logging/__init__.py", line 1509, in callHandlers
    hdlr.handle(record)
  File "/usr/local/lib/python3.6/logging/__init__.py", line 858, in handle
    self.emit(record)
  File "/usr/local/lib/python3.6/site-packages/_pytest/logging.py", line 227, in emit
    logging.StreamHandler.emit(self, record)
Message: 'Bad status:'
Arguments: (404,)
--- Logging error ---
Traceback (most recent call last):
  File "/usr/local/lib/python3.6/logging/__init__.py", line 987, in emit
    msg = self.format(record)
  File "/usr/local/lib/python3.6/logging/__init__.py", line 833, in format
    return fmt.format(record)
  File "/usr/local/lib/python3.6/site-packages/_pytest/logging.py", line 65, in format
    return super().format(record)
  File "/usr/local/lib/python3.6/logging/__init__.py", line 570, in format
    record.message = record.getMessage()
  File "/usr/local/lib/python3.6/logging/__init__.py", line 333, in getMessage
    msg = msg % self.args
TypeError: not all arguments converted during string formatting
Call stack:
  File "<string>", line 1, in <module>
  File "<string>", line 8, in <module>
  File "/usr/local/lib/python3.6/site-packages/execnet/gateway_base.py", line 1554, in serve
    SlaveGateway(io=io, id=id, _startcount=2).serve()
  File "/usr/local/lib/python3.6/site-packages/execnet/gateway_base.py", line 1060, in serve
    self._execpool.integrate_as_primary_thread()
  File "/usr/local/lib/python3.6/site-packages/execnet/gateway_base.py", line 267, in integrate_as_primary_thread
    self._perform_spawn(reply)
  File "/usr/local/lib/python3.6/site-packages/execnet/gateway_base.py", line 285, in _perform_spawn
    reply.run()
  File "/usr/local/lib/python3.6/site-packages/execnet/gateway_base.py", line 220, in run
    self._result = func(*args, **kwargs)
  File "/usr/local/lib/python3.6/site-packages/execnet/gateway_base.py", line 1084, in executetask
    do_exec(co, loc)  # noqa
  File "/usr/local/lib/python3.6/site-packages/xdist/remote.py", line 258, in <module>
    config.hook.pytest_cmdline_main(config=config)
  File "/usr/local/lib/python3.6/site-packages/pluggy/hooks.py", line 286, in __call__
    return self._hookexec(self, self.get_hookimpls(), kwargs)
  File "/usr/local/lib/python3.6/site-packages/pluggy/manager.py", line 92, in _hookexec
    return self._inner_hookexec(hook, methods, kwargs)
  File "/usr/local/lib/python3.6/site-packages/pluggy/manager.py", line 86, in <lambda>
    firstresult=hook.spec.opts.get("firstresult") if hook.spec else False,
  File "/usr/local/lib/python3.6/site-packages/pluggy/callers.py", line 187, in _multicall
    res = hook_impl.function(*args)
  File "/usr/local/lib/python3.6/site-packages/_pytest/main.py", line 230, in pytest_cmdline_main
    return wrap_session(config, _main)
  File "/usr/local/lib/python3.6/site-packages/_pytest/main.py", line 193, in wrap_session
    session.exitstatus = doit(config, session) or 0
  File "/usr/local/lib/python3.6/site-packages/_pytest/main.py", line 237, in _main
    config.hook.pytest_runtestloop(session=session)
  File "/usr/local/lib/python3.6/site-packages/pluggy/hooks.py", line 286, in __call__
    return self._hookexec(self, self.get_hookimpls(), kwargs)
  File "/usr/local/lib/python3.6/site-packages/pluggy/manager.py", line 92, in _hookexec
    return self._inner_hookexec(hook, methods, kwargs)
  File "/usr/local/lib/python3.6/site-packages/pluggy/manager.py", line 86, in <lambda>
    firstresult=hook.spec.opts.get("firstresult") if hook.spec else False,
  File "/usr/local/lib/python3.6/site-packages/pluggy/callers.py", line 187, in _multicall
    res = hook_impl.function(*args)
  File "/usr/local/lib/python3.6/site-packages/xdist/remote.py", line 70, in pytest_runtestloop
    self.run_one_test(torun)
  File "/usr/local/lib/python3.6/site-packages/xdist/remote.py", line 87, in run_one_test
    self.config.hook.pytest_runtest_protocol(item=item, nextitem=nextitem)
  File "/usr/local/lib/python3.6/site-packages/pluggy/hooks.py", line 286, in __call__
    return self._hookexec(self, self.get_hookimpls(), kwargs)
  File "/usr/local/lib/python3.6/site-packages/pluggy/manager.py", line 92, in _hookexec
    return self._inner_hookexec(hook, methods, kwargs)
  File "/usr/local/lib/python3.6/site-packages/pluggy/manager.py", line 86, in <lambda>
    firstresult=hook.spec.opts.get("firstresult") if hook.spec else False,
  File "/usr/local/lib/python3.6/site-packages/pluggy/callers.py", line 187, in _multicall
    res = hook_impl.function(*args)
  File "/usr/local/lib/python3.6/site-packages/_pytest/runner.py", line 80, in pytest_runtest_protocol
    runtestprotocol(item, nextitem=nextitem)
  File "/usr/local/lib/python3.6/site-packages/_pytest/runner.py", line 95, in runtestprotocol
    reports.append(call_and_report(item, "call", log))
  File "/usr/local/lib/python3.6/site-packages/_pytest/runner.py", line 176, in call_and_report
    call = call_runtest_hook(item, when, **kwds)
  File "/usr/local/lib/python3.6/site-packages/_pytest/runner.py", line 201, in call_runtest_hook
    lambda: ihook(item=item, **kwds), when=when, reraise=reraise
  File "/usr/local/lib/python3.6/site-packages/_pytest/runner.py", line 229, in from_call
    result = func()
  File "/usr/local/lib/python3.6/site-packages/_pytest/runner.py", line 201, in <lambda>
    lambda: ihook(item=item, **kwds), when=when, reraise=reraise
  File "/usr/local/lib/python3.6/site-packages/pluggy/hooks.py", line 286, in __call__
    return self._hookexec(self, self.get_hookimpls(), kwargs)
  File "/usr/local/lib/python3.6/site-packages/pluggy/manager.py", line 92, in _hookexec
    return self._inner_hookexec(hook, methods, kwargs)
  File "/usr/local/lib/python3.6/site-packages/pluggy/manager.py", line 86, in <lambda>
    firstresult=hook.spec.opts.get("firstresult") if hook.spec else False,
  File "/usr/local/lib/python3.6/site-packages/pluggy/callers.py", line 187, in _multicall
    res = hook_impl.function(*args)
  File "/usr/local/lib/python3.6/site-packages/_pytest/runner.py", line 125, in pytest_runtest_call
    item.runtest()
  File "/usr/local/lib/python3.6/site-packages/_pytest/python.py", line 1423, in runtest
    self.ihook.pytest_pyfunc_call(pyfuncitem=self)
  File "/usr/local/lib/python3.6/site-packages/pluggy/hooks.py", line 286, in __call__
    return self._hookexec(self, self.get_hookimpls(), kwargs)
  File "/usr/local/lib/python3.6/site-packages/pluggy/manager.py", line 92, in _hookexec
    return self._inner_hookexec(hook, methods, kwargs)
  File "/usr/local/lib/python3.6/site-packages/pluggy/manager.py", line 86, in <lambda>
    firstresult=hook.spec.opts.get("firstresult") if hook.spec else False,
  File "/usr/local/lib/python3.6/site-packages/pluggy/callers.py", line 187, in _multicall
    res = hook_impl.function(*args)
  File "/usr/local/lib/python3.6/site-packages/_pytest/python.py", line 170, in pytest_pyfunc_call
    result = testfunction(**testargs)
  File "/workspace/source/testing/scripts/test_rolling_updates.py", line 173, in test_rolling_update5
    r = initial_rest_request("mymodel", namespace)
  File "/workspace/source/testing/scripts/seldon_e2e_utils.py", line 131, in initial_rest_request
    dtype=dtype,
  File "/workspace/source/testing/scripts/seldon_e2e_utils.py", line 106, in rest_request
    logging.warning("Bad status:", r.status_code)
  File "/usr/local/lib/python3.6/logging/__init__.py", line 1855, in warning
    root.warning(msg, *args, **kwargs)
  File "/usr/local/lib/python3.6/logging/__init__.py", line 1313, in warning
    self._log(WARNING, msg, args, **kwargs)
  File "/usr/local/lib/python3.6/logging/__init__.py", line 1437, in _log
    self.handle(record)
  File "/usr/local/lib/python3.6/logging/__init__.py", line 1447, in handle
    self.callHandlers(record)
  File "/usr/local/lib/python3.6/logging/__init__.py", line 1509, in callHandlers
    hdlr.handle(record)
  File "/usr/local/lib/python3.6/logging/__init__.py", line 858, in handle
    self.emit(record)
  File "/usr/local/lib/python3.6/site-packages/_pytest/logging.py", line 227, in emit
    logging.StreamHandler.emit(self, record)
Message: 'Bad status:'
Arguments: (404,)
--- Logging error ---
Traceback (most recent call last):
  File "/usr/local/lib/python3.6/logging/__init__.py", line 987, in emit
    msg = self.format(record)
  File "/usr/local/lib/python3.6/logging/__init__.py", line 833, in format
    return fmt.format(record)
  File "/usr/local/lib/python3.6/site-packages/_pytest/logging.py", line 65, in format
    return super().format(record)
  File "/usr/local/lib/python3.6/logging/__init__.py", line 570, in format
    record.message = record.getMessage()
  File "/usr/local/lib/python3.6/logging/__init__.py", line 333, in getMessage
    msg = msg % self.args
TypeError: not all arguments converted during string formatting
Call stack:
  File "<string>", line 1, in <module>
  File "<string>", line 8, in <module>
  File "/usr/local/lib/python3.6/site-packages/execnet/gateway_base.py", line 1554, in serve
    SlaveGateway(io=io, id=id, _startcount=2).serve()
  File "/usr/local/lib/python3.6/site-packages/execnet/gateway_base.py", line 1060, in serve
    self._execpool.integrate_as_primary_thread()
  File "/usr/local/lib/python3.6/site-packages/execnet/gateway_base.py", line 267, in integrate_as_primary_thread
    self._perform_spawn(reply)
  File "/usr/local/lib/python3.6/site-packages/execnet/gateway_base.py", line 285, in _perform_spawn
    reply.run()
  File "/usr/local/lib/python3.6/site-packages/execnet/gateway_base.py", line 220, in run
    self._result = func(*args, **kwargs)
  File "/usr/local/lib/python3.6/site-packages/execnet/gateway_base.py", line 1084, in executetask
    do_exec(co, loc)  # noqa
  File "/usr/local/lib/python3.6/site-packages/xdist/remote.py", line 258, in <module>
    config.hook.pytest_cmdline_main(config=config)
  File "/usr/local/lib/python3.6/site-packages/pluggy/hooks.py", line 286, in __call__
    return self._hookexec(self, self.get_hookimpls(), kwargs)
  File "/usr/local/lib/python3.6/site-packages/pluggy/manager.py", line 92, in _hookexec
    return self._inner_hookexec(hook, methods, kwargs)
  File "/usr/local/lib/python3.6/site-packages/pluggy/manager.py", line 86, in <lambda>
    firstresult=hook.spec.opts.get("firstresult") if hook.spec else False,
  File "/usr/local/lib/python3.6/site-packages/pluggy/callers.py", line 187, in _multicall
    res = hook_impl.function(*args)
  File "/usr/local/lib/python3.6/site-packages/_pytest/main.py", line 230, in pytest_cmdline_main
    return wrap_session(config, _main)
  File "/usr/local/lib/python3.6/site-packages/_pytest/main.py", line 193, in wrap_session
    session.exitstatus = doit(config, session) or 0
  File "/usr/local/lib/python3.6/site-packages/_pytest/main.py", line 237, in _main
    config.hook.pytest_runtestloop(session=session)
  File "/usr/local/lib/python3.6/site-packages/pluggy/hooks.py", line 286, in __call__
    return self._hookexec(self, self.get_hookimpls(), kwargs)
  File "/usr/local/lib/python3.6/site-packages/pluggy/manager.py", line 92, in _hookexec
    return self._inner_hookexec(hook, methods, kwargs)
  File "/usr/local/lib/python3.6/site-packages/pluggy/manager.py", line 86, in <lambda>
    firstresult=hook.spec.opts.get("firstresult") if hook.spec else False,
  File "/usr/local/lib/python3.6/site-packages/pluggy/callers.py", line 187, in _multicall
    res = hook_impl.function(*args)
  File "/usr/local/lib/python3.6/site-packages/xdist/remote.py", line 70, in pytest_runtestloop
    self.run_one_test(torun)
  File "/usr/local/lib/python3.6/site-packages/xdist/remote.py", line 87, in run_one_test
    self.config.hook.pytest_runtest_protocol(item=item, nextitem=nextitem)
  File "/usr/local/lib/python3.6/site-packages/pluggy/hooks.py", line 286, in __call__
    return self._hookexec(self, self.get_hookimpls(), kwargs)
  File "/usr/local/lib/python3.6/site-packages/pluggy/manager.py", line 92, in _hookexec
    return self._inner_hookexec(hook, methods, kwargs)
  File "/usr/local/lib/python3.6/site-packages/pluggy/manager.py", line 86, in <lambda>
    firstresult=hook.spec.opts.get("firstresult") if hook.spec else False,
  File "/usr/local/lib/python3.6/site-packages/pluggy/callers.py", line 187, in _multicall
    res = hook_impl.function(*args)
  File "/usr/local/lib/python3.6/site-packages/_pytest/runner.py", line 80, in pytest_runtest_protocol
    runtestprotocol(item, nextitem=nextitem)
  File "/usr/local/lib/python3.6/site-packages/_pytest/runner.py", line 95, in runtestprotocol
    reports.append(call_and_report(item, "call", log))
  File "/usr/local/lib/python3.6/site-packages/_pytest/runner.py", line 176, in call_and_report
    call = call_runtest_hook(item, when, **kwds)
  File "/usr/local/lib/python3.6/site-packages/_pytest/runner.py", line 201, in call_runtest_hook
    lambda: ihook(item=item, **kwds), when=when, reraise=reraise
  File "/usr/local/lib/python3.6/site-packages/_pytest/runner.py", line 229, in from_call
    result = func()
  File "/usr/local/lib/python3.6/site-packages/_pytest/runner.py", line 201, in <lambda>
    lambda: ihook(item=item, **kwds), when=when, reraise=reraise
  File "/usr/local/lib/python3.6/site-packages/pluggy/hooks.py", line 286, in __call__
    return self._hookexec(self, self.get_hookimpls(), kwargs)
  File "/usr/local/lib/python3.6/site-packages/pluggy/manager.py", line 92, in _hookexec
    return self._inner_hookexec(hook, methods, kwargs)
  File "/usr/local/lib/python3.6/site-packages/pluggy/manager.py", line 86, in <lambda>
    firstresult=hook.spec.opts.get("firstresult") if hook.spec else False,
  File "/usr/local/lib/python3.6/site-packages/pluggy/callers.py", line 187, in _multicall
    res = hook_impl.function(*args)
  File "/usr/local/lib/python3.6/site-packages/_pytest/runner.py", line 125, in pytest_runtest_call
    item.runtest()
  File "/usr/local/lib/python3.6/site-packages/_pytest/python.py", line 1423, in runtest
    self.ihook.pytest_pyfunc_call(pyfuncitem=self)
  File "/usr/local/lib/python3.6/site-packages/pluggy/hooks.py", line 286, in __call__
    return self._hookexec(self, self.get_hookimpls(), kwargs)
  File "/usr/local/lib/python3.6/site-packages/pluggy/manager.py", line 92, in _hookexec
    return self._inner_hookexec(hook, methods, kwargs)
  File "/usr/local/lib/python3.6/site-packages/pluggy/manager.py", line 86, in <lambda>
    firstresult=hook.spec.opts.get("firstresult") if hook.spec else False,
  File "/usr/local/lib/python3.6/site-packages/pluggy/callers.py", line 187, in _multicall
    res = hook_impl.function(*args)
  File "/usr/local/lib/python3.6/site-packages/_pytest/python.py", line 170, in pytest_pyfunc_call
    result = testfunction(**testargs)
  File "/workspace/source/testing/scripts/test_rolling_updates.py", line 254, in test_rolling_update7
    r = initial_rest_request("mymodel", namespace)
  File "/workspace/source/testing/scripts/seldon_e2e_utils.py", line 131, in initial_rest_request
    dtype=dtype,
  File "/workspace/source/testing/scripts/seldon_e2e_utils.py", line 106, in rest_request
    logging.warning("Bad status:", r.status_code)
  File "/usr/local/lib/python3.6/logging/__init__.py", line 1855, in warning
    root.warning(msg, *args, **kwargs)
  File "/usr/local/lib/python3.6/logging/__init__.py", line 1313, in warning
    self._log(WARNING, msg, args, **kwargs)
  File "/usr/local/lib/python3.6/logging/__init__.py", line 1437, in _log
    self.handle(record)
  File "/usr/local/lib/python3.6/logging/__init__.py", line 1447, in handle
    self.callHandlers(record)
  File "/usr/local/lib/python3.6/logging/__init__.py", line 1509, in callHandlers
    hdlr.handle(record)
  File "/usr/local/lib/python3.6/logging/__init__.py", line 858, in handle
    self.emit(record)
  File "/usr/local/lib/python3.6/site-packages/_pytest/logging.py", line 227, in emit
    logging.StreamHandler.emit(self, record)
Message: 'Bad status:'
Arguments: (404,)
Error from server (NotFound): error when deleting "../resources/graph5.json": seldondeployments.machinelearning.seldon.io "mymodel" not found
Error from server (NotFound): error when deleting "../resources/graph2svc.json": seldondeployments.machinelearning.seldon.io "mymodel" not found
Error from server (NotFound): error when deleting "../resources/graph6.json": seldondeployments.machinelearning.seldon.io "mymodel" not found

[gw2] PASSED test_rolling_updates.py::TestRollingHttp::test_rolling_update4 
test_rolling_updates.py::TestRollingHttp::test_rolling_update8 
[gw1] PASSED test_rolling_updates.py::TestRollingHttp::test_rolling_update6 
test_rolling_updates.py::TestRollingHttp::test_rolling_update9 Error from server (NotFound): error when deleting "../resources/graph3svc.json": seldondeployments.machinelearning.seldon.io "mymodel" not found

[gw0] PASSED test_rolling_updates.py::TestRollingHttp::test_rolling_update5 
test_rolling_updates.py::TestRollingHttp::test_rolling_update10 --- Logging error ---
Traceback (most recent call last):
  File "/usr/local/lib/python3.6/logging/__init__.py", line 987, in emit
    msg = self.format(record)
  File "/usr/local/lib/python3.6/logging/__init__.py", line 833, in format
    return fmt.format(record)
  File "/usr/local/lib/python3.6/site-packages/_pytest/logging.py", line 65, in format
    return super().format(record)
  File "/usr/local/lib/python3.6/logging/__init__.py", line 570, in format
    record.message = record.getMessage()
  File "/usr/local/lib/python3.6/logging/__init__.py", line 333, in getMessage
    msg = msg % self.args
TypeError: not all arguments converted during string formatting
Call stack:
  File "<string>", line 1, in <module>
  File "<string>", line 8, in <module>
  File "/usr/local/lib/python3.6/site-packages/execnet/gateway_base.py", line 1554, in serve
    SlaveGateway(io=io, id=id, _startcount=2).serve()
  File "/usr/local/lib/python3.6/site-packages/execnet/gateway_base.py", line 1060, in serve
    self._execpool.integrate_as_primary_thread()
  File "/usr/local/lib/python3.6/site-packages/execnet/gateway_base.py", line 267, in integrate_as_primary_thread
    self._perform_spawn(reply)
  File "/usr/local/lib/python3.6/site-packages/execnet/gateway_base.py", line 285, in _perform_spawn
    reply.run()
  File "/usr/local/lib/python3.6/site-packages/execnet/gateway_base.py", line 220, in run
    self._result = func(*args, **kwargs)
  File "/usr/local/lib/python3.6/site-packages/execnet/gateway_base.py", line 1084, in executetask
    do_exec(co, loc)  # noqa
  File "/usr/local/lib/python3.6/site-packages/xdist/remote.py", line 258, in <module>
    config.hook.pytest_cmdline_main(config=config)
  File "/usr/local/lib/python3.6/site-packages/pluggy/hooks.py", line 286, in __call__
    return self._hookexec(self, self.get_hookimpls(), kwargs)
  File "/usr/local/lib/python3.6/site-packages/pluggy/manager.py", line 92, in _hookexec
    return self._inner_hookexec(hook, methods, kwargs)
  File "/usr/local/lib/python3.6/site-packages/pluggy/manager.py", line 86, in <lambda>
    firstresult=hook.spec.opts.get("firstresult") if hook.spec else False,
  File "/usr/local/lib/python3.6/site-packages/pluggy/callers.py", line 187, in _multicall
    res = hook_impl.function(*args)
  File "/usr/local/lib/python3.6/site-packages/_pytest/main.py", line 230, in pytest_cmdline_main
    return wrap_session(config, _main)
  File "/usr/local/lib/python3.6/site-packages/_pytest/main.py", line 193, in wrap_session
    session.exitstatus = doit(config, session) or 0
  File "/usr/local/lib/python3.6/site-packages/_pytest/main.py", line 237, in _main
    config.hook.pytest_runtestloop(session=session)
  File "/usr/local/lib/python3.6/site-packages/pluggy/hooks.py", line 286, in __call__
    return self._hookexec(self, self.get_hookimpls(), kwargs)
  File "/usr/local/lib/python3.6/site-packages/pluggy/manager.py", line 92, in _hookexec
    return self._inner_hookexec(hook, methods, kwargs)
  File "/usr/local/lib/python3.6/site-packages/pluggy/manager.py", line 86, in <lambda>
    firstresult=hook.spec.opts.get("firstresult") if hook.spec else False,
  File "/usr/local/lib/python3.6/site-packages/pluggy/callers.py", line 187, in _multicall
    res = hook_impl.function(*args)
  File "/usr/local/lib/python3.6/site-packages/xdist/remote.py", line 70, in pytest_runtestloop
    self.run_one_test(torun)
  File "/usr/local/lib/python3.6/site-packages/xdist/remote.py", line 87, in run_one_test
    self.config.hook.pytest_runtest_protocol(item=item, nextitem=nextitem)
  File "/usr/local/lib/python3.6/site-packages/pluggy/hooks.py", line 286, in __call__
    return self._hookexec(self, self.get_hookimpls(), kwargs)
  File "/usr/local/lib/python3.6/site-packages/pluggy/manager.py", line 92, in _hookexec
    return self._inner_hookexec(hook, methods, kwargs)
  File "/usr/local/lib/python3.6/site-packages/pluggy/manager.py", line 86, in <lambda>
    firstresult=hook.spec.opts.get("firstresult") if hook.spec else False,
  File "/usr/local/lib/python3.6/site-packages/pluggy/callers.py", line 187, in _multicall
    res = hook_impl.function(*args)
  File "/usr/local/lib/python3.6/site-packages/_pytest/runner.py", line 80, in pytest_runtest_protocol
    runtestprotocol(item, nextitem=nextitem)
  File "/usr/local/lib/python3.6/site-packages/_pytest/runner.py", line 95, in runtestprotocol
    reports.append(call_and_report(item, "call", log))
  File "/usr/local/lib/python3.6/site-packages/_pytest/runner.py", line 176, in call_and_report
    call = call_runtest_hook(item, when, **kwds)
  File "/usr/local/lib/python3.6/site-packages/_pytest/runner.py", line 201, in call_runtest_hook
    lambda: ihook(item=item, **kwds), when=when, reraise=reraise
  File "/usr/local/lib/python3.6/site-packages/_pytest/runner.py", line 229, in from_call
    result = func()
  File "/usr/local/lib/python3.6/site-packages/_pytest/runner.py", line 201, in <lambda>
    lambda: ihook(item=item, **kwds), when=when, reraise=reraise
  File "/usr/local/lib/python3.6/site-packages/pluggy/hooks.py", line 286, in __call__
    return self._hookexec(self, self.get_hookimpls(), kwargs)
  File "/usr/local/lib/python3.6/site-packages/pluggy/manager.py", line 92, in _hookexec
    return self._inner_hookexec(hook, methods, kwargs)
  File "/usr/local/lib/python3.6/site-packages/pluggy/manager.py", line 86, in <lambda>
    firstresult=hook.spec.opts.get("firstresult") if hook.spec else False,
  File "/usr/local/lib/python3.6/site-packages/pluggy/callers.py", line 187, in _multicall
    res = hook_impl.function(*args)
  File "/usr/local/lib/python3.6/site-packages/_pytest/runner.py", line 125, in pytest_runtest_call
    item.runtest()
  File "/usr/local/lib/python3.6/site-packages/_pytest/python.py", line 1423, in runtest
    self.ihook.pytest_pyfunc_call(pyfuncitem=self)
  File "/usr/local/lib/python3.6/site-packages/pluggy/hooks.py", line 286, in __call__
    return self._hookexec(self, self.get_hookimpls(), kwargs)
  File "/usr/local/lib/python3.6/site-packages/pluggy/manager.py", line 92, in _hookexec
    return self._inner_hookexec(hook, methods, kwargs)
  File "/usr/local/lib/python3.6/site-packages/pluggy/manager.py", line 86, in <lambda>
    firstresult=hook.spec.opts.get("firstresult") if hook.spec else False,
  File "/usr/local/lib/python3.6/site-packages/pluggy/callers.py", line 187, in _multicall
    res = hook_impl.function(*args)
  File "/usr/local/lib/python3.6/site-packages/_pytest/python.py", line 170, in pytest_pyfunc_call
    result = testfunction(**testargs)
  File "/workspace/source/testing/scripts/test_rolling_updates.py", line 294, in test_rolling_update8
    r = initial_rest_request("mymodel", namespace)
  File "/workspace/source/testing/scripts/seldon_e2e_utils.py", line 131, in initial_rest_request
    dtype=dtype,
  File "/workspace/source/testing/scripts/seldon_e2e_utils.py", line 106, in rest_request
    logging.warning("Bad status:", r.status_code)
  File "/usr/local/lib/python3.6/logging/__init__.py", line 1855, in warning
    root.warning(msg, *args, **kwargs)
  File "/usr/local/lib/python3.6/logging/__init__.py", line 1313, in warning
    self._log(WARNING, msg, args, **kwargs)
  File "/usr/local/lib/python3.6/logging/__init__.py", line 1437, in _log
    self.handle(record)
  File "/usr/local/lib/python3.6/logging/__init__.py", line 1447, in handle
    self.callHandlers(record)
  File "/usr/local/lib/python3.6/logging/__init__.py", line 1509, in callHandlers
    hdlr.handle(record)
  File "/usr/local/lib/python3.6/logging/__init__.py", line 858, in handle
    self.emit(record)
  File "/usr/local/lib/python3.6/site-packages/_pytest/logging.py", line 227, in emit
    logging.StreamHandler.emit(self, record)
Message: 'Bad status:'
Arguments: (404,)
--- Logging error ---
Traceback (most recent call last):
  File "/usr/local/lib/python3.6/logging/__init__.py", line 987, in emit
    msg = self.format(record)
  File "/usr/local/lib/python3.6/logging/__init__.py", line 833, in format
    return fmt.format(record)
  File "/usr/local/lib/python3.6/site-packages/_pytest/logging.py", line 65, in format
    return super().format(record)
  File "/usr/local/lib/python3.6/logging/__init__.py", line 570, in format
    record.message = record.getMessage()
  File "/usr/local/lib/python3.6/logging/__init__.py", line 333, in getMessage
    msg = msg % self.args
TypeError: not all arguments converted during string formatting
Call stack:
  File "<string>", line 1, in <module>
  File "<string>", line 8, in <module>
  File "/usr/local/lib/python3.6/site-packages/execnet/gateway_base.py", line 1554, in serve
    SlaveGateway(io=io, id=id, _startcount=2).serve()
  File "/usr/local/lib/python3.6/site-packages/execnet/gateway_base.py", line 1060, in serve
    self._execpool.integrate_as_primary_thread()
  File "/usr/local/lib/python3.6/site-packages/execnet/gateway_base.py", line 267, in integrate_as_primary_thread
    self._perform_spawn(reply)
  File "/usr/local/lib/python3.6/site-packages/execnet/gateway_base.py", line 285, in _perform_spawn
    reply.run()
  File "/usr/local/lib/python3.6/site-packages/execnet/gateway_base.py", line 220, in run
    self._result = func(*args, **kwargs)
  File "/usr/local/lib/python3.6/site-packages/execnet/gateway_base.py", line 1084, in executetask
    do_exec(co, loc)  # noqa
  File "/usr/local/lib/python3.6/site-packages/xdist/remote.py", line 258, in <module>
    config.hook.pytest_cmdline_main(config=config)
  File "/usr/local/lib/python3.6/site-packages/pluggy/hooks.py", line 286, in __call__
    return self._hookexec(self, self.get_hookimpls(), kwargs)
  File "/usr/local/lib/python3.6/site-packages/pluggy/manager.py", line 92, in _hookexec
    return self._inner_hookexec(hook, methods, kwargs)
  File "/usr/local/lib/python3.6/site-packages/pluggy/manager.py", line 86, in <lambda>
    firstresult=hook.spec.opts.get("firstresult") if hook.spec else False,
  File "/usr/local/lib/python3.6/site-packages/pluggy/callers.py", line 187, in _multicall
    res = hook_impl.function(*args)
  File "/usr/local/lib/python3.6/site-packages/_pytest/main.py", line 230, in pytest_cmdline_main
    return wrap_session(config, _main)
  File "/usr/local/lib/python3.6/site-packages/_pytest/main.py", line 193, in wrap_session
    session.exitstatus = doit(config, session) or 0
  File "/usr/local/lib/python3.6/site-packages/_pytest/main.py", line 237, in _main
    config.hook.pytest_runtestloop(session=session)
  File "/usr/local/lib/python3.6/site-packages/pluggy/hooks.py", line 286, in __call__
    return self._hookexec(self, self.get_hookimpls(), kwargs)
  File "/usr/local/lib/python3.6/site-packages/pluggy/manager.py", line 92, in _hookexec
    return self._inner_hookexec(hook, methods, kwargs)
  File "/usr/local/lib/python3.6/site-packages/pluggy/manager.py", line 86, in <lambda>
    firstresult=hook.spec.opts.get("firstresult") if hook.spec else False,
  File "/usr/local/lib/python3.6/site-packages/pluggy/callers.py", line 187, in _multicall
    res = hook_impl.function(*args)
  File "/usr/local/lib/python3.6/site-packages/xdist/remote.py", line 70, in pytest_runtestloop
    self.run_one_test(torun)
  File "/usr/local/lib/python3.6/site-packages/xdist/remote.py", line 87, in run_one_test
    self.config.hook.pytest_runtest_protocol(item=item, nextitem=nextitem)
  File "/usr/local/lib/python3.6/site-packages/pluggy/hooks.py", line 286, in __call__
    return self._hookexec(self, self.get_hookimpls(), kwargs)
  File "/usr/local/lib/python3.6/site-packages/pluggy/manager.py", line 92, in _hookexec
    return self._inner_hookexec(hook, methods, kwargs)
  File "/usr/local/lib/python3.6/site-packages/pluggy/manager.py", line 86, in <lambda>
    firstresult=hook.spec.opts.get("firstresult") if hook.spec else False,
  File "/usr/local/lib/python3.6/site-packages/pluggy/callers.py", line 187, in _multicall
    res = hook_impl.function(*args)
  File "/usr/local/lib/python3.6/site-packages/_pytest/runner.py", line 80, in pytest_runtest_protocol
    runtestprotocol(item, nextitem=nextitem)
  File "/usr/local/lib/python3.6/site-packages/_pytest/runner.py", line 95, in runtestprotocol
    reports.append(call_and_report(item, "call", log))
  File "/usr/local/lib/python3.6/site-packages/_pytest/runner.py", line 176, in call_and_report
    call = call_runtest_hook(item, when, **kwds)
  File "/usr/local/lib/python3.6/site-packages/_pytest/runner.py", line 201, in call_runtest_hook
    lambda: ihook(item=item, **kwds), when=when, reraise=reraise
  File "/usr/local/lib/python3.6/site-packages/_pytest/runner.py", line 229, in from_call
    result = func()
  File "/usr/local/lib/python3.6/site-packages/_pytest/runner.py", line 201, in <lambda>
    lambda: ihook(item=item, **kwds), when=when, reraise=reraise
  File "/usr/local/lib/python3.6/site-packages/pluggy/hooks.py", line 286, in __call__
    return self._hookexec(self, self.get_hookimpls(), kwargs)
  File "/usr/local/lib/python3.6/site-packages/pluggy/manager.py", line 92, in _hookexec
    return self._inner_hookexec(hook, methods, kwargs)
  File "/usr/local/lib/python3.6/site-packages/pluggy/manager.py", line 86, in <lambda>
    firstresult=hook.spec.opts.get("firstresult") if hook.spec else False,
  File "/usr/local/lib/python3.6/site-packages/pluggy/callers.py", line 187, in _multicall
    res = hook_impl.function(*args)
  File "/usr/local/lib/python3.6/site-packages/_pytest/runner.py", line 125, in pytest_runtest_call
    item.runtest()
  File "/usr/local/lib/python3.6/site-packages/_pytest/python.py", line 1423, in runtest
    self.ihook.pytest_pyfunc_call(pyfuncitem=self)
  File "/usr/local/lib/python3.6/site-packages/pluggy/hooks.py", line 286, in __call__
    return self._hookexec(self, self.get_hookimpls(), kwargs)
  File "/usr/local/lib/python3.6/site-packages/pluggy/manager.py", line 92, in _hookexec
    return self._inner_hookexec(hook, methods, kwargs)
  File "/usr/local/lib/python3.6/site-packages/pluggy/manager.py", line 86, in <lambda>
    firstresult=hook.spec.opts.get("firstresult") if hook.spec else False,
  File "/usr/local/lib/python3.6/site-packages/pluggy/callers.py", line 187, in _multicall
    res = hook_impl.function(*args)
  File "/usr/local/lib/python3.6/site-packages/_pytest/python.py", line 170, in pytest_pyfunc_call
    result = testfunction(**testargs)
  File "/workspace/source/testing/scripts/test_rolling_updates.py", line 328, in test_rolling_update9
    r = initial_rest_request("mymodel", namespace)
  File "/workspace/source/testing/scripts/seldon_e2e_utils.py", line 131, in initial_rest_request
    dtype=dtype,
  File "/workspace/source/testing/scripts/seldon_e2e_utils.py", line 106, in rest_request
    logging.warning("Bad status:", r.status_code)
  File "/usr/local/lib/python3.6/logging/__init__.py", line 1855, in warning
    root.warning(msg, *args, **kwargs)
  File "/usr/local/lib/python3.6/logging/__init__.py", line 1313, in warning
    self._log(WARNING, msg, args, **kwargs)
  File "/usr/local/lib/python3.6/logging/__init__.py", line 1437, in _log
    self.handle(record)
  File "/usr/local/lib/python3.6/logging/__init__.py", line 1447, in handle
    self.callHandlers(record)
  File "/usr/local/lib/python3.6/logging/__init__.py", line 1509, in callHandlers
    hdlr.handle(record)
  File "/usr/local/lib/python3.6/logging/__init__.py", line 858, in handle
    self.emit(record)
  File "/usr/local/lib/python3.6/site-packages/_pytest/logging.py", line 227, in emit
    logging.StreamHandler.emit(self, record)
Message: 'Bad status:'
Arguments: (404,)

[gw3] PASSED test_rolling_updates.py::TestRollingHttp::test_rolling_update7 
test_s2i_python.py::TestPythonS2i::test_build_router_rest --- Logging error ---
Traceback (most recent call last):
  File "/usr/local/lib/python3.6/logging/__init__.py", line 987, in emit
    msg = self.format(record)
  File "/usr/local/lib/python3.6/logging/__init__.py", line 833, in format
    return fmt.format(record)
  File "/usr/local/lib/python3.6/site-packages/_pytest/logging.py", line 65, in format
    return super().format(record)
  File "/usr/local/lib/python3.6/logging/__init__.py", line 570, in format
    record.message = record.getMessage()
  File "/usr/local/lib/python3.6/logging/__init__.py", line 333, in getMessage
    msg = msg % self.args
TypeError: not all arguments converted during string formatting
Call stack:
  File "<string>", line 1, in <module>
  File "<string>", line 8, in <module>
  File "/usr/local/lib/python3.6/site-packages/execnet/gateway_base.py", line 1554, in serve
    SlaveGateway(io=io, id=id, _startcount=2).serve()
  File "/usr/local/lib/python3.6/site-packages/execnet/gateway_base.py", line 1060, in serve
    self._execpool.integrate_as_primary_thread()
  File "/usr/local/lib/python3.6/site-packages/execnet/gateway_base.py", line 267, in integrate_as_primary_thread
    self._perform_spawn(reply)
  File "/usr/local/lib/python3.6/site-packages/execnet/gateway_base.py", line 285, in _perform_spawn
    reply.run()
  File "/usr/local/lib/python3.6/site-packages/execnet/gateway_base.py", line 220, in run
    self._result = func(*args, **kwargs)
  File "/usr/local/lib/python3.6/site-packages/execnet/gateway_base.py", line 1084, in executetask
    do_exec(co, loc)  # noqa
  File "/usr/local/lib/python3.6/site-packages/xdist/remote.py", line 258, in <module>
    config.hook.pytest_cmdline_main(config=config)
  File "/usr/local/lib/python3.6/site-packages/pluggy/hooks.py", line 286, in __call__
    return self._hookexec(self, self.get_hookimpls(), kwargs)
  File "/usr/local/lib/python3.6/site-packages/pluggy/manager.py", line 92, in _hookexec
    return self._inner_hookexec(hook, methods, kwargs)
  File "/usr/local/lib/python3.6/site-packages/pluggy/manager.py", line 86, in <lambda>
    firstresult=hook.spec.opts.get("firstresult") if hook.spec else False,
  File "/usr/local/lib/python3.6/site-packages/pluggy/callers.py", line 187, in _multicall
    res = hook_impl.function(*args)
  File "/usr/local/lib/python3.6/site-packages/_pytest/main.py", line 230, in pytest_cmdline_main
    return wrap_session(config, _main)
  File "/usr/local/lib/python3.6/site-packages/_pytest/main.py", line 193, in wrap_session
    session.exitstatus = doit(config, session) or 0
  File "/usr/local/lib/python3.6/site-packages/_pytest/main.py", line 237, in _main
    config.hook.pytest_runtestloop(session=session)
  File "/usr/local/lib/python3.6/site-packages/pluggy/hooks.py", line 286, in __call__
    return self._hookexec(self, self.get_hookimpls(), kwargs)
  File "/usr/local/lib/python3.6/site-packages/pluggy/manager.py", line 92, in _hookexec
    return self._inner_hookexec(hook, methods, kwargs)
  File "/usr/local/lib/python3.6/site-packages/pluggy/manager.py", line 86, in <lambda>
    firstresult=hook.spec.opts.get("firstresult") if hook.spec else False,
  File "/usr/local/lib/python3.6/site-packages/pluggy/callers.py", line 187, in _multicall
    res = hook_impl.function(*args)
  File "/usr/local/lib/python3.6/site-packages/xdist/remote.py", line 70, in pytest_runtestloop
    self.run_one_test(torun)
  File "/usr/local/lib/python3.6/site-packages/xdist/remote.py", line 87, in run_one_test
    self.config.hook.pytest_runtest_protocol(item=item, nextitem=nextitem)
  File "/usr/local/lib/python3.6/site-packages/pluggy/hooks.py", line 286, in __call__
    return self._hookexec(self, self.get_hookimpls(), kwargs)
  File "/usr/local/lib/python3.6/site-packages/pluggy/manager.py", line 92, in _hookexec
    return self._inner_hookexec(hook, methods, kwargs)
  File "/usr/local/lib/python3.6/site-packages/pluggy/manager.py", line 86, in <lambda>
    firstresult=hook.spec.opts.get("firstresult") if hook.spec else False,
  File "/usr/local/lib/python3.6/site-packages/pluggy/callers.py", line 187, in _multicall
    res = hook_impl.function(*args)
  File "/usr/local/lib/python3.6/site-packages/_pytest/runner.py", line 80, in pytest_runtest_protocol
    runtestprotocol(item, nextitem=nextitem)
  File "/usr/local/lib/python3.6/site-packages/_pytest/runner.py", line 95, in runtestprotocol
    reports.append(call_and_report(item, "call", log))
  File "/usr/local/lib/python3.6/site-packages/_pytest/runner.py", line 176, in call_and_report
    call = call_runtest_hook(item, when, **kwds)
  File "/usr/local/lib/python3.6/site-packages/_pytest/runner.py", line 201, in call_runtest_hook
    lambda: ihook(item=item, **kwds), when=when, reraise=reraise
  File "/usr/local/lib/python3.6/site-packages/_pytest/runner.py", line 229, in from_call
    result = func()
  File "/usr/local/lib/python3.6/site-packages/_pytest/runner.py", line 201, in <lambda>
    lambda: ihook(item=item, **kwds), when=when, reraise=reraise
  File "/usr/local/lib/python3.6/site-packages/pluggy/hooks.py", line 286, in __call__
    return self._hookexec(self, self.get_hookimpls(), kwargs)
  File "/usr/local/lib/python3.6/site-packages/pluggy/manager.py", line 92, in _hookexec
    return self._inner_hookexec(hook, methods, kwargs)
  File "/usr/local/lib/python3.6/site-packages/pluggy/manager.py", line 86, in <lambda>
    firstresult=hook.spec.opts.get("firstresult") if hook.spec else False,
  File "/usr/local/lib/python3.6/site-packages/pluggy/callers.py", line 187, in _multicall
    res = hook_impl.function(*args)
  File "/usr/local/lib/python3.6/site-packages/_pytest/runner.py", line 125, in pytest_runtest_call
    item.runtest()
  File "/usr/local/lib/python3.6/site-packages/_pytest/python.py", line 1423, in runtest
    self.ihook.pytest_pyfunc_call(pyfuncitem=self)
  File "/usr/local/lib/python3.6/site-packages/pluggy/hooks.py", line 286, in __call__
    return self._hookexec(self, self.get_hookimpls(), kwargs)
  File "/usr/local/lib/python3.6/site-packages/pluggy/manager.py", line 92, in _hookexec
    return self._inner_hookexec(hook, methods, kwargs)
  File "/usr/local/lib/python3.6/site-packages/pluggy/manager.py", line 86, in <lambda>
    firstresult=hook.spec.opts.get("firstresult") if hook.spec else False,
  File "/usr/local/lib/python3.6/site-packages/pluggy/callers.py", line 187, in _multicall
    res = hook_impl.function(*args)
  File "/usr/local/lib/python3.6/site-packages/_pytest/python.py", line 170, in pytest_pyfunc_call
    result = testfunction(**testargs)
  File "/workspace/source/testing/scripts/test_rolling_updates.py", line 366, in test_rolling_update10
    r = initial_rest_request("mymodel", namespace)
  File "/workspace/source/testing/scripts/seldon_e2e_utils.py", line 131, in initial_rest_request
    dtype=dtype,
  File "/workspace/source/testing/scripts/seldon_e2e_utils.py", line 106, in rest_request
    logging.warning("Bad status:", r.status_code)
  File "/usr/local/lib/python3.6/logging/__init__.py", line 1855, in warning
    root.warning(msg, *args, **kwargs)
  File "/usr/local/lib/python3.6/logging/__init__.py", line 1313, in warning
    self._log(WARNING, msg, args, **kwargs)
  File "/usr/local/lib/python3.6/logging/__init__.py", line 1437, in _log
    self.handle(record)
  File "/usr/local/lib/python3.6/logging/__init__.py", line 1447, in handle
    self.callHandlers(record)
  File "/usr/local/lib/python3.6/logging/__init__.py", line 1509, in callHandlers
    hdlr.handle(record)
  File "/usr/local/lib/python3.6/logging/__init__.py", line 858, in handle
    self.emit(record)
  File "/usr/local/lib/python3.6/site-packages/_pytest/logging.py", line 227, in emit
    logging.StreamHandler.emit(self, record)
Message: 'Bad status:'
Arguments: (404,)
---> Installing application source...
Build completed successfully

[gw3] PASSED test_s2i_python.py::TestPythonS2i::test_build_router_rest 
test_s2i_python.py::TestPythonS2i::test_build_transformer_rest ---> Installing application source...
Build completed successfully

[gw3] PASSED test_s2i_python.py::TestPythonS2i::test_build_transformer_rest 
test_s2i_python.py::TestPythonS2i::test_build_transformer_grpc ---> Installing application source...
Build completed successfully
Error from server (NotFound): error when deleting "../resources/graph4svc.json": seldondeployments.machinelearning.seldon.io "mymodel" not found

[gw3] PASSED test_s2i_python.py::TestPythonS2i::test_build_transformer_grpc 
test_s2i_python.py::TestPythonS2i::test_build_combiner_rest ---> Installing application source...
Build completed successfully

[gw3] PASSED test_s2i_python.py::TestPythonS2i::test_build_combiner_rest 
test_s2i_python.py::TestPythonS2i::test_build_combiner_grpc ---> Installing application source...
Build completed successfully
Error from server (NotFound): error when deleting "../resources/graph5svc.json": seldondeployments.machinelearning.seldon.io "mymodel" not found

[gw3] PASSED test_s2i_python.py::TestPythonS2i::test_build_combiner_grpc 
test_s2i_python.py::TestPythonS2iK8s::test_model_rest ---> Installing application source...
Build completed successfully
Error from server (NotFound): error when deleting "../resources/graph6svc.json": seldondeployments.machinelearning.seldon.io "mymodel" not found

[gw1] PASSED test_rolling_updates.py::TestRollingHttp::test_rolling_update9 
test_s2i_python.py::TestPythonS2i::test_build_model_rest 
[gw2] PASSED test_rolling_updates.py::TestRollingHttp::test_rolling_update8 
test_s2i_python.py::TestPythonS2i::test_build_router_grpc 
[gw0] PASSED test_rolling_updates.py::TestRollingHttp::test_rolling_update10 
test_s2i_python.py::TestPythonS2i::test_build_model_grpc ---> Installing application source...
---> Installing application source...
---> Installing application source...
Build completed successfully
Build completed successfully
Build completed successfully

[gw1] PASSED test_s2i_python.py::TestPythonS2i::test_build_model_rest 
test_s2i_python.py::TestPythonS2iK8s::test_output_transformer_rest 
[gw2] PASSED test_s2i_python.py::TestPythonS2i::test_build_router_grpc 
test_s2i_python.py::TestPythonS2iK8s::test_router_rest 
[gw0] PASSED test_s2i_python.py::TestPythonS2i::test_build_model_grpc 
test_s2i_python.py::TestPythonS2iK8s::test_combiner_rest ---> Installing application source...
---> Installing application source...
---> Installing application source...
Build completed successfully
Build completed successfully
Build completed successfully
Error: failed to load image: exit status 1
Error: failed to load image: exit status 137
Error: failed to load image: exit status 1

[gw3] FAILED test_s2i_python.py::TestPythonS2iK8s::test_model_rest 
test_s2i_python.py::TestPythonS2iK8s::test_input_transformer_rest 
[gw1] FAILED test_s2i_python.py::TestPythonS2iK8s::test_output_transformer_rest 
[gw2] FAILED test_s2i_python.py::TestPythonS2iK8s::test_router_rest Error: failed to load image: exit status 1

[gw0] FAILED test_s2i_python.py::TestPythonS2iK8s::test_combiner_rest ---> Installing application source...
Build completed successfully
Error: unknown cluster "kind"

[gw3] FAILED test_s2i_python.py::TestPythonS2iK8s::test_input_transformer_rest 

=================================== FAILURES ===================================
_______________________ TestPythonS2iK8s.test_model_rest _______________________
[gw3] linux -- Python 3.6.0 /usr/local/bin/python3.6

self = <test_s2i_python.TestPythonS2iK8s object at 0x7f26634d1400>
s2i_python_version = '0.14-SNAPSHOT'

    def test_model_rest(self, s2i_python_version):
        tester = S2IK8S()
>       tester.test_model_rest(s2i_python_version)

test_s2i_python.py:116: 
_ _ _ _ _ _ _ _ _ _ _ _ _ _ _ _ _ _ _ _ _ _ _ _ _ _ _ _ _ _ _ _ _ _ _ _ _ _ _ _ 
test_s2i_python.py:139: in test_model_rest
    create_push_s2i_image(s2i_python_version, "model", "rest")
test_s2i_python.py:41: in create_push_s2i_image
    kind_push_s2i_image(component_type, api_type)
test_s2i_python.py:32: in kind_push_s2i_image
    run(cmd, shell=True, check=True)
_ _ _ _ _ _ _ _ _ _ _ _ _ _ _ _ _ _ _ _ _ _ _ _ _ _ _ _ _ _ _ _ _ _ _ _ _ _ _ _ 

input = None, timeout = None, check = True
popenargs = ('kind load docker-image seldonio/testmodel_rest:0.1 --loglevel trace',)
kwargs = {'shell': True}, process = <subprocess.Popen object at 0x7f26634d1e48>
stdout = None, stderr = None, retcode = 1

    def run(*popenargs, input=None, timeout=None, check=False, **kwargs):
        """Run command with arguments and return a CompletedProcess instance.
    
        The returned instance will have attributes args, returncode, stdout and
        stderr. By default, stdout and stderr are not captured, and those attributes
        will be None. Pass stdout=PIPE and/or stderr=PIPE in order to capture them.
    
        If check is True and the exit code was non-zero, it raises a
        CalledProcessError. The CalledProcessError object will have the return code
        in the returncode attribute, and output & stderr attributes if those streams
        were captured.
    
        If timeout is given, and the process takes too long, a TimeoutExpired
        exception will be raised.
    
        There is an optional argument "input", allowing you to
        pass a string to the subprocess's stdin.  If you use this argument
        you may not also use the Popen constructor's "stdin" argument, as
        it will be used internally.
    
        The other arguments are the same as for the Popen constructor.
    
        If universal_newlines=True is passed, the "input" argument must be a
        string and stdout/stderr in the returned object will be strings rather than
        bytes.
        """
        if input is not None:
            if 'stdin' in kwargs:
                raise ValueError('stdin and input arguments may not both be used.')
            kwargs['stdin'] = PIPE
    
        with Popen(*popenargs, **kwargs) as process:
            try:
                stdout, stderr = process.communicate(input, timeout=timeout)
            except TimeoutExpired:
                process.kill()
                stdout, stderr = process.communicate()
                raise TimeoutExpired(process.args, timeout, output=stdout,
                                     stderr=stderr)
            except:
                process.kill()
                process.wait()
                raise
            retcode = process.poll()
            if check and retcode:
                raise CalledProcessError(retcode, process.args,
>                                        output=stdout, stderr=stderr)
E               subprocess.CalledProcessError: Command 'kind load docker-image seldonio/testmodel_rest:0.1 --loglevel trace' returned non-zero exit status 1.

/usr/local/lib/python3.6/subprocess.py:418: CalledProcessError
------------------------------ Captured log call -------------------------------
WARNING  root:seldon_e2e_utils.py:62 Successfully ran command: kubectl create namespace s2i-test-model-rest
WARNING  root:test_s2i_python.py:24 cd ../s2i/python/model && s2i build -E environment_rest . seldonio/seldon-core-s2i-python3:0.14-SNAPSHOT seldonio/testmodel_rest:0.1
WARNING  root:test_s2i_python.py:31 kind load docker-image seldonio/testmodel_rest:0.1 --loglevel trace
________________ TestPythonS2iK8s.test_output_transformer_rest _________________
[gw1] linux -- Python 3.6.0 /usr/local/bin/python3.6

self = <test_s2i_python.TestPythonS2iK8s object at 0x7ff1006b8860>
s2i_python_version = '0.14-SNAPSHOT'

    def test_output_transformer_rest(self, s2i_python_version):
        tester = S2IK8S()
>       tester.test_output_transformer_rest(s2i_python_version)

test_s2i_python.py:124: 
_ _ _ _ _ _ _ _ _ _ _ _ _ _ _ _ _ _ _ _ _ _ _ _ _ _ _ _ _ _ _ _ _ _ _ _ _ _ _ _ 
test_s2i_python.py:181: in test_output_transformer_rest
    create_push_s2i_image(s2i_python_version, "transformer", "rest")
test_s2i_python.py:41: in create_push_s2i_image
    kind_push_s2i_image(component_type, api_type)
test_s2i_python.py:32: in kind_push_s2i_image
    run(cmd, shell=True, check=True)
_ _ _ _ _ _ _ _ _ _ _ _ _ _ _ _ _ _ _ _ _ _ _ _ _ _ _ _ _ _ _ _ _ _ _ _ _ _ _ _ 

input = None, timeout = None, check = True
popenargs = ('kind load docker-image seldonio/testtransformer_rest:0.1 --loglevel trace',)
kwargs = {'shell': True}, process = <subprocess.Popen object at 0x7ff1006b8fd0>
stdout = None, stderr = None, retcode = 1

    def run(*popenargs, input=None, timeout=None, check=False, **kwargs):
        """Run command with arguments and return a CompletedProcess instance.
    
        The returned instance will have attributes args, returncode, stdout and
        stderr. By default, stdout and stderr are not captured, and those attributes
        will be None. Pass stdout=PIPE and/or stderr=PIPE in order to capture them.
    
        If check is True and the exit code was non-zero, it raises a
        CalledProcessError. The CalledProcessError object will have the return code
        in the returncode attribute, and output & stderr attributes if those streams
        were captured.
    
        If timeout is given, and the process takes too long, a TimeoutExpired
        exception will be raised.
    
        There is an optional argument "input", allowing you to
        pass a string to the subprocess's stdin.  If you use this argument
        you may not also use the Popen constructor's "stdin" argument, as
        it will be used internally.
    
        The other arguments are the same as for the Popen constructor.
    
        If universal_newlines=True is passed, the "input" argument must be a
        string and stdout/stderr in the returned object will be strings rather than
        bytes.
        """
        if input is not None:
            if 'stdin' in kwargs:
                raise ValueError('stdin and input arguments may not both be used.')
            kwargs['stdin'] = PIPE
    
        with Popen(*popenargs, **kwargs) as process:
            try:
                stdout, stderr = process.communicate(input, timeout=timeout)
            except TimeoutExpired:
                process.kill()
                stdout, stderr = process.communicate()
                raise TimeoutExpired(process.args, timeout, output=stdout,
                                     stderr=stderr)
            except:
                process.kill()
                process.wait()
                raise
            retcode = process.poll()
            if check and retcode:
                raise CalledProcessError(retcode, process.args,
>                                        output=stdout, stderr=stderr)
E               subprocess.CalledProcessError: Command 'kind load docker-image seldonio/testtransformer_rest:0.1 --loglevel trace' returned non-zero exit status 1.

/usr/local/lib/python3.6/subprocess.py:418: CalledProcessError
------------------------------ Captured log call -------------------------------
WARNING  root:seldon_e2e_utils.py:62 Successfully ran command: kubectl create namespace s2i-test-output-transformer-rest
WARNING  root:test_s2i_python.py:24 cd ../s2i/python/transformer && s2i build -E environment_rest . seldonio/seldon-core-s2i-python3:0.14-SNAPSHOT seldonio/testtransformer_rest:0.1
WARNING  root:test_s2i_python.py:31 kind load docker-image seldonio/testtransformer_rest:0.1 --loglevel trace
______________________ TestPythonS2iK8s.test_router_rest _______________________
[gw2] linux -- Python 3.6.0 /usr/local/bin/python3.6

self = <test_s2i_python.TestPythonS2iK8s object at 0x7f28bdf50ac8>
s2i_python_version = '0.14-SNAPSHOT'

    def test_router_rest(self, s2i_python_version):
        tester = S2IK8S()
>       tester.test_router_rest(s2i_python_version)

test_s2i_python.py:128: 
_ _ _ _ _ _ _ _ _ _ _ _ _ _ _ _ _ _ _ _ _ _ _ _ _ _ _ _ _ _ _ _ _ _ _ _ _ _ _ _ 
test_s2i_python.py:203: in test_router_rest
    create_push_s2i_image(s2i_python_version, "model", "rest")
test_s2i_python.py:41: in create_push_s2i_image
    kind_push_s2i_image(component_type, api_type)
test_s2i_python.py:32: in kind_push_s2i_image
    run(cmd, shell=True, check=True)
_ _ _ _ _ _ _ _ _ _ _ _ _ _ _ _ _ _ _ _ _ _ _ _ _ _ _ _ _ _ _ _ _ _ _ _ _ _ _ _ 

input = None, timeout = None, check = True
popenargs = ('kind load docker-image seldonio/testmodel_rest:0.1 --loglevel trace',)
kwargs = {'shell': True}, process = <subprocess.Popen object at 0x7f28bdf50080>
stdout = None, stderr = None, retcode = 1

    def run(*popenargs, input=None, timeout=None, check=False, **kwargs):
        """Run command with arguments and return a CompletedProcess instance.
    
        The returned instance will have attributes args, returncode, stdout and
        stderr. By default, stdout and stderr are not captured, and those attributes
        will be None. Pass stdout=PIPE and/or stderr=PIPE in order to capture them.
    
        If check is True and the exit code was non-zero, it raises a
        CalledProcessError. The CalledProcessError object will have the return code
        in the returncode attribute, and output & stderr attributes if those streams
        were captured.
    
        If timeout is given, and the process takes too long, a TimeoutExpired
        exception will be raised.
    
        There is an optional argument "input", allowing you to
        pass a string to the subprocess's stdin.  If you use this argument
        you may not also use the Popen constructor's "stdin" argument, as
        it will be used internally.
    
        The other arguments are the same as for the Popen constructor.
    
        If universal_newlines=True is passed, the "input" argument must be a
        string and stdout/stderr in the returned object will be strings rather than
        bytes.
        """
        if input is not None:
            if 'stdin' in kwargs:
                raise ValueError('stdin and input arguments may not both be used.')
            kwargs['stdin'] = PIPE
    
        with Popen(*popenargs, **kwargs) as process:
            try:
                stdout, stderr = process.communicate(input, timeout=timeout)
            except TimeoutExpired:
                process.kill()
                stdout, stderr = process.communicate()
                raise TimeoutExpired(process.args, timeout, output=stdout,
                                     stderr=stderr)
            except:
                process.kill()
                process.wait()
                raise
            retcode = process.poll()
            if check and retcode:
                raise CalledProcessError(retcode, process.args,
>                                        output=stdout, stderr=stderr)
E               subprocess.CalledProcessError: Command 'kind load docker-image seldonio/testmodel_rest:0.1 --loglevel trace' returned non-zero exit status 1.

/usr/local/lib/python3.6/subprocess.py:418: CalledProcessError
------------------------------ Captured log call -------------------------------
WARNING  root:seldon_e2e_utils.py:62 Successfully ran command: kubectl create namespace s2i-test-router-rest
WARNING  root:test_s2i_python.py:24 cd ../s2i/python/model && s2i build -E environment_rest . seldonio/seldon-core-s2i-python3:0.14-SNAPSHOT seldonio/testmodel_rest:0.1
WARNING  root:test_s2i_python.py:31 kind load docker-image seldonio/testmodel_rest:0.1 --loglevel trace
_____________________ TestPythonS2iK8s.test_combiner_rest ______________________
[gw0] linux -- Python 3.6.0 /usr/local/bin/python3.6

self = <test_s2i_python.TestPythonS2iK8s object at 0x7f0a88802198>
s2i_python_version = '0.14-SNAPSHOT'

    def test_combiner_rest(self, s2i_python_version):
        tester = S2IK8S()
>       tester.test_combiner_rest(s2i_python_version)

test_s2i_python.py:132: 
_ _ _ _ _ _ _ _ _ _ _ _ _ _ _ _ _ _ _ _ _ _ _ _ _ _ _ _ _ _ _ _ _ _ _ _ _ _ _ _ 
test_s2i_python.py:226: in test_combiner_rest
    create_push_s2i_image(s2i_python_version, "model", "rest")
test_s2i_python.py:41: in create_push_s2i_image
    kind_push_s2i_image(component_type, api_type)
test_s2i_python.py:32: in kind_push_s2i_image
    run(cmd, shell=True, check=True)
_ _ _ _ _ _ _ _ _ _ _ _ _ _ _ _ _ _ _ _ _ _ _ _ _ _ _ _ _ _ _ _ _ _ _ _ _ _ _ _ 

input = None, timeout = None, check = True
popenargs = ('kind load docker-image seldonio/testmodel_rest:0.1 --loglevel trace',)
kwargs = {'shell': True}, process = <subprocess.Popen object at 0x7f0a88802fd0>
stdout = None, stderr = None, retcode = 1

    def run(*popenargs, input=None, timeout=None, check=False, **kwargs):
        """Run command with arguments and return a CompletedProcess instance.
    
        The returned instance will have attributes args, returncode, stdout and
        stderr. By default, stdout and stderr are not captured, and those attributes
        will be None. Pass stdout=PIPE and/or stderr=PIPE in order to capture them.
    
        If check is True and the exit code was non-zero, it raises a
        CalledProcessError. The CalledProcessError object will have the return code
        in the returncode attribute, and output & stderr attributes if those streams
        were captured.
    
        If timeout is given, and the process takes too long, a TimeoutExpired
        exception will be raised.
    
        There is an optional argument "input", allowing you to
        pass a string to the subprocess's stdin.  If you use this argument
        you may not also use the Popen constructor's "stdin" argument, as
        it will be used internally.
    
        The other arguments are the same as for the Popen constructor.
    
        If universal_newlines=True is passed, the "input" argument must be a
        string and stdout/stderr in the returned object will be strings rather than
        bytes.
        """
        if input is not None:
            if 'stdin' in kwargs:
                raise ValueError('stdin and input arguments may not both be used.')
            kwargs['stdin'] = PIPE
    
        with Popen(*popenargs, **kwargs) as process:
            try:
                stdout, stderr = process.communicate(input, timeout=timeout)
            except TimeoutExpired:
                process.kill()
                stdout, stderr = process.communicate()
                raise TimeoutExpired(process.args, timeout, output=stdout,
                                     stderr=stderr)
            except:
                process.kill()
                process.wait()
                raise
            retcode = process.poll()
            if check and retcode:
                raise CalledProcessError(retcode, process.args,
>                                        output=stdout, stderr=stderr)
E               subprocess.CalledProcessError: Command 'kind load docker-image seldonio/testmodel_rest:0.1 --loglevel trace' returned non-zero exit status 1.

/usr/local/lib/python3.6/subprocess.py:418: CalledProcessError
------------------------------ Captured log call -------------------------------
WARNING  root:seldon_e2e_utils.py:62 Successfully ran command: kubectl create namespace s2i-test-combiner-rest
WARNING  root:test_s2i_python.py:24 cd ../s2i/python/model && s2i build -E environment_rest . seldonio/seldon-core-s2i-python3:0.14-SNAPSHOT seldonio/testmodel_rest:0.1
WARNING  root:test_s2i_python.py:31 kind load docker-image seldonio/testmodel_rest:0.1 --loglevel trace
_________________ TestPythonS2iK8s.test_input_transformer_rest _________________
[gw3] linux -- Python 3.6.0 /usr/local/bin/python3.6

self = <test_s2i_python.TestPythonS2iK8s object at 0x7f26633f53c8>
s2i_python_version = '0.14-SNAPSHOT'

    def test_input_transformer_rest(self, s2i_python_version):
        tester = S2IK8S()
>       tester.test_input_transformer_rest(s2i_python_version)

test_s2i_python.py:120: 
_ _ _ _ _ _ _ _ _ _ _ _ _ _ _ _ _ _ _ _ _ _ _ _ _ _ _ _ _ _ _ _ _ _ _ _ _ _ _ _ 
test_s2i_python.py:159: in test_input_transformer_rest
    create_push_s2i_image(s2i_python_version, "transformer", "rest")
test_s2i_python.py:41: in create_push_s2i_image
    kind_push_s2i_image(component_type, api_type)
test_s2i_python.py:32: in kind_push_s2i_image
    run(cmd, shell=True, check=True)
_ _ _ _ _ _ _ _ _ _ _ _ _ _ _ _ _ _ _ _ _ _ _ _ _ _ _ _ _ _ _ _ _ _ _ _ _ _ _ _ 

input = None, timeout = None, check = True
popenargs = ('kind load docker-image seldonio/testtransformer_rest:0.1 --loglevel trace',)
kwargs = {'shell': True}, process = <subprocess.Popen object at 0x7f26633f5518>
stdout = None, stderr = None, retcode = 1

    def run(*popenargs, input=None, timeout=None, check=False, **kwargs):
        """Run command with arguments and return a CompletedProcess instance.
    
        The returned instance will have attributes args, returncode, stdout and
        stderr. By default, stdout and stderr are not captured, and those attributes
        will be None. Pass stdout=PIPE and/or stderr=PIPE in order to capture them.
    
        If check is True and the exit code was non-zero, it raises a
        CalledProcessError. The CalledProcessError object will have the return code
        in the returncode attribute, and output & stderr attributes if those streams
        were captured.
    
        If timeout is given, and the process takes too long, a TimeoutExpired
        exception will be raised.
    
        There is an optional argument "input", allowing you to
        pass a string to the subprocess's stdin.  If you use this argument
        you may not also use the Popen constructor's "stdin" argument, as
        it will be used internally.
    
        The other arguments are the same as for the Popen constructor.
    
        If universal_newlines=True is passed, the "input" argument must be a
        string and stdout/stderr in the returned object will be strings rather than
        bytes.
        """
        if input is not None:
            if 'stdin' in kwargs:
                raise ValueError('stdin and input arguments may not both be used.')
            kwargs['stdin'] = PIPE
    
        with Popen(*popenargs, **kwargs) as process:
            try:
                stdout, stderr = process.communicate(input, timeout=timeout)
            except TimeoutExpired:
                process.kill()
                stdout, stderr = process.communicate()
                raise TimeoutExpired(process.args, timeout, output=stdout,
                                     stderr=stderr)
            except:
                process.kill()
                process.wait()
                raise
            retcode = process.poll()
            if check and retcode:
                raise CalledProcessError(retcode, process.args,
>                                        output=stdout, stderr=stderr)
E               subprocess.CalledProcessError: Command 'kind load docker-image seldonio/testtransformer_rest:0.1 --loglevel trace' returned non-zero exit status 1.

/usr/local/lib/python3.6/subprocess.py:418: CalledProcessError
------------------------------ Captured log call -------------------------------
WARNING  root:seldon_e2e_utils.py:62 Successfully ran command: kubectl create namespace s2i-test-input-transformer-rest
WARNING  root:test_s2i_python.py:24 cd ../s2i/python/transformer && s2i build -E environment_rest . seldonio/seldon-core-s2i-python3:0.14-SNAPSHOT seldonio/testtransformer_rest:0.1
WARNING  root:test_s2i_python.py:31 kind load docker-image seldonio/testtransformer_rest:0.1 --loglevel trace
================== 5 failed, 26 passed in 1199.43s (0:19:59) ===================
Makefile:66: recipe for target 'test' failed
make: *** [test] Error 1
kind delete cluster
Error: unknown cluster "kind"
Makefile:9: recipe for target 'kind_delete_cluster' failed
make: *** [kind_delete_cluster] Error 1
Stopping Docker: dockerProgram process in pidfile '/var/run/docker-ssd.pid', 1 process(es), refused to die.
[31m
Pipeline failed on stage 'end-to-end' : container 'step-test-end-to-end'. The execution of the pipeline has stopped.[0m
